#
# A fatal error has been detected by the Java Runtime Environment:
#
#  EXCEPTION_ACCESS_VIOLATION (0xc0000005) at pc=0x000002d20ecfd018, pid=85256, tid=100792
#
# JRE version: Java(TM) SE Runtime Environment (17.0.7+8) (build 17.0.7+8-LTS-224)
# Java VM: Java HotSpot(TM) 64-Bit Server VM (17.0.7+8-LTS-224, mixed mode, sharing, tiered, compressed oops, compressed class ptrs, g1 gc, windows-amd64)
# Problematic frame:
# j  jakarta.servlet.http.HttpServletRequestWrapper._getHttpServletRequest()Ljakarta/servlet/http/HttpServletRequest;+1
#
# No core dump will be written. Minidumps are not enabled by default on client versions of Windows
#
# If you would like to submit a bug report, please visit:
#   https://bugreport.java.com/bugreport/crash.jsp
#

---------------  S U M M A R Y ------------

Command Line: -Dfile.encoding=UTF-8 -XX:+ShowCodeDetailsInExceptionMessages -agentpath:C:\Program Files\SentinelOne\Sentinel Agent 22.3.4.612\SentinelJava64.dll com.project.springboot.myfirstwebapp.MyfirstwebappApplication

Host: 12th Gen Intel(R) Core(TM) i7-1255U, 12 cores, 31G,  Windows 10 , 64 bit Build 19041 (10.0.19041.2913)
Time: Tue Jun  6 23:34:12 2023 India Standard Time elapsed time: 9.469178 seconds (0d 0h 0m 9s)

---------------  T H R E A D  ---------------

Current thread (0x000002d2285aa9d0):  JavaThread "http-nio-8080-exec-1" daemon [_thread_in_Java, id=100792, stack(0x000000fef3c00000,0x000000fef3d00000)]

Stack: [0x000000fef3c00000,0x000000fef3d00000],  sp=0x000000fef3cfbf68,  free space=1007k
Native frames: (J=compiled Java code, j=interpreted, Vv=VM code, C=native code)
C  0x000002d20ecfd018


siginfo: EXCEPTION_ACCESS_VIOLATION (0xc0000005), reading address 0x00000002fae20af0


Register to memory mapping:

RIP=0x000002d20ecfd018 is at code_begin+248 in an Interpreter codelet
checkcast  192 checkcast  [0x000002d20ecfcf20, 0x000002d20ecfd160]  576 bytes
RAX=0x0000000800eb8740 is a pointer to class: 
jakarta.servlet.http.HttpServletRequest {0x0000000800eb8748}
 - instance size:     2
 - klass size:        63
 - access:            public interface abstract 
 - state:             fully_initialized
 - name:              'jakarta/servlet/http/HttpServletRequest'
 - super:             'java/lang/Object'
 - sub:               
 - nof implementors:  2
 - arrays:            NULL
 - methods:           Array<T>(0x000002d22ca6fc48)
 - method ordering:   Array<T>(0x00000008008f4220)
 - default_methods:   Array<T>(0x0000000000000000)
 - local interfaces:  Array<T>(0x000002d22ca71920)
 - trans. interfaces: Array<T>(0x000002d22ca71920)
 - constants:         constant pool [249] {0x000002d22ca74508} for 'jakarta/servlet/http/HttpServletRequest' cache=0x000002d22e78ddb0
 - class loader data:  loader data: 0x000002d27efec090 for instance a 'jdk/internal/loader/ClassLoaders$AppClassLoader'{0x0000000604c27458}
 - source file:       'HttpServletRequest.java'
 - class annotations:       Array<T>(0x0000000000000000)
 - class type annotations:  Array<T>(0x0000000000000000)
 - field annotations:       Array<T>(0x0000000000000000)
 - field type annotations:  Array<T>(0x0000000000000000)
 - inner classes:     Array<T>(0x000002d22ca72cb0)
 - nest members:     Array<T>(0x000002d22ca72cc8)
 - permitted subclasses:     Array<T>(0x00000008005cfed8)
 - java mirror:       a 'java/lang/Class'{0x0000000605890608} = 'jakarta/servlet/http/HttpServletRequest'
 - vtable length      5  (start addr: 0x0000000800eb8908)
 - itable length      0 (start addr: 0x0000000800eb8930)
 - ---- static fields (2 words):
 - public static final 'BASIC_AUTH' 'Ljava/lang/String;' @112 
 - public static final 'FORM_AUTH' 'Ljava/lang/String;' @116 
 - public static final 'CLIENT_CERT_AUTH' 'Ljava/lang/String;' @120 
 - public static final 'DIGEST_AUTH' 'Ljava/lang/String;' @124 
 - ---- non-static fields (0 words):
 - non-static oop maps: 
RBX=0x0 is NULL
RCX=0x000002d22e837f80 is pointing into metadata
RDX=0x00000002fae20ae8 is an unknown value
RSP=0x000000fef3cfbf68 is pointing into the stack for thread: 0x000002d2285aa9d0
RBP=0x000000fef3cfbfb0 is pointing into the stack for thread: 0x000002d2285aa9d0
RSI=0x000000fef3cfc3e0 is pointing into the stack for thread: 0x000002d2285aa9d0
RDI=0x000000fef3cfc3e8 is pointing into the stack for thread: 0x000002d2285aa9d0
R8 =0x000000fef3cfc3f0 is pointing into the stack for thread: 0x000002d2285aa9d0
R9 =0x0000000000000001 is an unknown value
R10=0x00007ff9c257c370 jvm.dll
R11=0x000000fef3cfc208 is pointing into the stack for thread: 0x000002d2285aa9d0
R12=0x0 is NULL
R13=0x000002d22e8387f4 is pointing into metadata
R14=0x000000fef3cfbfc0 is pointing into the stack for thread: 0x000002d2285aa9d0
R15=0x000002d2285aa9d0 is a thread


Registers:
RAX=0x0000000800eb8740, RBX=0x0000000000000000, RCX=0x000002d22e837f80, RDX=0x00000002fae20ae8
RSP=0x000000fef3cfbf68, RBP=0x000000fef3cfbfb0, RSI=0x000000fef3cfc3e0, RDI=0x000000fef3cfc3e8
R8 =0x000000fef3cfc3f0, R9 =0x0000000000000001, R10=0x00007ff9c257c370, R11=0x000000fef3cfc208
R12=0x0000000000000000, R13=0x000002d22e8387f4, R14=0x000000fef3cfbfc0, R15=0x000002d2285aa9d0
RIP=0x000002d20ecfd018, EFLAGS=0x0000000000010246

Top of Stack: (sp=0x000000fef3cfbf68)
0x000000fef3cfbf68:   000000fef3cfbf68 000002d22e8387f1
0x000000fef3cfbf78:   000000fef3cfbfc0 000002d22e83a668
0x000000fef3cfbf88:   0000000000000000 0000000607966b80
0x000000fef3cfbf98:   000002d22e838810 0000000000000000
0x000000fef3cfbfa8:   000000fef3cfbfc0 000000fef3cfc010
0x000000fef3cfbfb8:   000002d20ece9657 00007ff9c1fabf14
0x000000fef3cfbfc8:   000000fef3cfbfc8 000002d22e8389e9
0x000000fef3cfbfd8:   000000fef3cfc028 000002d22e83a668
0x000000fef3cfbfe8:   0000000000000000 0000000607966b80
0x000000fef3cfbff8:   000002d22e838a18 000000fef3cfbfc0
0x000000fef3cfc008:   000000fef3cfc020 000000fef3cfc200
0x000000fef3cfc018:   000002d20ece1010 00000006078390d0
0x000000fef3cfc028:   00007ff9c1fabf14 000002d2285aa9d0
0x000000fef3cfc038:   0000000000000000 000002d228fc2bb0
0x000000fef3cfc048:   00007ff9c21424bc 000000fef3cfc501
0x000000fef3cfc058:   00007ff9c2142400 000002d2285aa9d0 

Instructions: (pc=0x000002d20ecfd018)
0x000002d20ecfcf18:   00 00 00 00 00 00 00 00 58 48 85 c0 0f 84 fc 01
0x000002d20ecfcf28:   00 00 48 8b 4d e8 48 8b 49 08 48 8b 49 08 48 8b
0x000002d20ecfcf38:   51 08 41 0f b7 5d 01 0f cb c1 eb 10 80 7c 1a 04
0x000002d20ecfcf48:   07 0f 84 b8 00 00 00 50 e8 05 00 00 00 e9 98 00
0x000002d20ecfcf58:   00 00 48 8d 44 24 08 4c 89 6d c0 49 8b cf c5 f8
0x000002d20ecfcf68:   77 49 89 af 98 02 00 00 49 89 87 88 02 00 00 48
0x000002d20ecfcf78:   83 ec 20 f7 c4 0f 00 00 00 0f 84 1a 00 00 00 48
0x000002d20ecfcf88:   83 ec 08 49 ba 70 01 dd c1 f9 7f 00 00 41 ff d2
0x000002d20ecfcf98:   48 83 c4 08 e9 0d 00 00 00 49 ba 70 01 dd c1 f9
0x000002d20ecfcfa8:   7f 00 00 41 ff d2 48 83 c4 20 49 c7 87 88 02 00
0x000002d20ecfcfb8:   00 00 00 00 00 49 c7 87 98 02 00 00 00 00 00 00
0x000002d20ecfcfc8:   49 c7 87 90 02 00 00 00 00 00 00 c5 f8 77 49 81
0x000002d20ecfcfd8:   7f 08 00 00 00 00 0f 84 05 00 00 00 e9 17 3f fe
0x000002d20ecfcfe8:   ff 4c 8b 6d c0 4c 8b 75 c8 c3 49 8b 87 e8 02 00
0x000002d20ecfcff8:   00 49 c7 87 e8 02 00 00 00 00 00 00 5a eb 11 48
0x000002d20ecfd008:   8b d0 66 8b 5c d9 48 48 8b 49 28 48 8b 44 d9 08
0x000002d20ecfd018:   8b 5a 08 49 ba 00 00 00 00 08 00 00 00 49 03 da
0x000002d20ecfd028:   48 8b 4d d8 48 85 c9 0f 84 8a 00 00 00 48 8b 79
0x000002d20ecfd038:   18 48 3b fb 0f 85 0f 00 00 00 48 83 41 20 01 48
0x000002d20ecfd048:   83 59 20 00 e9 66 00 00 00 48 85 ff 0f 84 37 00
0x000002d20ecfd058:   00 00 48 8b 79 28 48 3b fb 0f 85 0f 00 00 00 48
0x000002d20ecfd068:   83 41 30 01 48 83 59 30 00 e9 41 00 00 00 48 85
0x000002d20ecfd078:   ff 0f 85 38 00 00 00 48 89 59 28 bf 01 00 00 00
0x000002d20ecfd088:   48 89 79 30 e9 26 00 00 00 48 3b 59 28 0f 85 0f
0x000002d20ecfd098:   00 00 00 48 83 41 30 01 48 83 59 30 00 e9 0d 00
0x000002d20ecfd0a8:   00 00 48 89 59 18 bf 01 00 00 00 48 89 79 20 48
0x000002d20ecfd0b8:   83 c1 38 48 89 4d d8 48 3b d8 0f 84 56 00 00 00
0x000002d20ecfd0c8:   8b 48 14 48 3b 04 0b 0f 84 49 00 00 00 83 f9 20
0x000002d20ecfd0d8:   0f 85 1d 00 00 00 57 48 8b 7b 28 8b 0f 48 83 c7
0x000002d20ecfd0e8:   08 48 85 c0 f2 48 af 5f 75 09 48 89 43 20 e9 23
0x000002d20ecfd0f8:   00 00 00 48 8b 4d d8 48 85 c9 0f 84 10 00 00 00
0x000002d20ecfd108:   48 83 41 d0 ff 0f 88 05 00 00 00 48 83 41 d0 01 


Stack slot to memory mapping:
stack at sp + 0 slots: 0x000000fef3cfbf68 is pointing into the stack for thread: 0x000002d2285aa9d0
stack at sp + 1 slots: 0x000002d22e8387f1 is pointing into metadata
stack at sp + 2 slots: 0x000000fef3cfbfc0 is pointing into the stack for thread: 0x000002d2285aa9d0
stack at sp + 3 slots: 0x000002d22e83a668 is pointing into metadata
stack at sp + 4 slots: 0x0 is NULL
stack at sp + 5 slots: 0x0000000607966b80 is an oop: java.lang.Class 
{0x0000000607966b80} - klass: 'java/lang/Class'
 - ---- fields (total size 14 words):
 - private volatile transient 'classRedefinedCount' 'I' @12  0
 - private volatile transient 'cachedConstructor' 'Ljava/lang/reflect/Constructor;' @40  NULL (0)
 - private transient 'name' 'Ljava/lang/String;' @44  "jakarta.servlet.http.HttpServletRequestWrapper"{0x0000000607967c40} (c0f2cf88)
 - private transient 'module' 'Ljava/lang/Module;' @48  a 'java/lang/Module'{0x0000000604c4d7a8} (c0989af5)
 - private final 'classLoader' 'Ljava/lang/ClassLoader;' @52  a 'jdk/internal/loader/ClassLoaders$AppClassLoader'{0x0000000604c27458} (c0984e8b)
 - private transient 'classData' 'Ljava/lang/Object;' @56  NULL (0)
 - private transient 'packageName' 'Ljava/lang/String;' @60  "jakarta.servlet.http"{0x00000006054dc918} (c0a9b923)
 - private final 'componentType' 'Ljava/lang/Class;' @64  NULL (0)
 - private volatile transient 'reflectionData' 'Ljava/lang/ref/SoftReference;' @68  NULL (0)
 - private volatile transient 'genericInfo' 'Lsun/reflect/generics/repository/ClassRepository;' @72  NULL (0)
 - private volatile transient 'enumConstants' '[Ljava/lang/Object;' @76  NULL (0)
 - private volatile transient 'enumConstantDirectory' 'Ljava/util/Map;' @80  NULL (0)
 - private volatile transient 'annotationData' 'Ljava/lang/Class$AnnotationData;' @84  NULL (0)
 - private volatile transient 'annotationType' 'Lsun/reflect/annotation/AnnotationType;' @88  NULL (0)
 - transient 'classValueMap' 'Ljava/lang/ClassValue$ClassValueMap;' @92  NULL (0)
 - signature: Ljakarta/servlet/http/HttpServletRequestWrapper;
 - fake entry for mirror: 'jakarta/servlet/http/HttpServletRequestWrapper'
 - fake entry for array: NULL
 - fake entry for oop_size: 14
 - fake entry for static_oop_field_count: 0
stack at sp + 6 slots: {method} {0x000002d22e838818} '_getHttpServletRequest' '()Ljakarta/servlet/http/HttpServletRequest;' in 'jakarta/servlet/http/HttpServletRequestWrapper'
stack at sp + 7 slots: 0x0 is NULL

checkcast  192 checkcast  [0x000002d20ecfcf20, 0x000002d20ecfd160]  576 bytes
[MachCode]
  0x000002d20ecfcf20: 5848 85c0 | 0f84 fc01 | 0000 488b | 4de8 488b | 4908 488b | 4908 488b | 5108 410f | b75d 010f 
  0x000002d20ecfcf40: cbc1 eb10 | 807c 1a04 | 070f 84b8 | 0000 0050 | e805 0000 | 00e9 9800 | 0000 488d | 4424 084c 
  0x000002d20ecfcf60: 896d c049 | 8bcf c5f8 | 7749 89af | 9802 0000 | 4989 8788 | 0200 0048 | 83ec 20f7 | c40f 0000 
  0x000002d20ecfcf80: 000f 841a | 0000 0048 | 83ec 0849 | ba70 01dd | c1f9 7f00 | 0041 ffd2 | 4883 c408 | e90d 0000 
  0x000002d20ecfcfa0: 0049 ba70 | 01dd c1f9 | 7f00 0041 | ffd2 4883 | c420 49c7 | 8788 0200 | 0000 0000 | 0049 c787 
  0x000002d20ecfcfc0: 9802 0000 | 0000 0000 | 49c7 8790 | 0200 0000 | 0000 00c5 | f877 4981 | 7f08 0000 | 0000 0f84 
  0x000002d20ecfcfe0: 0500 0000 | e917 3ffe | ff4c 8b6d | c04c 8b75 | c8c3 498b | 87e8 0200 | 0049 c787 | e802 0000 
  0x000002d20ecfd000: 0000 0000 | 5aeb 1148 | 8bd0 668b | 5cd9 4848 | 8b49 2848 | 8b44 d908 | 8b5a 0849 | ba00 0000 
  0x000002d20ecfd020: 0008 0000 | 0049 03da | 488b 4dd8 | 4885 c90f | 848a 0000 | 0048 8b79 | 1848 3bfb | 0f85 0f00 
  0x000002d20ecfd040: 0000 4883 | 4120 0148 | 8359 2000 | e966 0000 | 0048 85ff | 0f84 3700 | 0000 488b | 7928 483b 
  0x000002d20ecfd060: fb0f 850f | 0000 0048 | 8341 3001 | 4883 5930 | 00e9 4100 | 0000 4885 | ff0f 8538 | 0000 0048 
  0x000002d20ecfd080: 8959 28bf | 0100 0000 | 4889 7930 | e926 0000 | 0048 3b59 | 280f 850f | 0000 0048 | 8341 3001 
  0x000002d20ecfd0a0: 4883 5930 | 00e9 0d00 | 0000 4889 | 5918 bf01 | 0000 0048 | 8979 2048 | 83c1 3848 | 894d d848 
  0x000002d20ecfd0c0: 3bd8 0f84 | 5600 0000 | 8b48 1448 | 3b04 0b0f | 8449 0000 | 0083 f920 | 0f85 1d00 | 0000 5748 
  0x000002d20ecfd0e0: 8b7b 288b | 0f48 83c7 | 0848 85c0 | f248 af5f | 7509 4889 | 4320 e923 | 0000 0048 | 8b4d d848 
  0x000002d20ecfd100: 85c9 0f84 | 1000 0000 | 4883 41d0 | ff0f 8805 | 0000 0048 | 8341 d001 | 52e9 bdf1 | feff 488b 
  0x000002d20ecfd120: c2e9 1900 | 0000 488b | 4dd8 4885 | c90f 840c | 0000 0080 | 4901 0148 | 83c1 3848 | 894d d841 
  0x000002d20ecfd140: 0fb6 5d03 | 4983 c503 | 49ba 70c3 | 57c2 f97f | 0000 41ff | 24da 6690 | 0000 0000 | 0000 0000 
[/MachCode]

---------------  P R O C E S S  ---------------

Threads class SMR info:
_java_thread_list=0x000002d22b0a4480, length=30, elements={
0x000002d27e3db160, 0x000002d27e3dc970, 0x000002d27ef22370, 0x000002d27ef26860,
0x000002d27ef26f00, 0x000002d27ef273d0, 0x000002d27ef352e0, 0x000002d27ef3fc10,
0x000002d27ef44130, 0x000002d27f0a1d70, 0x000002d27f0b4d50, 0x000002d2285aaea0,
0x000002d2285a9690, 0x000002d2285a7e80, 0x000002d2285a8820, 0x000002d2285aa500,
0x000002d2285aa9d0, 0x000002d229c500b0, 0x000002d229c50a50, 0x000002d229c4bd50,
0x000002d229c50580, 0x000002d229c4c220, 0x000002d229c50f20, 0x000002d229c4c6f0,
0x000002d229c513f0, 0x000002d229c4fbe0, 0x000002d229c518c0, 0x000002d229c4aee0,
0x000002d229c4f240, 0x000002d22ae9cfd0
}

Java Threads: ( => current thread )
  0x000002d27e3db160 JavaThread "Reference Handler" daemon [_thread_blocked, id=76220, stack(0x000000fef1d00000,0x000000fef1e00000)]
  0x000002d27e3dc970 JavaThread "Finalizer" daemon [_thread_blocked, id=91868, stack(0x000000fef1e00000,0x000000fef1f00000)]
  0x000002d27ef22370 JavaThread "Signal Dispatcher" daemon [_thread_blocked, id=83516, stack(0x000000fef1f00000,0x000000fef2000000)]
  0x000002d27ef26860 JavaThread "Attach Listener" daemon [_thread_blocked, id=101400, stack(0x000000fef2000000,0x000000fef2100000)]
  0x000002d27ef26f00 JavaThread "Service Thread" daemon [_thread_blocked, id=93672, stack(0x000000fef2100000,0x000000fef2200000)]
  0x000002d27ef273d0 JavaThread "Monitor Deflation Thread" daemon [_thread_blocked, id=94032, stack(0x000000fef2200000,0x000000fef2300000)]
  0x000002d27ef352e0 JavaThread "C2 CompilerThread0" daemon [_thread_in_native, id=96708, stack(0x000000fef2300000,0x000000fef2400000)]
  0x000002d27ef3fc10 JavaThread "C1 CompilerThread0" daemon [_thread_blocked, id=91640, stack(0x000000fef2400000,0x000000fef2500000)]
  0x000002d27ef44130 JavaThread "Sweeper thread" daemon [_thread_blocked, id=97312, stack(0x000000fef2500000,0x000000fef2600000)]
  0x000002d27f0a1d70 JavaThread "Notification Thread" daemon [_thread_blocked, id=91376, stack(0x000000fef2600000,0x000000fef2700000)]
  0x000002d27f0b4d50 JavaThread "Common-Cleaner" daemon [_thread_blocked, id=94924, stack(0x000000fef2800000,0x000000fef2900000)]
  0x000002d2285aaea0 JavaThread "Catalina-utility-1" [_thread_blocked, id=98032, stack(0x000000fef3800000,0x000000fef3900000)]
  0x000002d2285a9690 JavaThread "Catalina-utility-2" [_thread_blocked, id=92988, stack(0x000000fef3900000,0x000000fef3a00000)]
  0x000002d2285a7e80 JavaThread "container-0" [_thread_blocked, id=97852, stack(0x000000fef3a00000,0x000000fef3b00000)]
  0x000002d2285a8820 JavaThread "File Watcher" daemon [_thread_blocked, id=99412, stack(0x000000fef3b00000,0x000000fef3c00000)]
  0x000002d2285aa500 JavaThread "Live Reload Server" daemon [_thread_in_native, id=100328, stack(0x000000fef3d00000,0x000000fef3e00000)]
=>0x000002d2285aa9d0 JavaThread "http-nio-8080-exec-1" daemon [_thread_in_Java, id=100792, stack(0x000000fef3c00000,0x000000fef3d00000)]
  0x000002d229c500b0 JavaThread "http-nio-8080-exec-2" daemon [_thread_blocked, id=70464, stack(0x000000fef3e00000,0x000000fef3f00000)]
  0x000002d229c50a50 JavaThread "http-nio-8080-exec-3" daemon [_thread_blocked, id=98556, stack(0x000000fef3f00000,0x000000fef4000000)]
  0x000002d229c4bd50 JavaThread "http-nio-8080-exec-4" daemon [_thread_blocked, id=51664, stack(0x000000fef4000000,0x000000fef4100000)]
  0x000002d229c50580 JavaThread "http-nio-8080-exec-5" daemon [_thread_blocked, id=97360, stack(0x000000fef4100000,0x000000fef4200000)]
  0x000002d229c4c220 JavaThread "http-nio-8080-exec-6" daemon [_thread_blocked, id=88940, stack(0x000000fef4200000,0x000000fef4300000)]
  0x000002d229c50f20 JavaThread "http-nio-8080-exec-7" daemon [_thread_blocked, id=96816, stack(0x000000fef4300000,0x000000fef4400000)]
  0x000002d229c4c6f0 JavaThread "http-nio-8080-exec-8" daemon [_thread_blocked, id=92432, stack(0x000000fef4400000,0x000000fef4500000)]
  0x000002d229c513f0 JavaThread "http-nio-8080-exec-9" daemon [_thread_blocked, id=96080, stack(0x000000fef4500000,0x000000fef4600000)]
  0x000002d229c4fbe0 JavaThread "http-nio-8080-exec-10" daemon [_thread_blocked, id=85968, stack(0x000000fef4600000,0x000000fef4700000)]
  0x000002d229c518c0 JavaThread "http-nio-8080-Poller" daemon [_thread_in_native, id=101232, stack(0x000000fef4700000,0x000000fef4800000)]
  0x000002d229c4aee0 JavaThread "http-nio-8080-Acceptor" daemon [_thread_in_native, id=91240, stack(0x000000fef4800000,0x000000fef4900000)]
  0x000002d229c4f240 JavaThread "DestroyJavaVM" [_thread_blocked, id=7840, stack(0x000000fef1600000,0x000000fef1700000)]
  0x000002d22ae9cfd0 JavaThread "C2 CompilerThread1" daemon [_thread_blocked, id=98476, stack(0x000000fef2900000,0x000000fef2a00000)]

Other Threads:
  0x000002d27e3d7580 VMThread "VM Thread" [stack: 0x000000fef1c00000,0x000000fef1d00000] [id=98532]
  0x000002d27e248a80 WatcherThread [stack: 0x000000fef2700000,0x000000fef2800000] [id=93500]
  0x000002d2789d8810 GCTaskThread "GC Thread#0" [stack: 0x000000fef1700000,0x000000fef1800000] [id=96116]
  0x000002d2286568c0 GCTaskThread "GC Thread#1" [stack: 0x000000fef2d00000,0x000000fef2e00000] [id=100820]
  0x000002d228654de0 GCTaskThread "GC Thread#2" [stack: 0x000000fef2e00000,0x000000fef2f00000] [id=20572]
  0x000002d2286558a0 GCTaskThread "GC Thread#3" [stack: 0x000000fef2f00000,0x000000fef3000000] [id=98388]
  0x000002d228655b50 GCTaskThread "GC Thread#4" [stack: 0x000000fef3000000,0x000000fef3100000] [id=99432]
  0x000002d228655e00 GCTaskThread "GC Thread#5" [stack: 0x000000fef3100000,0x000000fef3200000] [id=92388]
  0x000002d228656360 GCTaskThread "GC Thread#6" [stack: 0x000000fef3200000,0x000000fef3300000] [id=25624]
  0x000002d228655340 GCTaskThread "GC Thread#7" [stack: 0x000000fef3300000,0x000000fef3400000] [id=96952]
  0x000002d228655090 GCTaskThread "GC Thread#8" [stack: 0x000000fef3400000,0x000000fef3500000] [id=99204]
  0x000002d228656610 GCTaskThread "GC Thread#9" [stack: 0x000000fef3500000,0x000000fef3600000] [id=99824]
  0x000002d2789ee050 ConcurrentGCThread "G1 Main Marker" [stack: 0x000000fef1800000,0x000000fef1900000] [id=88428]
  0x000002d2789ee870 ConcurrentGCThread "G1 Conc#0" [stack: 0x000000fef1900000,0x000000fef1a00000] [id=100020]
  0x000002d2298c5080 ConcurrentGCThread "G1 Conc#1" [stack: 0x000000fef3600000,0x000000fef3700000] [id=101804]
  0x000002d2298c35a0 ConcurrentGCThread "G1 Conc#2" [stack: 0x000000fef3700000,0x000000fef3800000] [id=102140]
  0x000002d27e304dd0 ConcurrentGCThread "G1 Refine#0" [stack: 0x000000fef1a00000,0x000000fef1b00000] [id=95684]
  0x000002d27e3074e0 ConcurrentGCThread "G1 Service" [stack: 0x000000fef1b00000,0x000000fef1c00000] [id=95468]

Threads with active compile tasks:
C2 CompilerThread0     9644 4763       4       org.eclipse.jdt.internal.compiler.lookup.BinaryTypeBinding::createMethod (1719 bytes)

VM state: not at safepoint (normal execution)

VM Mutex/Monitor currently owned by a thread: None

Heap address: 0x0000000604c00000, size: 8116 MB, Compressed Oops mode: Zero based, Oop shift amount: 3

CDS archive(s) mapped at: [0x0000000800000000-0x0000000800bd0000-0x0000000800bd0000), size 12386304, SharedBaseAddress: 0x0000000800000000, ArchiveRelocationMode: 0.
Compressed class space mapped at: 0x0000000800c00000-0x0000000840c00000, reserved size: 1073741824
Narrow klass base: 0x0000000800000000, Narrow klass shift: 0, Narrow klass range: 0x100000000

GC Precious Log:
 CPUs: 12 total, 12 available
 Memory: 32452M
 Large Page Support: Disabled
 NUMA Support: Disabled
 Compressed Oops: Enabled (Zero based)
 Heap Region Size: 4M
 Heap Min Capacity: 8M
 Heap Initial Capacity: 508M
 Heap Max Capacity: 8116M
 Pre-touch: Disabled
 Parallel Workers: 10
 Concurrent Workers: 3
 Concurrent Refinement Workers: 10
 Periodic GC: Disabled

Heap:
 garbage-first heap   total 69632K, used 42463K [0x0000000604c00000, 0x0000000800000000)
  region size 4096K, 8 young (32768K), 1 survivors (4096K)
 Metaspace       used 41207K, committed 41792K, reserved 1089536K
  class space    used 4752K, committed 5056K, reserved 1048576K

Heap Regions: E=young(eden), S=young(survivor), O=old, HS=humongous(starts), HC=humongous(continues), CS=collection set, F=free, OA=open archive, CA=closed archive, TAMS=top-at-mark-start (previous, next)
|   0|0x0000000604c00000, 0x0000000605000000, 0x0000000605000000|100%| O|  |TAMS 0x0000000605000000, 0x0000000604c00000| Untracked 
|   1|0x0000000605000000, 0x0000000605000000, 0x0000000605400000|  0%| F|  |TAMS 0x0000000605000000, 0x0000000605000000| Untracked 
|   2|0x0000000605400000, 0x0000000605800000, 0x0000000605800000|100%| O|  |TAMS 0x0000000605800000, 0x0000000605400000| Untracked 
|   3|0x0000000605800000, 0x0000000605c00000, 0x0000000605c00000|100%| O|  |TAMS 0x0000000605c00000, 0x0000000605800000| Untracked 
|   4|0x0000000605c00000, 0x0000000605e1ce00, 0x0000000606000000| 52%| O|  |TAMS 0x0000000605d93800, 0x0000000605c00000| Untracked 
|   5|0x0000000606000000, 0x0000000606000000, 0x0000000606400000|  0%| F|  |TAMS 0x0000000606000000, 0x0000000606000000| Untracked 
|   6|0x0000000606400000, 0x0000000606400000, 0x0000000606800000|  0%| F|  |TAMS 0x0000000606400000, 0x0000000606400000| Untracked 
|   7|0x0000000606800000, 0x0000000606800000, 0x0000000606c00000|  0%| F|  |TAMS 0x0000000606800000, 0x0000000606800000| Untracked 
|   8|0x0000000606c00000, 0x0000000606c00000, 0x0000000607000000|  0%| F|  |TAMS 0x0000000606c00000, 0x0000000606c00000| Untracked 
|   9|0x0000000607000000, 0x0000000607318a88, 0x0000000607400000| 77%| E|  |TAMS 0x0000000607000000, 0x0000000607000000| Complete 
|  10|0x0000000607400000, 0x0000000607800000, 0x0000000607800000|100%| E|CS|TAMS 0x0000000607400000, 0x0000000607400000| Complete 
|  11|0x0000000607800000, 0x0000000607b5b0d0, 0x0000000607c00000| 83%| S|CS|TAMS 0x0000000607800000, 0x0000000607800000| Complete 
|  12|0x0000000607c00000, 0x0000000608000000, 0x0000000608000000|100%| E|CS|TAMS 0x0000000607c00000, 0x0000000607c00000| Complete 
|  13|0x0000000608000000, 0x0000000608400000, 0x0000000608400000|100%| E|CS|TAMS 0x0000000608000000, 0x0000000608000000| Complete 
| 117|0x0000000622000000, 0x0000000622400000, 0x0000000622400000|100%| E|CS|TAMS 0x0000000622000000, 0x0000000622000000| Complete 
| 118|0x0000000622400000, 0x0000000622800000, 0x0000000622800000|100%| E|CS|TAMS 0x0000000622400000, 0x0000000622400000| Complete 
| 126|0x0000000624400000, 0x0000000624800000, 0x0000000624800000|100%| E|CS|TAMS 0x0000000624400000, 0x0000000624400000| Complete 

Card table byte_map: [0x000002d27c1b0000,0x000002d27d190000] _byte_map_base: 0x000002d27918a000

Marking Bits (Prev, Next): (CMBitMap*) 0x000002d2789dae10, (CMBitMap*) 0x000002d2789dae50
 Prev Bits: [0x000002d2167b0000, 0x000002d21e680000)
 Next Bits: [0x000002d21e680000, 0x000002d226550000)

Polling page: 0x000002d278620000

Metaspace:

Usage:
  Non-class:     35.60 MB used.
      Class:      4.64 MB used.
       Both:     40.24 MB used.

Virtual space:
  Non-class space:       40.00 MB reserved,      35.88 MB ( 90%) committed,  5 nodes.
      Class space:        1.00 GB reserved,       4.94 MB ( <1%) committed,  1 nodes.
             Both:        1.04 GB reserved,      40.81 MB (  4%) committed. 

Chunk freelists:
   Non-Class:  3.28 MB
       Class:  3.11 MB
        Both:  6.39 MB

MaxMetaspaceSize: unlimited
CompressedClassSpaceSize: 1.00 GB
Initial GC threshold: 21.00 MB
Current GC threshold: 59.06 MB
CDS: on
MetaspaceReclaimPolicy: balanced
 - commit_granule_bytes: 65536.
 - commit_granule_words: 8192.
 - virtual_space_node_default_size: 1048576.
 - enlarge_chunks_in_place: 1.
 - new_chunks_are_fully_committed: 0.
 - uncommit_free_chunks: 1.
 - use_allocation_guard: 0.
 - handle_deallocations: 1.


Internal statistics:

num_allocs_failed_limit: 6.
num_arena_births: 702.
num_arena_deaths: 0.
num_vsnodes_births: 6.
num_vsnodes_deaths: 0.
num_space_committed: 653.
num_space_uncommitted: 0.
num_chunks_returned_to_freelist: 6.
num_chunks_taken_from_freelist: 2110.
num_chunk_merges: 3.
num_chunk_splits: 1479.
num_chunks_enlarged: 1084.
num_purges: 0.
num_inconsistent_stats: 0.

CodeHeap 'non-profiled nmethods': size=120000Kb used=2552Kb max_used=2959Kb free=117447Kb
 bounds [0x000002d20f280000, 0x000002d20f570000, 0x000002d2167b0000]
CodeHeap 'profiled nmethods': size=120000Kb used=9004Kb max_used=9517Kb free=110995Kb
 bounds [0x000002d2077b0000, 0x000002d208140000, 0x000002d20ece0000]
CodeHeap 'non-nmethods': size=5760Kb used=1276Kb max_used=1302Kb free=4483Kb
 bounds [0x000002d20ece0000, 0x000002d20ef50000, 0x000002d20f280000]
 total_blobs=4689 nmethods=4098 adapters=503
 compilation: enabled
              stopped_count=0, restarted_count=0
 full_count=0

Compilation events (20 events):
Event: 9.407 Thread 0x000002d27ef3fc10 4832       3       sun.nio.fs.WindowsDirectoryStream$WindowsDirectoryIterator::next (5 bytes)
Event: 9.407 Thread 0x000002d27ef3fc10 nmethod 4832 0x000002d207989110 code [0x000002d2079892a0, 0x000002d2079893e8]
Event: 9.407 Thread 0x000002d27ef3fc10 4833  s    3       sun.nio.fs.WindowsDirectoryStream$WindowsDirectoryIterator::next (48 bytes)
Event: 9.408 Thread 0x000002d27ef3fc10 nmethod 4833 0x000002d207df7190 code [0x000002d207df7360, 0x000002d207df7738]
Event: 9.408 Thread 0x000002d27ef3fc10 4835       1       java.util.concurrent.atomic.AtomicLong::get (5 bytes)
Event: 9.408 Thread 0x000002d27ef3fc10 nmethod 4835 0x000002d20f440210 code [0x000002d20f4403a0, 0x000002d20f440478]
Event: 9.451 Thread 0x000002d27ef3fc10 4837       1       org.apache.catalina.webresources.StandardRoot::isCachingAllowed (5 bytes)
Event: 9.451 Thread 0x000002d27ef3fc10 nmethod 4837 0x000002d20f43ff10 code [0x000002d20f4400a0, 0x000002d20f440178]
Event: 9.452 Thread 0x000002d22ae9cfd0 nmethod 4827 0x000002d20f3d8190 code [0x000002d20f3d8340, 0x000002d20f3d9138]
Event: 9.453 Thread 0x000002d22ae9cfd0 4836   !   4       java.net.URL::<init> (543 bytes)
Event: 9.456 Thread 0x000002d27ef3fc10 4838       3       java.util.StringJoiner::add (110 bytes)
Event: 9.458 Thread 0x000002d27ef3fc10 nmethod 4838 0x000002d20784e410 code [0x000002d20784e660, 0x000002d20784f158]
Event: 9.458 Thread 0x000002d27ef3fc10 4839       3       java.lang.reflect.Method::getGenericReturnType (20 bytes)
Event: 9.459 Thread 0x000002d27ef3fc10 nmethod 4839 0x000002d2080bb990 code [0x000002d2080bbc40, 0x000002d2080bcdb8]
Event: 9.459 Thread 0x000002d27ef3fc10 4840       3       java.beans.FeatureDescriptor::getClass0 (22 bytes)
Event: 9.459 Thread 0x000002d27ef3fc10 nmethod 4840 0x000002d20792f890 code [0x000002d20792fa40, 0x000002d20792fd88]
Event: 9.460 Thread 0x000002d27ef3fc10 4841       1       jakarta.el.ELContext::isPropertyResolved (5 bytes)
Event: 9.460 Thread 0x000002d27ef3fc10 nmethod 4841 0x000002d20f43fa10 code [0x000002d20f43fba0, 0x000002d20f43fc78]
Event: 9.460 Thread 0x000002d27ef3fc10 4842       1       jakarta.el.ELContext::setPropertyResolved (6 bytes)
Event: 9.460 Thread 0x000002d27ef3fc10 nmethod 4842 0x000002d20f3d7e90 code [0x000002d20f3d8020, 0x000002d20f3d80f8]

GC Heap History (16 events):
Event: 0.998 GC heap before
{Heap before GC invocations=0 (full 0):
 garbage-first heap   total 520192K, used 24576K [0x0000000604c00000, 0x0000000800000000)
  region size 4096K, 6 young (24576K), 0 survivors (0K)
 Metaspace       used 5424K, committed 5568K, reserved 1056768K
  class space    used 630K, committed 704K, reserved 1048576K
}
Event: 1.002 GC heap after
{Heap after GC invocations=1 (full 0):
 garbage-first heap   total 520192K, used 4239K [0x0000000604c00000, 0x0000000800000000)
  region size 4096K, 1 young (4096K), 1 survivors (4096K)
 Metaspace       used 5424K, committed 5568K, reserved 1056768K
  class space    used 630K, committed 704K, reserved 1048576K
}
Event: 1.526 GC heap before
{Heap before GC invocations=1 (full 0):
 garbage-first heap   total 520192K, used 20623K [0x0000000604c00000, 0x0000000800000000)
  region size 4096K, 6 young (24576K), 1 survivors (4096K)
 Metaspace       used 9368K, committed 9600K, reserved 1064960K
  class space    used 1168K, committed 1280K, reserved 1048576K
}
Event: 1.529 GC heap after
{Heap after GC invocations=2 (full 0):
 garbage-first heap   total 520192K, used 5948K [0x0000000604c00000, 0x0000000800000000)
  region size 4096K, 1 young (4096K), 1 survivors (4096K)
 Metaspace       used 9368K, committed 9600K, reserved 1064960K
  class space    used 1168K, committed 1280K, reserved 1048576K
}
Event: 2.507 GC heap before
{Heap before GC invocations=2 (full 0):
 garbage-first heap   total 520192K, used 46908K [0x0000000604c00000, 0x0000000800000000)
  region size 4096K, 12 young (49152K), 1 survivors (4096K)
 Metaspace       used 16554K, committed 16768K, reserved 1064960K
  class space    used 2063K, committed 2176K, reserved 1048576K
}
Event: 2.510 GC heap after
{Heap after GC invocations=3 (full 0):
 garbage-first heap   total 520192K, used 8637K [0x0000000604c00000, 0x0000000800000000)
  region size 4096K, 2 young (8192K), 2 survivors (8192K)
 Metaspace       used 16554K, committed 16768K, reserved 1064960K
  class space    used 2063K, committed 2176K, reserved 1048576K
}
Event: 3.477 GC heap before
{Heap before GC invocations=3 (full 0):
 garbage-first heap   total 520192K, used 37309K [0x0000000604c00000, 0x0000000800000000)
  region size 4096K, 10 young (40960K), 2 survivors (8192K)
 Metaspace       used 21181K, committed 21504K, reserved 1073152K
  class space    used 2696K, committed 2880K, reserved 1048576K
}
Event: 3.481 GC heap after
{Heap after GC invocations=4 (full 0):
 garbage-first heap   total 520192K, used 11166K [0x0000000604c00000, 0x0000000800000000)
  region size 4096K, 2 young (8192K), 2 survivors (8192K)
 Metaspace       used 21181K, committed 21504K, reserved 1073152K
  class space    used 2696K, committed 2880K, reserved 1048576K
}
Event: 4.520 GC heap before
{Heap before GC invocations=5 (full 0):
 garbage-first heap   total 69632K, used 43934K [0x0000000604c00000, 0x0000000800000000)
  region size 4096K, 10 young (40960K), 2 survivors (8192K)
 Metaspace       used 27488K, committed 27904K, reserved 1073152K
  class space    used 3374K, committed 3584K, reserved 1048576K
}
Event: 4.527 GC heap after
{Heap after GC invocations=6 (full 0):
 garbage-first heap   total 69632K, used 14210K [0x0000000604c00000, 0x0000000800000000)
  region size 4096K, 2 young (8192K), 2 survivors (8192K)
 Metaspace       used 27488K, committed 27904K, reserved 1073152K
  class space    used 3374K, committed 3584K, reserved 1048576K
}
Event: 4.710 GC heap before
{Heap before GC invocations=6 (full 0):
 garbage-first heap   total 69632K, used 18306K [0x0000000604c00000, 0x0000000800000000)
  region size 4096K, 3 young (12288K), 2 survivors (8192K)
 Metaspace       used 27977K, committed 28416K, reserved 1081344K
  class space    used 3438K, committed 3648K, reserved 1048576K
}
Event: 4.715 GC heap after
{Heap after GC invocations=7 (full 0):
 garbage-first heap   total 69632K, used 14981K [0x0000000604c00000, 0x0000000800000000)
  region size 4096K, 1 young (4096K), 1 survivors (4096K)
 Metaspace       used 27977K, committed 28416K, reserved 1081344K
  class space    used 3438K, committed 3648K, reserved 1048576K
}
Event: 8.095 GC heap before
{Heap before GC invocations=7 (full 0):
 garbage-first heap   total 69632K, used 43653K [0x0000000604c00000, 0x0000000800000000)
  region size 4096K, 8 young (32768K), 1 survivors (4096K)
 Metaspace       used 32425K, committed 32896K, reserved 1081344K
  class space    used 4005K, committed 4224K, reserved 1048576K
}
Event: 8.099 GC heap after
{Heap after GC invocations=8 (full 0):
 garbage-first heap   total 69632K, used 16466K [0x0000000604c00000, 0x0000000800000000)
  region size 4096K, 1 young (4096K), 1 survivors (4096K)
 Metaspace       used 32425K, committed 32896K, reserved 1081344K
  class space    used 4005K, committed 4224K, reserved 1048576K
}
Event: 8.541 GC heap before
{Heap before GC invocations=8 (full 0):
 garbage-first heap   total 69632K, used 28754K [0x0000000604c00000, 0x0000000800000000)
  region size 4096K, 6 young (24576K), 1 survivors (4096K)
 Metaspace       used 35653K, committed 36096K, reserved 1081344K
  class space    used 4271K, committed 4480K, reserved 1048576K
}
Event: 8.544 GC heap after
{Heap after GC invocations=9 (full 0):
 garbage-first heap   total 69632K, used 17887K [0x0000000604c00000, 0x0000000800000000)
  region size 4096K, 1 young (4096K), 1 survivors (4096K)
 Metaspace       used 35653K, committed 36096K, reserved 1081344K
  class space    used 4271K, committed 4480K, reserved 1048576K
}

Deoptimization events (20 events):
Event: 9.003 Thread 0x000002d2285aa9d0 DEOPT PACKING pc=0x000002d20f41fab4 sp=0x000000fef3cfbc70
Event: 9.003 Thread 0x000002d2285aa9d0 DEOPT UNPACKING pc=0x000002d20ed323a3 sp=0x000000fef3cfbbb8 mode 2
Event: 9.085 Thread 0x000002d2285aa9d0 Uncommon trap: trap_request=0xffffff6e fr.pc=0x000002d20f49cebc relative=0x000000000000049c
Event: 9.085 Thread 0x000002d2285aa9d0 Uncommon trap: reason=loop_limit_check action=maybe_recompile pc=0x000002d20f49cebc method=org.eclipse.jdt.internal.compiler.classfmt.ClassFileStruct.utf8At(II)[C @ 143 c2
Event: 9.085 Thread 0x000002d2285aa9d0 DEOPT PACKING pc=0x000002d20f49cebc sp=0x000000fef3cfbc00
Event: 9.085 Thread 0x000002d2285aa9d0 DEOPT UNPACKING pc=0x000002d20ed323a3 sp=0x000000fef3cfbb98 mode 2
Event: 9.111 Thread 0x000002d2285aa9d0 Uncommon trap: trap_request=0xffffff45 fr.pc=0x000002d20f47ba4c relative=0x000000000000032c
Event: 9.111 Thread 0x000002d2285aa9d0 Uncommon trap: reason=unstable_if action=reinterpret pc=0x000002d20f47ba4c method=java.util.HashMap.getNode(Ljava/lang/Object;)Ljava/util/HashMap$Node; @ 66 c2
Event: 9.111 Thread 0x000002d2285aa9d0 DEOPT PACKING pc=0x000002d20f47ba4c sp=0x000000fef3cfb680
Event: 9.111 Thread 0x000002d2285aa9d0 DEOPT UNPACKING pc=0x000002d20ed323a3 sp=0x000000fef3cfb5c0 mode 2
Event: 9.111 Thread 0x000002d2285aa9d0 Uncommon trap: trap_request=0xffffff45 fr.pc=0x000002d20f3a16e0 relative=0x0000000000000340
Event: 9.111 Thread 0x000002d2285aa9d0 Uncommon trap: reason=unstable_if action=reinterpret pc=0x000002d20f3a16e0 method=java.util.HashMap.getNode(Ljava/lang/Object;)Ljava/util/HashMap$Node; @ 66 c2
Event: 9.111 Thread 0x000002d2285aa9d0 DEOPT PACKING pc=0x000002d20f3a16e0 sp=0x000000fef3cfb650
Event: 9.112 Thread 0x000002d2285aa9d0 DEOPT UNPACKING pc=0x000002d20ed323a3 sp=0x000000fef3cfb5f0 mode 2
Event: 9.269 Thread 0x000002d2285aa9d0 Uncommon trap: trap_request=0xffffff45 fr.pc=0x000002d20f502a8c relative=0x000000000000074c
Event: 9.269 Thread 0x000002d2285aa9d0 Uncommon trap: reason=unstable_if action=reinterpret pc=0x000002d20f502a8c method=java.util.HashMap$HashIterator.<init>(Ljava/util/HashMap;)V @ 45 c2
Event: 9.269 Thread 0x000002d2285aa9d0 DEOPT PACKING pc=0x000002d20f502a8c sp=0x000000fef3cfc0b0
Event: 9.269 Thread 0x000002d2285aa9d0 DEOPT UNPACKING pc=0x000002d20ed323a3 sp=0x000000fef3cfbf60 mode 2
Event: 9.402 Thread 0x000002d2285aa9d0 DEOPT PACKING pc=0x000002d207dfc692 sp=0x000000fef3cfb360
Event: 9.402 Thread 0x000002d2285aa9d0 DEOPT UNPACKING pc=0x000002d20ed32b43 sp=0x000000fef3cfa7e8 mode 0

Classes unloaded (0 events):
No events

Classes redefined (0 events):
No events

Internal exceptions (20 events):
Event: 7.931 Thread 0x000002d2285aa9d0 Exception <a 'java/lang/NoSuchMethodError'{0x00000006077b0278}: 'java.lang.Object java.lang.invoke.DirectMethodHandle$Holder.invokeSpecial(java.lang.Object, java.lang.Object, java.lang.Object, java.lang.Object, java.lang.Object, long)'> (0x00000006077b0278) 
thrown [s\open\src\hotspot\share\interpreter\linkResolver.cpp, line 759]
Event: 7.931 Thread 0x000002d2285aa9d0 Exception <a 'java/lang/NoSuchMethodError'{0x00000006077b3cb8}: 'java.lang.Object java.lang.invoke.Invokers$Holder.linkToTargetMethod(java.lang.Object, java.lang.Object, java.lang.Object, long, java.lang.Object)'> (0x00000006077b3cb8) 
thrown [s\open\src\hotspot\share\interpreter\linkResolver.cpp, line 759]
Event: 7.979 Thread 0x000002d2285aa9d0 Exception <a 'java/lang/NoSuchMethodError'{0x00000006070e5200}: getSession> (0x00000006070e5200) 
thrown [s\open\src\hotspot\share\prims\jni.cpp, line 1073]
Event: 8.241 Thread 0x000002d2285aa9d0 Implicit null exception at 0x000002d20f2e8cd7 to 0x000002d20f2e92c4
Event: 8.241 Thread 0x000002d2285aa9d0 Implicit null exception at 0x000002d20f2a42d7 to 0x000002d20f2a4898
Event: 8.370 Thread 0x000002d2285aa9d0 Exception <a 'java/lang/ClassNotFoundException'{0x00000006221f7380}: org/apache/taglibs/standard/tag/rt/core/ForEachTagBeanInfo> (0x00000006221f7380) 
thrown [s\open\src\hotspot\share\classfile\systemDictionary.cpp, line 256]
Event: 8.372 Thread 0x000002d2285aa9d0 Exception <a 'java/lang/ClassNotFoundException'{0x00000006221fec58}: org/apache/taglibs/standard/tag/common/core/ForEachSupportBeanInfo> (0x00000006221fec58) 
thrown [s\open\src\hotspot\share\classfile\systemDictionary.cpp, line 256]
Event: 8.373 Thread 0x000002d2285aa9d0 Exception <a 'java/lang/ClassNotFoundException'{0x0000000622206590}: jakarta/servlet/jsp/jstl/core/LoopTagSupportBeanInfo> (0x0000000622206590) 
thrown [s\open\src\hotspot\share\classfile\systemDictionary.cpp, line 256]
Event: 8.374 Thread 0x000002d2285aa9d0 Exception <a 'java/lang/ClassNotFoundException'{0x000000062220e060}: jakarta/servlet/jsp/tagext/TagSupportBeanInfo> (0x000000062220e060) 
thrown [s\open\src\hotspot\share\classfile\systemDictionary.cpp, line 256]
Event: 8.375 Thread 0x000002d2285aa9d0 Exception <a 'java/lang/ClassNotFoundException'{0x0000000622212c80}: java/lang/ObjectBeanInfo> (0x0000000622212c80) 
thrown [s\open\src\hotspot\share\classfile\systemDictionary.cpp, line 256]
Event: 8.376 Thread 0x000002d2285aa9d0 Exception <a 'java/lang/ClassNotFoundException'{0x0000000622217fd0}: java/lang/ObjectCustomizer> (0x0000000622217fd0) 
thrown [s\open\src\hotspot\share\classfile\systemDictionary.cpp, line 256]
Event: 8.378 Thread 0x000002d2285aa9d0 Exception <a 'java/lang/IncompatibleClassChangeError'{0x000000062221bdc8}: Found class java.lang.Object, but interface was expected> (0x000000062221bdc8) 
thrown [s\open\src\hotspot\share\interpreter\linkResolver.cpp, line 826]
Event: 8.380 Thread 0x000002d2285aa9d0 Exception <a 'java/lang/ClassNotFoundException'{0x00000006222285d8}: jakarta/servlet/jsp/tagext/TagSupportCustomizer> (0x00000006222285d8) 
thrown [s\open\src\hotspot\share\classfile\systemDictionary.cpp, line 256]
Event: 8.383 Thread 0x000002d2285aa9d0 Exception <a 'java/lang/ClassNotFoundException'{0x000000062223c028}: jakarta/servlet/jsp/jstl/core/LoopTagSupportCustomizer> (0x000000062223c028) 
thrown [s\open\src\hotspot\share\classfile\systemDictionary.cpp, line 256]
Event: 8.388 Thread 0x000002d2285aa9d0 Exception <a 'java/lang/ClassNotFoundException'{0x000000062225cd60}: org/apache/taglibs/standard/tag/common/core/ForEachSupportCustomizer> (0x000000062225cd60) 
thrown [s\open\src\hotspot\share\classfile\systemDictionary.cpp, line 256]
Event: 8.390 Thread 0x000002d2285aa9d0 Exception <a 'java/lang/ClassNotFoundException'{0x000000062226bec8}: org/apache/taglibs/standard/tag/rt/core/ForEachTagCustomizer> (0x000000062226bec8) 
thrown [s\open\src\hotspot\share\classfile\systemDictionary.cpp, line 256]
Event: 9.294 Thread 0x000002d2285aa9d0 Exception <a 'java/lang/NoSuchMethodError'{0x0000000607087fb0}: 'int java.lang.invoke.DirectMethodHandle$Holder.invokeStatic(java.lang.Object, int, java.lang.Object)'> (0x0000000607087fb0) 
thrown [s\open\src\hotspot\share\interpreter\linkResolver.cpp, line 759]
Event: 9.358 Thread 0x000002d2285aa9d0 Exception <a 'java/lang/NullPointerException'{0x0000000607152b98}> (0x0000000607152b98) 
thrown [s\open\src\hotspot\share\interpreter\linkResolver.cpp, line 1350]
Event: 9.453 Thread 0x000002d2285aa9d0 Exception <a 'java/lang/ClassNotFoundException'{0x00000006072ddbf8}: com/project/springboot/myfirstwebapp/todo/TodoBeanInfo> (0x00000006072ddbf8) 
thrown [s\open\src\hotspot\share\classfile\systemDictionary.cpp, line 256]
Event: 9.456 Thread 0x000002d2285aa9d0 Exception <a 'java/lang/ClassNotFoundException'{0x00000006072e6090}: com/project/springboot/myfirstwebapp/todo/TodoCustomizer> (0x00000006072e6090) 
thrown [s\open\src\hotspot\share\classfile\systemDictionary.cpp, line 256]

VM Operations (20 events):
Event: 8.557 Executing VM operation: G1Concurrent
Event: 8.560 Executing VM operation: G1Concurrent done
Event: 8.565 Executing VM operation: G1Concurrent
Event: 8.566 Executing VM operation: G1Concurrent done
Event: 9.028 Executing VM operation: HandshakeAllThreads
Event: 9.028 Executing VM operation: HandshakeAllThreads done
Event: 9.351 Executing VM operation: ChangeBreakpoints
Event: 9.352 Executing VM operation: ChangeBreakpoints done
Event: 9.352 Executing VM operation: ChangeBreakpoints
Event: 9.352 Executing VM operation: ChangeBreakpoints done
Event: 9.358 Executing VM operation: get/set locals
Event: 9.358 Executing VM operation: get/set locals done
Event: 9.358 Executing VM operation: get/set locals
Event: 9.358 Executing VM operation: get/set locals done
Event: 9.463 Executing VM operation: HandshakeAllThreads
Event: 9.463 Executing VM operation: HandshakeAllThreads done
Event: 9.463 Executing VM operation: get/set locals
Event: 9.463 Executing VM operation: get/set locals done
Event: 9.463 Executing VM operation: get/set locals
Event: 9.464 Executing VM operation: get/set locals done

Events (20 events):
Event: 9.012 loading class java/text/MessageFormat$Field done
Event: 9.039 loading class java/util/stream/ReferencePipeline$4
Event: 9.040 loading class java/util/stream/ReferencePipeline$4 done
Event: 9.040 loading class java/util/stream/Nodes$IntFixedNodeBuilder
Event: 9.040 loading class java/util/stream/Node$Builder$OfInt
Event: 9.040 loading class java/util/stream/Node$Builder$OfInt done
Event: 9.040 loading class java/util/stream/Nodes$IntArrayNode
Event: 9.040 loading class java/util/stream/Nodes$IntArrayNode done
Event: 9.040 loading class java/util/stream/Nodes$IntFixedNodeBuilder done
Event: 9.041 loading class java/util/stream/ReferencePipeline$4$1
Event: 9.041 loading class java/util/stream/ReferencePipeline$4$1 done
Event: 9.318 loading class java/util/Hashtable$ValueCollection
Event: 9.318 loading class java/util/Hashtable$ValueCollection done
Event: 9.328 Thread 0x000002d22ae9cfd0 Thread added: 0x000002d22ae9cfd0
Event: 9.369 loading class java/io/WriteAbortedException
Event: 9.369 loading class java/io/WriteAbortedException done
Event: 9.370 loading class sun/security/provider/SecureRandom
Event: 9.370 loading class sun/security/provider/SecureRandom done
Event: 9.370 loading class sun/security/provider/SecureRandom$SeederHolder
Event: 9.370 loading class sun/security/provider/SecureRandom$SeederHolder done


Dynamic libraries:
0x00007ff60f370000 - 0x00007ff60f380000 	C:\Program Files\Java\jdk-17\bin\javaw.exe
0x000002d2786f0000 - 0x000002d2788e8000 	C:\Windows\SYSTEM32\ntd1l.dll
0x000002d278540000 - 0x000002d2785ff000 	C:\Windows\System32\kern3l32.dll
0x00007ffa894b0000 - 0x00007ffa896a8000 	C:\Windows\SYSTEM32\ntdll.dll
0x00007ffa88c00000 - 0x00007ffa88cbf000 	C:\Windows\System32\KERNEL32.DLL
0x00007ffa86f70000 - 0x00007ffa87266000 	C:\Windows\System32\KERNELBASE.dll
0x00007ffa866d0000 - 0x00007ffa86937000 	C:\Program Files\SentinelOne\Sentinel Agent 22.3.4.612\InProcessClient64.dll
0x00007ffa88290000 - 0x00007ffa8833f000 	C:\Windows\System32\ADVAPI32.dll
0x00007ffa88b60000 - 0x00007ffa88bfe000 	C:\Windows\System32\msvcrt.dll
0x00007ffa88ab0000 - 0x00007ffa88b4c000 	C:\Windows\System32\sechost.dll
0x00007ffa87ea0000 - 0x00007ffa87fc6000 	C:\Windows\System32\RPCRT4.dll
0x00007ffa872f0000 - 0x00007ffa873f0000 	C:\Windows\System32\ucrtbase.dll
0x00007ffa6dad0000 - 0x00007ffa6daeb000 	C:\Program Files\Java\jdk-17\bin\VCRUNTIME140.dll
0x00007ffa6d020000 - 0x00007ffa6d039000 	C:\Program Files\Java\jdk-17\bin\jli.dll
0x00007ffa880f0000 - 0x00007ffa8828d000 	C:\Windows\System32\USER32.dll
0x00007ffa86e00000 - 0x00007ffa86e22000 	C:\Windows\System32\win32u.dll
0x00007ffa87510000 - 0x00007ffa8753c000 	C:\Windows\System32\GDI32.dll
0x00007ffa73a40000 - 0x00007ffa73cda000 	C:\Windows\WinSxS\amd64_microsoft.windows.common-controls_6595b64144ccf1df_6.0.19041.1110_none_60b5254171f9507e\COMCTL32.dll
0x00007ffa873f0000 - 0x00007ffa87505000 	C:\Windows\System32\gdi32full.dll
0x00007ffa86d60000 - 0x00007ffa86dfd000 	C:\Windows\System32\msvcp_win.dll
0x00007ffa866c0000 - 0x00007ffa866ca000 	C:\Windows\SYSTEM32\VERSION.dll
0x00007ffa880b0000 - 0x00007ffa880e0000 	C:\Windows\System32\IMM32.DLL
0x00007ffa852b0000 - 0x00007ffa85432000 	C:\Program Files\Avecto\Privilege Guard Client\PGHook.dll
0x00007ffa83d30000 - 0x00007ffa83d3c000 	C:\Program Files\Java\jdk-17\bin\vcruntime140_1.dll
0x00007ffa43b90000 - 0x00007ffa43c1e000 	C:\Program Files\Java\jdk-17\bin\msvcp140.dll
0x00007ff9c1a50000 - 0x00007ff9c262d000 	C:\Program Files\Java\jdk-17\bin\server\jvm.dll
0x00007ffa88040000 - 0x00007ffa88048000 	C:\Windows\System32\PSAPI.DLL
0x00007ffa6db60000 - 0x00007ffa6db69000 	C:\Windows\SYSTEM32\WSOCK32.dll
0x00007ffa87fd0000 - 0x00007ffa8803b000 	C:\Windows\System32\WS2_32.dll
0x00007ffa77120000 - 0x00007ffa77147000 	C:\Windows\SYSTEM32\WINMM.dll
0x00007ffa84e20000 - 0x00007ffa84e32000 	C:\Windows\SYSTEM32\kernel.appcore.dll
0x00007ffa83ce0000 - 0x00007ffa83cea000 	C:\Program Files\Java\jdk-17\bin\jimage.dll
0x00007ffa83aa0000 - 0x00007ffa83c84000 	C:\Windows\SYSTEM32\DBGHELP.DLL
0x00007ffa65200000 - 0x00007ffa65234000 	C:\Windows\SYSTEM32\dbgcore.DLL
0x00007ffa86e30000 - 0x00007ffa86eb2000 	C:\Windows\System32\bcryptPrimitives.dll
0x00007ffa6d140000 - 0x00007ffa6d1c0000 	C:\Program Files\SentinelOne\Sentinel Agent 22.3.4.612\SentinelJava64.dll
0x00007ffa87540000 - 0x00007ffa8766a000 	C:\Windows\System32\ole32.dll
0x00007ffa87910000 - 0x00007ffa87c64000 	C:\Windows\System32\combase.dll
0x00007ffa6ce10000 - 0x00007ffa6ce35000 	C:\Program Files\Java\jdk-17\bin\java.dll
0x00007ffa30af0000 - 0x00007ffa30bc7000 	C:\Program Files\Java\jdk-17\bin\jsvml.dll
0x00007ffa88340000 - 0x00007ffa88a84000 	C:\Windows\System32\SHELL32.dll
0x00007ffa84680000 - 0x00007ffa84e13000 	C:\Windows\SYSTEM32\windows.storage.dll
0x00007ffa86370000 - 0x00007ffa8639e000 	C:\Windows\SYSTEM32\Wldp.dll
0x000002d27fc00000 - 0x000002d27fcad000 	C:\Windows\System32\SHCORE.dll
0x00007ffa88df0000 - 0x00007ffa88e45000 	C:\Windows\System32\shlwapi.dll
0x00007ffa86ad0000 - 0x00007ffa86aef000 	C:\Windows\SYSTEM32\profapi.dll
0x00007ffa522d0000 - 0x00007ffa522e9000 	C:\Program Files\Java\jdk-17\bin\net.dll
0x00007ffa85900000 - 0x00007ffa85a0a000 	C:\Windows\SYSTEM32\WINHTTP.dll
0x00007ffa860d0000 - 0x00007ffa8613a000 	C:\Windows\system32\mswsock.dll
0x00007ffa51ea0000 - 0x00007ffa51eb6000 	C:\Program Files\Java\jdk-17\bin\nio.dll
0x00007ffa51ba0000 - 0x00007ffa51bb8000 	C:\Program Files\Java\jdk-17\bin\zip.dll
0x00007ffa81c50000 - 0x00007ffa81c5a000 	C:\Program Files\Java\jdk-17\bin\management.dll
0x00007ffa81bb0000 - 0x00007ffa81bbb000 	C:\Program Files\Java\jdk-17\bin\management_ext.dll
0x00007ffa862c0000 - 0x00007ffa862d8000 	C:\Windows\SYSTEM32\CRYPTSP.dll
0x00007ffa85870000 - 0x00007ffa858a4000 	C:\Windows\system32\rsaenh.dll
0x00007ffa872c0000 - 0x00007ffa872e7000 	C:\Windows\System32\bcrypt.dll
0x00007ffa86a90000 - 0x00007ffa86abe000 	C:\Windows\SYSTEM32\USERENV.dll
0x00007ffa862e0000 - 0x00007ffa862ec000 	C:\Windows\SYSTEM32\CRYPTBASE.dll
0x00007ffa85d70000 - 0x00007ffa85dac000 	C:\Windows\SYSTEM32\IPHLPAPI.DLL
0x00007ffa88b50000 - 0x00007ffa88b58000 	C:\Windows\System32\NSI.dll
0x00007ffa7ced0000 - 0x00007ffa7cee7000 	C:\Windows\SYSTEM32\dhcpcsvc6.DLL
0x00007ffa7cc00000 - 0x00007ffa7cc1d000 	C:\Windows\SYSTEM32\dhcpcsvc.DLL
0x00007ffa85dc0000 - 0x00007ffa85e8b000 	C:\Windows\SYSTEM32\DNSAPI.dll
0x00007ffa6d710000 - 0x00007ffa6d71d000 	C:\Program Files\Java\jdk-17\bin\sunmscapi.dll
0x00007ffa86c00000 - 0x00007ffa86d5e000 	C:\Windows\System32\CRYPT32.dll
0x00007ffa863e0000 - 0x00007ffa86408000 	C:\Windows\SYSTEM32\ncrypt.dll
0x00007ffa863a0000 - 0x00007ffa863db000 	C:\Windows\SYSTEM32\NTASN1.dll
0x00007ffa4d6b0000 - 0x00007ffa4d6b7000 	C:\Windows\system32\wshunix.dll

dbghelp: loaded successfully - version: 4.0.5 - missing functions: none
symbol engine: initialized successfully - sym options: 0x614 - pdb path: .;C:\Program Files\Java\jdk-17\bin;C:\Windows\SYSTEM32;C:\Program Files\SentinelOne\Sentinel Agent 22.3.4.612;C:\Windows\WinSxS\amd64_microsoft.windows.common-controls_6595b64144ccf1df_6.0.19041.1110_none_60b5254171f9507e;C:\Program Files\Avecto\Privilege Guard Client;C:\Program Files\Java\jdk-17\bin\server

VM Arguments:
jvm_args: -Dfile.encoding=UTF-8 -XX:+ShowCodeDetailsInExceptionMessages -agentpath:C:\Program Files\SentinelOne\Sentinel Agent 22.3.4.612\SentinelJava64.dll 
java_command: com.project.springboot.myfirstwebapp.MyfirstwebappApplication
java_class_path (initial): C:\Users\aditya.kumar\OneDrive - Hansen Technologies Limited\Desktop\Studies\SprintBoot\myfirstwebapp\target\classes;C:\Users\aditya.kumar\.m2\repository\org\springframework\boot\spring-boot-starter-web\3.1.0\spring-boot-starter-web-3.1.0.jar;C:\Users\aditya.kumar\.m2\repository\org\springframework\boot\spring-boot-starter\3.1.0\spring-boot-starter-3.1.0.jar;C:\Users\aditya.kumar\.m2\repository\org\springframework\boot\spring-boot-starter-logging\3.1.0\spring-boot-starter-logging-3.1.0.jar;C:\Users\aditya.kumar\.m2\repository\ch\qos\logback\logback-classic\1.4.7\logback-classic-1.4.7.jar;C:\Users\aditya.kumar\.m2\repository\ch\qos\logback\logback-core\1.4.7\logback-core-1.4.7.jar;C:\Users\aditya.kumar\.m2\repository\org\apache\logging\log4j\log4j-to-slf4j\2.20.0\log4j-to-slf4j-2.20.0.jar;C:\Users\aditya.kumar\.m2\repository\org\apache\logging\log4j\log4j-api\2.20.0\log4j-api-2.20.0.jar;C:\Users\aditya.kumar\.m2\repository\org\slf4j\jul-to-slf4j\2.0.7\jul-to-slf4j-2.0.7.jar;C:\Users\aditya.kumar\.m2\repository\jakarta\annotation\jakarta.annotation-api\2.1.1\jakarta.annotation-api-2.1.1.jar;C:\Users\aditya.kumar\.m2\repository\org\yaml\snakeyaml\1.33\snakeyaml-1.33.jar;C:\Users\aditya.kumar\.m2\repository\org\springframework\boot\spring-boot-starter-json\3.1.0\spring-boot-starter-json-3.1.0.jar;C:\Users\aditya.kumar\.m2\repository\com\fasterxml\jackson\core\jackson-databind\2.15.0\jackson-databind-2.15.0.jar;C:\Users\aditya.kumar\.m2\repository\com\fasterxml\jackson\core\jackson-annotations\2.15.0\jackson-annotations-2.15.0.jar;C:\Users\aditya.kumar\.m2\repository\com\fasterxml\jackson\core\jackson-core\2.15.0\jackson-core-2.15.0.jar;C:\Users\aditya.kumar\.m2\repository\com\fasterxml\jackson\datatype\jackson-datatype-jdk8\2.15.0\jackson-datatype-jdk8-2.15.0.jar;C:\Users\aditya.kumar\.m2\repository\com\fasterxml\jackson\datatype\jackson-datatype-jsr310\2.15.0\jackson-datatype-jsr310-2.15.0.jar;C:\Users\aditya.kumar\.m2\repository\com\faster
Launcher Type: SUN_STANDARD

[Global flags]
     intx CICompilerCount                          = 4                                         {product} {ergonomic}
     uint ConcGCThreads                            = 3                                         {product} {ergonomic}
     uint G1ConcRefinementThreads                  = 10                                        {product} {ergonomic}
   size_t G1HeapRegionSize                         = 4194304                                   {product} {ergonomic}
    uintx GCDrainStackTargetSize                   = 64                                        {product} {ergonomic}
   size_t InitialHeapSize                          = 532676608                                 {product} {ergonomic}
   size_t MarkStackSize                            = 4194304                                   {product} {ergonomic}
   size_t MaxHeapSize                              = 8510242816                                {product} {ergonomic}
   size_t MaxNewSize                               = 5104467968                                {product} {ergonomic}
   size_t MinHeapDeltaBytes                        = 4194304                                   {product} {ergonomic}
   size_t MinHeapSize                              = 8388608                                   {product} {ergonomic}
    uintx NonNMethodCodeHeapSize                   = 5839372                                {pd product} {ergonomic}
    uintx NonProfiledCodeHeapSize                  = 122909434                              {pd product} {ergonomic}
    uintx ProfiledCodeHeapSize                     = 122909434                              {pd product} {ergonomic}
    uintx ReservedCodeCacheSize                    = 251658240                              {pd product} {ergonomic}
     bool SegmentedCodeCache                       = true                                      {product} {ergonomic}
     bool ShowCodeDetailsInExceptionMessages       = true                                   {manageable} {command line}
   size_t SoftMaxHeapSize                          = 8510242816                             {manageable} {ergonomic}
     bool UseCompressedClassPointers               = true                           {product lp64_product} {ergonomic}
     bool UseCompressedOops                        = true                           {product lp64_product} {ergonomic}
     bool UseG1GC                                  = true                                      {product} {ergonomic}
     bool UseLargePagesIndividualAllocation        = false                                  {pd product} {ergonomic}

Logging:
Log output configuration:
 #0: stdout all=warning uptime,level,tags
 #1: stderr all=off uptime,level,tags

Environment Variables:
JAVA_HOME=C:\Program Files\Java\jdk1.8.0_202
PATH=C:/Program Files (x86)/Java/jdk-19/bin/server;C:/Program Files (x86)/Java/jdk-19/bin;C:\Program Files (x86)\Common Files\Oracle\Java\javapath;C:\Windows\system32;C:\Windows;C:\Windows\System32\Wbem;C:\Windows\System32\WindowsPowerShell\v1.0\;C:\Windows\System32\OpenSSH\;C:\Program Files\dotnet\;C:\Program Files\Java\jdk1.8.0_202\bin;C:\Program Files\apache-maven-3.8.6\bin;C:\Program Files\PuTTY\;C:\Program Files\Git\cmd;C:\Program Files\Java\jdk-17\bin;C:\Program Files (x86)\Java\jdk-19\bin;C:\Users\aditya.kumar\AppData\Local\Microsoft\WindowsApps;;C:\Users\aditya.kumar\OneDrive - Hansen Technologies Limited\Desktop\Studies;
USERNAME=Aditya.Kumar
OS=Windows_NT
PROCESSOR_IDENTIFIER=Intel64 Family 6 Model 154 Stepping 4, GenuineIntel



---------------  S Y S T E M  ---------------

OS:
 Windows 10 , 64 bit Build 19041 (10.0.19041.2913)
OS uptime: 13 days 6:51 hours

CPU: total 12 (initial active 12) (6 cores per cpu, 2 threads per core) family 6 model 154 stepping 4 microcode 0x429, cx8, cmov, fxsr, ht, mmx, 3dnowpref, sse, sse2, sse3, ssse3, sse4.1, sse4.2, popcnt, lzcnt, tsc, tscinvbit, avx, avx2, aes, erms, clmul, bmi1, bmi2, adx, sha, fma, vzeroupper, clflush, clflushopt, clwb

Memory: 4k page, system-wide physical 32452M (12958M free)
TotalPageFile size 37316M (AvailPageFile size 11150M)
current process WorkingSet (physical memory assigned to process): 226M, peak: 226M
current process commit charge ("private bytes"): 272M, peak: 696M

vm_info: Java HotSpot(TM) 64-Bit Server VM (17.0.7+8-LTS-224) for windows-amd64 JRE (17.0.7+8-LTS-224), built on Feb 28 2023 23:03:02 by "mach5one" with MS VC++ 17.1 (VS2022)

END.
