#
# A fatal error has been detected by the Java Runtime Environment:
#
#  EXCEPTION_ACCESS_VIOLATION (0xc0000005) at pc=0x0000024ecdebd018, pid=102000, tid=76220
#
# JRE version: Java(TM) SE Runtime Environment (17.0.7+8) (build 17.0.7+8-LTS-224)
# Java VM: Java HotSpot(TM) 64-Bit Server VM (17.0.7+8-LTS-224, mixed mode, sharing, tiered, compressed oops, compressed class ptrs, g1 gc, windows-amd64)
# Problematic frame:
# j  jakarta.servlet.http.HttpServletRequestWrapper._getHttpServletRequest()Ljakarta/servlet/http/HttpServletRequest;+1
#
# No core dump will be written. Minidumps are not enabled by default on client versions of Windows
#
# If you would like to submit a bug report, please visit:
#   https://bugreport.java.com/bugreport/crash.jsp
#

---------------  S U M M A R Y ------------

Command Line: -Dfile.encoding=UTF-8 -XX:+ShowCodeDetailsInExceptionMessages -agentpath:C:\Program Files\SentinelOne\Sentinel Agent 22.3.4.612\SentinelJava64.dll com.project.springboot.myfirstwebapp.MyfirstwebappApplication

Host: 12th Gen Intel(R) Core(TM) i7-1255U, 12 cores, 31G,  Windows 10 , 64 bit Build 19041 (10.0.19041.2913)
Time: Tue Jun  6 23:33:52 2023 India Standard Time elapsed time: 897.885714 seconds (0d 0h 14m 57s)

---------------  T H R E A D  ---------------

Current thread (0x0000024eeba28d70):  JavaThread "http-nio-8080-exec-1" daemon [_thread_in_Java, id=76220, stack(0x0000008844200000,0x0000008844300000)]

Stack: [0x0000008844200000,0x0000008844300000],  sp=0x00000088442fc0a8,  free space=1008k
Native frames: (J=compiled Java code, j=interpreted, Vv=VM code, C=native code)
C  0x0000024ecdebd018


siginfo: EXCEPTION_ACCESS_VIOLATION (0xc0000005), reading address 0x00000002fae20af0


Register to memory mapping:

RIP=0x0000024ecdebd018 is at code_begin+248 in an Interpreter codelet
checkcast  192 checkcast  [0x0000024ecdebcf20, 0x0000024ecdebd160]  576 bytes
RAX=0x0000000800eb9a70 is a pointer to class: 
jakarta.servlet.http.HttpServletRequest {0x0000000800eb9a78}
 - instance size:     2
 - klass size:        63
 - access:            public interface abstract 
 - state:             fully_initialized
 - name:              'jakarta/servlet/http/HttpServletRequest'
 - super:             'java/lang/Object'
 - sub:               
 - nof implementors:  2
 - arrays:            NULL
 - methods:           Array<T>(0x0000024eefa77190)
 - method ordering:   Array<T>(0x00000008008f4220)
 - default_methods:   Array<T>(0x0000000000000000)
 - local interfaces:  Array<T>(0x0000024eefa73c38)
 - trans. interfaces: Array<T>(0x0000024eefa73c38)
 - constants:         constant pool [249] {0x0000024eefa76940} for 'jakarta/servlet/http/HttpServletRequest' cache=0x0000024ef17959f8
 - class loader data:  loader data: 0x0000024eeba22df0 for instance a 'jdk/internal/loader/ClassLoaders$AppClassLoader'{0x0000000604c31e40}
 - source file:       'HttpServletRequest.java'
 - class annotations:       Array<T>(0x0000000000000000)
 - class type annotations:  Array<T>(0x0000000000000000)
 - field annotations:       Array<T>(0x0000000000000000)
 - field type annotations:  Array<T>(0x0000000000000000)
 - inner classes:     Array<T>(0x0000024eefa750e8)
 - nest members:     Array<T>(0x0000024eefa75100)
 - permitted subclasses:     Array<T>(0x00000008005cfed8)
 - java mirror:       a 'java/lang/Class'{0x00000006058443a8} = 'jakarta/servlet/http/HttpServletRequest'
 - vtable length      5  (start addr: 0x0000000800eb9c38)
 - itable length      0 (start addr: 0x0000000800eb9c60)
 - ---- static fields (2 words):
 - public static final 'BASIC_AUTH' 'Ljava/lang/String;' @112 
 - public static final 'FORM_AUTH' 'Ljava/lang/String;' @116 
 - public static final 'CLIENT_CERT_AUTH' 'Ljava/lang/String;' @120 
 - public static final 'DIGEST_AUTH' 'Ljava/lang/String;' @124 
 - ---- non-static fields (0 words):
 - non-static oop maps: 
RBX=0x0 is NULL
RCX=0x0000024ef18405e0 is pointing into metadata
RDX=0x00000002fae20ae8 is an unknown value
RSP=0x00000088442fc0a8 is pointing into the stack for thread: 0x0000024eeba28d70
RBP=0x00000088442fc0f0 is pointing into the stack for thread: 0x0000024eeba28d70
RSI=0x00000088442fc520 is pointing into the stack for thread: 0x0000024eeba28d70
RDI=0x00000088442fc528 is pointing into the stack for thread: 0x0000024eeba28d70
R8 =0x00000088442fc530 is pointing into the stack for thread: 0x0000024eeba28d70
R9 =0x0000000000000001 is an unknown value
R10=0x00007ff9ac02c370 jvm.dll
R11=0x00000088442fc348 is pointing into the stack for thread: 0x0000024eeba28d70
R12=0x0 is NULL
R13=0x0000024ef1840714 is pointing into metadata
R14=0x00000088442fc100 is pointing into the stack for thread: 0x0000024eeba28d70
R15=0x0000024eeba28d70 is a thread


Registers:
RAX=0x0000000800eb9a70, RBX=0x0000000000000000, RCX=0x0000024ef18405e0, RDX=0x00000002fae20ae8
RSP=0x00000088442fc0a8, RBP=0x00000088442fc0f0, RSI=0x00000088442fc520, RDI=0x00000088442fc528
R8 =0x00000088442fc530, R9 =0x0000000000000001, R10=0x00007ff9ac02c370, R11=0x00000088442fc348
R12=0x0000000000000000, R13=0x0000024ef1840714, R14=0x00000088442fc100, R15=0x0000024eeba28d70
RIP=0x0000024ecdebd018, EFLAGS=0x0000000000010246

Top of Stack: (sp=0x00000088442fc0a8)
0x00000088442fc0a8:   00000088442fc0a8 0000024ef1840711
0x00000088442fc0b8:   00000088442fc100 0000024ef18425b0
0x00000088442fc0c8:   0000000000000000 00000006079c8900
0x00000088442fc0d8:   0000024ef1840730 0000000000000000
0x00000088442fc0e8:   00000088442fc100 00000088442fc150
0x00000088442fc0f8:   0000024ecdea9657 00007ff9aba5bf14
0x00000088442fc108:   00000088442fc108 0000024ef1841cc1
0x00000088442fc118:   00000088442fc168 0000024ef18425b0
0x00000088442fc128:   0000000000000000 00000006079c8900
0x00000088442fc138:   0000024ef1841cf8 00000088442fc100
0x00000088442fc148:   00000088442fc160 00000088442fc340
0x00000088442fc158:   0000024ecdea1010 0000000607839050
0x00000088442fc168:   00007ff9aba5bf14 0000024eeba28d70
0x00000088442fc178:   0000000000000000 0000024eeca61d60
0x00000088442fc188:   00007ff9abbf24bc 00000088442fc601
0x00000088442fc198:   00007ff9abbf2400 0000024eeba28d70 

Instructions: (pc=0x0000024ecdebd018)
0x0000024ecdebcf18:   00 00 00 00 00 00 00 00 58 48 85 c0 0f 84 fc 01
0x0000024ecdebcf28:   00 00 48 8b 4d e8 48 8b 49 08 48 8b 49 08 48 8b
0x0000024ecdebcf38:   51 08 41 0f b7 5d 01 0f cb c1 eb 10 80 7c 1a 04
0x0000024ecdebcf48:   07 0f 84 b8 00 00 00 50 e8 05 00 00 00 e9 98 00
0x0000024ecdebcf58:   00 00 48 8d 44 24 08 4c 89 6d c0 49 8b cf c5 f8
0x0000024ecdebcf68:   77 49 89 af 98 02 00 00 49 89 87 88 02 00 00 48
0x0000024ecdebcf78:   83 ec 20 f7 c4 0f 00 00 00 0f 84 1a 00 00 00 48
0x0000024ecdebcf88:   83 ec 08 49 ba 70 01 88 ab f9 7f 00 00 41 ff d2
0x0000024ecdebcf98:   48 83 c4 08 e9 0d 00 00 00 49 ba 70 01 88 ab f9
0x0000024ecdebcfa8:   7f 00 00 41 ff d2 48 83 c4 20 49 c7 87 88 02 00
0x0000024ecdebcfb8:   00 00 00 00 00 49 c7 87 98 02 00 00 00 00 00 00
0x0000024ecdebcfc8:   49 c7 87 90 02 00 00 00 00 00 00 c5 f8 77 49 81
0x0000024ecdebcfd8:   7f 08 00 00 00 00 0f 84 05 00 00 00 e9 17 3f fe
0x0000024ecdebcfe8:   ff 4c 8b 6d c0 4c 8b 75 c8 c3 49 8b 87 e8 02 00
0x0000024ecdebcff8:   00 49 c7 87 e8 02 00 00 00 00 00 00 5a eb 11 48
0x0000024ecdebd008:   8b d0 66 8b 5c d9 48 48 8b 49 28 48 8b 44 d9 08
0x0000024ecdebd018:   8b 5a 08 49 ba 00 00 00 00 08 00 00 00 49 03 da
0x0000024ecdebd028:   48 8b 4d d8 48 85 c9 0f 84 8a 00 00 00 48 8b 79
0x0000024ecdebd038:   18 48 3b fb 0f 85 0f 00 00 00 48 83 41 20 01 48
0x0000024ecdebd048:   83 59 20 00 e9 66 00 00 00 48 85 ff 0f 84 37 00
0x0000024ecdebd058:   00 00 48 8b 79 28 48 3b fb 0f 85 0f 00 00 00 48
0x0000024ecdebd068:   83 41 30 01 48 83 59 30 00 e9 41 00 00 00 48 85
0x0000024ecdebd078:   ff 0f 85 38 00 00 00 48 89 59 28 bf 01 00 00 00
0x0000024ecdebd088:   48 89 79 30 e9 26 00 00 00 48 3b 59 28 0f 85 0f
0x0000024ecdebd098:   00 00 00 48 83 41 30 01 48 83 59 30 00 e9 0d 00
0x0000024ecdebd0a8:   00 00 48 89 59 18 bf 01 00 00 00 48 89 79 20 48
0x0000024ecdebd0b8:   83 c1 38 48 89 4d d8 48 3b d8 0f 84 56 00 00 00
0x0000024ecdebd0c8:   8b 48 14 48 3b 04 0b 0f 84 49 00 00 00 83 f9 20
0x0000024ecdebd0d8:   0f 85 1d 00 00 00 57 48 8b 7b 28 8b 0f 48 83 c7
0x0000024ecdebd0e8:   08 48 85 c0 f2 48 af 5f 75 09 48 89 43 20 e9 23
0x0000024ecdebd0f8:   00 00 00 48 8b 4d d8 48 85 c9 0f 84 10 00 00 00
0x0000024ecdebd108:   48 83 41 d0 ff 0f 88 05 00 00 00 48 83 41 d0 01 


Stack slot to memory mapping:
stack at sp + 0 slots: 0x00000088442fc0a8 is pointing into the stack for thread: 0x0000024eeba28d70
stack at sp + 1 slots: 0x0000024ef1840711 is pointing into metadata
stack at sp + 2 slots: 0x00000088442fc100 is pointing into the stack for thread: 0x0000024eeba28d70
stack at sp + 3 slots: 0x0000024ef18425b0 is pointing into metadata
stack at sp + 4 slots: 0x0 is NULL
stack at sp + 5 slots: 0x00000006079c8900 is an oop: java.lang.Class 
{0x00000006079c8900} - klass: 'java/lang/Class'
 - ---- fields (total size 14 words):
 - private volatile transient 'classRedefinedCount' 'I' @12  0
 - private volatile transient 'cachedConstructor' 'Ljava/lang/reflect/Constructor;' @40  NULL (0)
 - private transient 'name' 'Ljava/lang/String;' @44  "jakarta.servlet.http.HttpServletRequestWrapper"{0x00000006079c8970} (c0f3912e)
 - private transient 'module' 'Ljava/lang/Module;' @48  a 'java/lang/Module'{0x0000000604c32200} (c0986440)
 - private final 'classLoader' 'Ljava/lang/ClassLoader;' @52  a 'jdk/internal/loader/ClassLoaders$AppClassLoader'{0x0000000604c31e40} (c09863c8)
 - private transient 'classData' 'Ljava/lang/Object;' @56  NULL (0)
 - private transient 'packageName' 'Ljava/lang/String;' @60  "jakarta.servlet.http"{0x00000006054c9e98} (c0a993d3)
 - private final 'componentType' 'Ljava/lang/Class;' @64  NULL (0)
 - private volatile transient 'reflectionData' 'Ljava/lang/ref/SoftReference;' @68  NULL (0)
 - private volatile transient 'genericInfo' 'Lsun/reflect/generics/repository/ClassRepository;' @72  NULL (0)
 - private volatile transient 'enumConstants' '[Ljava/lang/Object;' @76  NULL (0)
 - private volatile transient 'enumConstantDirectory' 'Ljava/util/Map;' @80  NULL (0)
 - private volatile transient 'annotationData' 'Ljava/lang/Class$AnnotationData;' @84  NULL (0)
 - private volatile transient 'annotationType' 'Lsun/reflect/annotation/AnnotationType;' @88  NULL (0)
 - transient 'classValueMap' 'Ljava/lang/ClassValue$ClassValueMap;' @92  NULL (0)
 - signature: Ljakarta/servlet/http/HttpServletRequestWrapper;
 - fake entry for mirror: 'jakarta/servlet/http/HttpServletRequestWrapper'
 - fake entry for array: NULL
 - fake entry for oop_size: 14
 - fake entry for static_oop_field_count: 0
stack at sp + 6 slots: {method} {0x0000024ef1840738} '_getHttpServletRequest' '()Ljakarta/servlet/http/HttpServletRequest;' in 'jakarta/servlet/http/HttpServletRequestWrapper'
stack at sp + 7 slots: 0x0 is NULL

checkcast  192 checkcast  [0x0000024ecdebcf20, 0x0000024ecdebd160]  576 bytes
[MachCode]
  0x0000024ecdebcf20: 5848 85c0 | 0f84 fc01 | 0000 488b | 4de8 488b | 4908 488b | 4908 488b | 5108 410f | b75d 010f 
  0x0000024ecdebcf40: cbc1 eb10 | 807c 1a04 | 070f 84b8 | 0000 0050 | e805 0000 | 00e9 9800 | 0000 488d | 4424 084c 
  0x0000024ecdebcf60: 896d c049 | 8bcf c5f8 | 7749 89af | 9802 0000 | 4989 8788 | 0200 0048 | 83ec 20f7 | c40f 0000 
  0x0000024ecdebcf80: 000f 841a | 0000 0048 | 83ec 0849 | ba70 0188 | abf9 7f00 | 0041 ffd2 | 4883 c408 | e90d 0000 
  0x0000024ecdebcfa0: 0049 ba70 | 0188 abf9 | 7f00 0041 | ffd2 4883 | c420 49c7 | 8788 0200 | 0000 0000 | 0049 c787 
  0x0000024ecdebcfc0: 9802 0000 | 0000 0000 | 49c7 8790 | 0200 0000 | 0000 00c5 | f877 4981 | 7f08 0000 | 0000 0f84 
  0x0000024ecdebcfe0: 0500 0000 | e917 3ffe | ff4c 8b6d | c04c 8b75 | c8c3 498b | 87e8 0200 | 0049 c787 | e802 0000 
  0x0000024ecdebd000: 0000 0000 | 5aeb 1148 | 8bd0 668b | 5cd9 4848 | 8b49 2848 | 8b44 d908 | 8b5a 0849 | ba00 0000 
  0x0000024ecdebd020: 0008 0000 | 0049 03da | 488b 4dd8 | 4885 c90f | 848a 0000 | 0048 8b79 | 1848 3bfb | 0f85 0f00 
  0x0000024ecdebd040: 0000 4883 | 4120 0148 | 8359 2000 | e966 0000 | 0048 85ff | 0f84 3700 | 0000 488b | 7928 483b 
  0x0000024ecdebd060: fb0f 850f | 0000 0048 | 8341 3001 | 4883 5930 | 00e9 4100 | 0000 4885 | ff0f 8538 | 0000 0048 
  0x0000024ecdebd080: 8959 28bf | 0100 0000 | 4889 7930 | e926 0000 | 0048 3b59 | 280f 850f | 0000 0048 | 8341 3001 
  0x0000024ecdebd0a0: 4883 5930 | 00e9 0d00 | 0000 4889 | 5918 bf01 | 0000 0048 | 8979 2048 | 83c1 3848 | 894d d848 
  0x0000024ecdebd0c0: 3bd8 0f84 | 5600 0000 | 8b48 1448 | 3b04 0b0f | 8449 0000 | 0083 f920 | 0f85 1d00 | 0000 5748 
  0x0000024ecdebd0e0: 8b7b 288b | 0f48 83c7 | 0848 85c0 | f248 af5f | 7509 4889 | 4320 e923 | 0000 0048 | 8b4d d848 
  0x0000024ecdebd100: 85c9 0f84 | 1000 0000 | 4883 41d0 | ff0f 8805 | 0000 0048 | 8341 d001 | 52e9 bdf1 | feff 488b 
  0x0000024ecdebd120: c2e9 1900 | 0000 488b | 4dd8 4885 | c90f 840c | 0000 0080 | 4901 0148 | 83c1 3848 | 894d d841 
  0x0000024ecdebd140: 0fb6 5d03 | 4983 c503 | 49ba 70c3 | 02ac f97f | 0000 41ff | 24da 6690 | 0000 0000 | 0000 0000 
[/MachCode]

---------------  P R O C E S S  ---------------

Threads class SMR info:
_java_thread_list=0x0000024eec885f70, length=30, elements={
0x0000024eeb954680, 0x0000024eeb9558b0, 0x0000024eeb967440, 0x0000024eeb96bef0,
0x0000024eeb9718d0, 0x0000024eeb9773e0, 0x0000024eeb980920, 0x0000024eeb982330,
0x0000024eeb985200, 0x0000024eeb974d60, 0x0000024eeb976f10, 0x0000024eeb977d80,
0x0000024eeba2d5a0, 0x0000024eeba2bd90, 0x0000024eeba27f00, 0x0000024eeba2c260,
0x0000024eeba28d70, 0x0000024eeba2aa50, 0x0000024eeba2d0d0, 0x0000024eeba29240,
0x0000024eeba26bc0, 0x0000024eeba2c730, 0x0000024eeba2da70, 0x0000024eeba26220,
0x0000024eeba27a30, 0x0000024eeba266f0, 0x0000024eeba283d0, 0x0000024eeba27090,
0x0000024eeba2b8c0, 0x0000024eed6a7da0
}

Java Threads: ( => current thread )
  0x0000024eeb954680 JavaThread "Reference Handler" daemon [_thread_blocked, id=59160, stack(0x0000008842300000,0x0000008842400000)]
  0x0000024eeb9558b0 JavaThread "Finalizer" daemon [_thread_blocked, id=7840, stack(0x0000008842400000,0x0000008842500000)]
  0x0000024eeb967440 JavaThread "Signal Dispatcher" daemon [_thread_blocked, id=101984, stack(0x0000008842500000,0x0000008842600000)]
  0x0000024eeb96bef0 JavaThread "Attach Listener" daemon [_thread_blocked, id=96112, stack(0x0000008842600000,0x0000008842700000)]
  0x0000024eeb9718d0 JavaThread "Service Thread" daemon [_thread_blocked, id=91268, stack(0x0000008842700000,0x0000008842800000)]
  0x0000024eeb9773e0 JavaThread "Monitor Deflation Thread" daemon [_thread_blocked, id=99456, stack(0x0000008842800000,0x0000008842900000)]
  0x0000024eeb980920 JavaThread "C2 CompilerThread0" daemon [_thread_in_native, id=53452, stack(0x0000008842900000,0x0000008842a00000)]
  0x0000024eeb982330 JavaThread "C1 CompilerThread0" daemon [_thread_blocked, id=67884, stack(0x0000008842a00000,0x0000008842b00000)]
  0x0000024eeb985200 JavaThread "Sweeper thread" daemon [_thread_blocked, id=46952, stack(0x0000008842b00000,0x0000008842c00000)]
  0x0000024eeb974d60 JavaThread "Notification Thread" daemon [_thread_blocked, id=99504, stack(0x0000008842c00000,0x0000008842d00000)]
  0x0000024eeb976f10 JavaThread "Common-Cleaner" daemon [_thread_blocked, id=88812, stack(0x0000008842e00000,0x0000008842f00000)]
  0x0000024eeb977d80 JavaThread "Catalina-utility-1" [_thread_blocked, id=98836, stack(0x0000008843b00000,0x0000008843c00000)]
  0x0000024eeba2d5a0 JavaThread "Catalina-utility-2" [_thread_blocked, id=91608, stack(0x0000008843e00000,0x0000008843f00000)]
  0x0000024eeba2bd90 JavaThread "container-0" [_thread_blocked, id=57792, stack(0x0000008843f00000,0x0000008844000000)]
  0x0000024eeba27f00 JavaThread "File Watcher" daemon [_thread_blocked, id=51668, stack(0x0000008844100000,0x0000008844200000)]
  0x0000024eeba2c260 JavaThread "Live Reload Server" daemon [_thread_in_native, id=101460, stack(0x0000008844300000,0x0000008844400000)]
=>0x0000024eeba28d70 JavaThread "http-nio-8080-exec-1" daemon [_thread_in_Java, id=76220, stack(0x0000008844200000,0x0000008844300000)]
  0x0000024eeba2aa50 JavaThread "http-nio-8080-exec-2" daemon [_thread_blocked, id=47980, stack(0x0000008844400000,0x0000008844500000)]
  0x0000024eeba2d0d0 JavaThread "http-nio-8080-exec-3" daemon [_thread_blocked, id=85176, stack(0x0000008844500000,0x0000008844600000)]
  0x0000024eeba29240 JavaThread "http-nio-8080-exec-4" daemon [_thread_blocked, id=97516, stack(0x0000008844600000,0x0000008844700000)]
  0x0000024eeba26bc0 JavaThread "http-nio-8080-exec-5" daemon [_thread_blocked, id=84412, stack(0x0000008844700000,0x0000008844800000)]
  0x0000024eeba2c730 JavaThread "http-nio-8080-exec-6" daemon [_thread_blocked, id=95968, stack(0x0000008844800000,0x0000008844900000)]
  0x0000024eeba2da70 JavaThread "http-nio-8080-exec-7" daemon [_thread_blocked, id=100660, stack(0x0000008844900000,0x0000008844a00000)]
  0x0000024eeba26220 JavaThread "http-nio-8080-exec-8" daemon [_thread_blocked, id=100292, stack(0x0000008844a00000,0x0000008844b00000)]
  0x0000024eeba27a30 JavaThread "http-nio-8080-exec-9" daemon [_thread_blocked, id=102148, stack(0x0000008844b00000,0x0000008844c00000)]
  0x0000024eeba266f0 JavaThread "http-nio-8080-exec-10" daemon [_thread_blocked, id=86648, stack(0x0000008844c00000,0x0000008844d00000)]
  0x0000024eeba283d0 JavaThread "http-nio-8080-Poller" daemon [_thread_in_native, id=88428, stack(0x0000008844d00000,0x0000008844e00000)]
  0x0000024eeba27090 JavaThread "http-nio-8080-Acceptor" daemon [_thread_in_native, id=99876, stack(0x0000008844e00000,0x0000008844f00000)]
  0x0000024eeba2b8c0 JavaThread "DestroyJavaVM" [_thread_blocked, id=100440, stack(0x0000008841c00000,0x0000008841d00000)]
  0x0000024eed6a7da0 JavaThread "C2 CompilerThread1" daemon [_thread_blocked, id=50396, stack(0x0000008841900000,0x0000008841a00000)]

Other Threads:
  0x0000024eeb94e050 VMThread "VM Thread" [stack: 0x0000008842200000,0x0000008842300000] [id=102268]
  0x0000024eebb16620 WatcherThread [stack: 0x0000008842d00000,0x0000008842e00000] [id=93808]
  0x0000024ee8c4ff90 GCTaskThread "GC Thread#0" [stack: 0x0000008841d00000,0x0000008841e00000] [id=30852]
  0x0000024eed309070 GCTaskThread "GC Thread#1" [stack: 0x0000008843200000,0x0000008843300000] [id=50644]
  0x0000024eed2fe8d0 GCTaskThread "GC Thread#2" [stack: 0x0000008843300000,0x0000008843400000] [id=99808]
  0x0000024eed2e3860 GCTaskThread "GC Thread#3" [stack: 0x0000008843400000,0x0000008843500000] [id=101908]
  0x0000024eed4f6ac0 GCTaskThread "GC Thread#4" [stack: 0x0000008843500000,0x0000008843600000] [id=100144]
  0x0000024eed300c90 GCTaskThread "GC Thread#5" [stack: 0x0000008843600000,0x0000008843700000] [id=93700]
  0x0000024eed302770 GCTaskThread "GC Thread#6" [stack: 0x0000008843700000,0x0000008843800000] [id=100040]
  0x0000024eed3011f0 GCTaskThread "GC Thread#7" [stack: 0x0000008843800000,0x0000008843900000] [id=1780]
  0x0000024eed300f40 GCTaskThread "GC Thread#8" [stack: 0x0000008843900000,0x0000008843a00000] [id=99352]
  0x0000024eed3024c0 GCTaskThread "GC Thread#9" [stack: 0x0000008843a00000,0x0000008843b00000] [id=98144]
  0x0000024ee8c92010 ConcurrentGCThread "G1 Main Marker" [stack: 0x0000008841e00000,0x0000008841f00000] [id=53960]
  0x0000024ee8c93a10 ConcurrentGCThread "G1 Conc#0" [stack: 0x0000008841f00000,0x0000008842000000] [id=63288]
  0x0000024eedf23d30 ConcurrentGCThread "G1 Conc#1" [stack: 0x0000008843c00000,0x0000008843d00000] [id=95680]
  0x0000024eedf23a80 ConcurrentGCThread "G1 Conc#2" [stack: 0x0000008843d00000,0x0000008843e00000] [id=90624]
  0x0000024ebf1be7b0 ConcurrentGCThread "G1 Refine#0" [stack: 0x0000008842000000,0x0000008842100000] [id=100652]
  0x0000024ee8d500e0 ConcurrentGCThread "G1 Service" [stack: 0x0000008842100000,0x0000008842200000] [id=99444]

Threads with active compile tasks:
C2 CompilerThread0   898063 4966       4       org.eclipse.jdt.internal.compiler.lookup.BinaryTypeBinding::createMethod (1719 bytes)

VM state: not at safepoint (normal execution)

VM Mutex/Monitor currently owned by a thread: None

Heap address: 0x0000000604c00000, size: 8116 MB, Compressed Oops mode: Zero based, Oop shift amount: 3

CDS archive(s) mapped at: [0x0000000800000000-0x0000000800bd0000-0x0000000800bd0000), size 12386304, SharedBaseAddress: 0x0000000800000000, ArchiveRelocationMode: 0.
Compressed class space mapped at: 0x0000000800c00000-0x0000000840c00000, reserved size: 1073741824
Narrow klass base: 0x0000000800000000, Narrow klass shift: 0, Narrow klass range: 0x100000000

GC Precious Log:
 CPUs: 12 total, 12 available
 Memory: 32452M
 Large Page Support: Disabled
 NUMA Support: Disabled
 Compressed Oops: Enabled (Zero based)
 Heap Region Size: 4M
 Heap Min Capacity: 8M
 Heap Initial Capacity: 508M
 Heap Max Capacity: 8116M
 Pre-touch: Disabled
 Parallel Workers: 10
 Concurrent Workers: 3
 Concurrent Refinement Workers: 10
 Periodic GC: Disabled

Heap:
 garbage-first heap   total 69632K, used 38302K [0x0000000604c00000, 0x0000000800000000)
  region size 4096K, 8 young (32768K), 1 survivors (4096K)
 Metaspace       used 41318K, committed 41920K, reserved 1089536K
  class space    used 4757K, committed 5056K, reserved 1048576K

Heap Regions: E=young(eden), S=young(survivor), O=old, HS=humongous(starts), HC=humongous(continues), CS=collection set, F=free, OA=open archive, CA=closed archive, TAMS=top-at-mark-start (previous, next)
|   0|0x0000000604c00000, 0x0000000605000000, 0x0000000605000000|100%| O|  |TAMS 0x0000000605000000, 0x0000000604c00000| Untracked 
|   1|0x0000000605000000, 0x0000000605000000, 0x0000000605400000|  0%| F|  |TAMS 0x0000000605000000, 0x0000000605000000| Untracked 
|   2|0x0000000605400000, 0x0000000605800000, 0x0000000605800000|100%| O|  |TAMS 0x0000000605800000, 0x0000000605400000| Untracked 
|   3|0x0000000605800000, 0x0000000605c00000, 0x0000000605c00000|100%| O|  |TAMS 0x0000000605c00000, 0x0000000605800000| Untracked 
|   4|0x0000000605c00000, 0x0000000605d91600, 0x0000000606000000| 39%| O|  |TAMS 0x0000000605d91600, 0x0000000605c00000| Untracked 
|   5|0x0000000606000000, 0x0000000606000000, 0x0000000606400000|  0%| F|  |TAMS 0x0000000606000000, 0x0000000606000000| Untracked 
|   6|0x0000000606400000, 0x0000000606400000, 0x0000000606800000|  0%| F|  |TAMS 0x0000000606400000, 0x0000000606400000| Untracked 
|   7|0x0000000606800000, 0x0000000606800000, 0x0000000606c00000|  0%| F|  |TAMS 0x0000000606800000, 0x0000000606800000| Untracked 
|   8|0x0000000606c00000, 0x0000000606c00000, 0x0000000607000000|  0%| F|  |TAMS 0x0000000606c00000, 0x0000000606c00000| Untracked 
|   9|0x0000000607000000, 0x00000006073c2308, 0x0000000607400000| 93%| E|  |TAMS 0x0000000607000000, 0x0000000607000000| Complete 
|  10|0x0000000607400000, 0x0000000607800000, 0x0000000607800000|100%| E|  |TAMS 0x0000000607400000, 0x0000000607400000| Complete 
|  11|0x0000000607800000, 0x0000000607bd6200, 0x0000000607c00000| 95%| S|CS|TAMS 0x0000000607800000, 0x0000000607800000| Complete 
|  12|0x0000000607c00000, 0x0000000608000000, 0x0000000608000000|100%| E|CS|TAMS 0x0000000607c00000, 0x0000000607c00000| Complete 
|  13|0x0000000608000000, 0x0000000608400000, 0x0000000608400000|100%| E|CS|TAMS 0x0000000608000000, 0x0000000608000000| Complete 
| 118|0x0000000622400000, 0x0000000622800000, 0x0000000622800000|100%| E|CS|TAMS 0x0000000622400000, 0x0000000622400000| Complete 
| 119|0x0000000622800000, 0x0000000622c00000, 0x0000000622c00000|100%| E|CS|TAMS 0x0000000622800000, 0x0000000622800000| Complete 
| 126|0x0000000624400000, 0x0000000624800000, 0x0000000624800000|100%| E|CS|TAMS 0x0000000624400000, 0x0000000624400000| Complete 

Card table byte_map: [0x0000024ed6eb0000,0x0000024ed7e90000] _byte_map_base: 0x0000024ed3e8a000

Marking Bits (Prev, Next): (CMBitMap*) 0x0000024ee8c50580, (CMBitMap*) 0x0000024ee8c505c0
 Prev Bits: [0x0000024ed8e70000, 0x0000024ee0d40000)
 Next Bits: [0x0000024ee0d40000, 0x0000024ee8c10000)

Polling page: 0x0000024ebca80000

Metaspace:

Usage:
  Non-class:     35.70 MB used.
      Class:      4.65 MB used.
       Both:     40.35 MB used.

Virtual space:
  Non-class space:       40.00 MB reserved,      36.00 MB ( 90%) committed,  5 nodes.
      Class space:        1.00 GB reserved,       4.94 MB ( <1%) committed,  1 nodes.
             Both:        1.04 GB reserved,      40.94 MB (  4%) committed. 

Chunk freelists:
   Non-Class:  32.00 KB
       Class:  3.11 MB
        Both:  3.14 MB

MaxMetaspaceSize: unlimited
CompressedClassSpaceSize: 1.00 GB
Initial GC threshold: 21.00 MB
Current GC threshold: 59.06 MB
CDS: on
MetaspaceReclaimPolicy: balanced
 - commit_granule_bytes: 65536.
 - commit_granule_words: 8192.
 - virtual_space_node_default_size: 1048576.
 - enlarge_chunks_in_place: 1.
 - new_chunks_are_fully_committed: 0.
 - uncommit_free_chunks: 1.
 - use_allocation_guard: 0.
 - handle_deallocations: 1.


Internal statistics:

num_allocs_failed_limit: 6.
num_arena_births: 702.
num_arena_deaths: 0.
num_vsnodes_births: 6.
num_vsnodes_deaths: 0.
num_space_committed: 655.
num_space_uncommitted: 0.
num_chunks_returned_to_freelist: 6.
num_chunks_taken_from_freelist: 2137.
num_chunk_merges: 3.
num_chunk_splits: 1465.
num_chunks_enlarged: 1071.
num_purges: 0.
num_inconsistent_stats: 0.

CodeHeap 'non-profiled nmethods': size=120000Kb used=2737Kb max_used=3005Kb free=117262Kb
 bounds [0x0000024ece440000, 0x0000024ece730000, 0x0000024ed5970000]
CodeHeap 'profiled nmethods': size=120000Kb used=9241Kb max_used=9895Kb free=110758Kb
 bounds [0x0000024ec6970000, 0x0000024ec7380000, 0x0000024ecdea0000]
CodeHeap 'non-nmethods': size=5760Kb used=1274Kb max_used=1296Kb free=4485Kb
 bounds [0x0000024ecdea0000, 0x0000024ece110000, 0x0000024ece440000]
 total_blobs=4873 nmethods=4282 adapters=503
 compilation: enabled
              stopped_count=0, restarted_count=0
 full_count=0

Compilation events (20 events):
Event: 897.833 Thread 0x0000024eeb982330 nmethod 5035 0x0000024ec6d15910 code [0x0000024ec6d15ae0, 0x0000024ec6d15eb8]
Event: 897.833 Thread 0x0000024eeb982330 5036       3       sun.nio.fs.WindowsPath::getFileName (87 bytes)
Event: 897.834 Thread 0x0000024eeb982330 nmethod 5036 0x0000024ec6d14210 code [0x0000024ec6d144c0, 0x0000024ec6d153e8]
Event: 897.863 Thread 0x0000024eed6a7da0 nmethod 5028% 0x0000024ece677890 code [0x0000024ece677a20, 0x0000024ece6785d8]
Event: 897.863 Thread 0x0000024eed6a7da0 5010       4       org.eclipse.jdt.core.compiler.CharOperation::indexOf (25 bytes)
Event: 897.866 Thread 0x0000024eed6a7da0 nmethod 5010 0x0000024ece677490 code [0x0000024ece677600, 0x0000024ece677778]
Event: 897.866 Thread 0x0000024eed6a7da0 4999       4       org.eclipse.jdt.core.compiler.CharOperation::hashCode (11 bytes)
Event: 897.871 Thread 0x0000024eed6a7da0 nmethod 4999 0x0000024ece677090 code [0x0000024ece677200, 0x0000024ece677398]
Event: 897.873 Thread 0x0000024eeb982330 5037       1       org.apache.catalina.webresources.StandardRoot::isCachingAllowed (5 bytes)
Event: 897.873 Thread 0x0000024eeb982330 nmethod 5037 0x0000024ece676d90 code [0x0000024ece676f20, 0x0000024ece676ff8]
Event: 897.876 Thread 0x0000024eeb982330 5038       3       java.util.StringJoiner::add (110 bytes)
Event: 897.877 Thread 0x0000024eeb982330 nmethod 5038 0x0000024ec6b5df90 code [0x0000024ec6b5e1e0, 0x0000024ec6b5ecd8]
Event: 897.877 Thread 0x0000024eeb982330 5039       3       java.lang.reflect.Method::getGenericReturnType (20 bytes)
Event: 897.878 Thread 0x0000024eeb982330 nmethod 5039 0x0000024ec6c38390 code [0x0000024ec6c38640, 0x0000024ec6c397b8]
Event: 897.878 Thread 0x0000024eeb982330 5040       3       java.beans.FeatureDescriptor::getClass0 (22 bytes)
Event: 897.878 Thread 0x0000024eeb982330 nmethod 5040 0x0000024ec6d13c10 code [0x0000024ec6d13dc0, 0x0000024ec6d14108]
Event: 897.878 Thread 0x0000024eeb982330 5041       1       jakarta.el.ELContext::isPropertyResolved (5 bytes)
Event: 897.878 Thread 0x0000024eeb982330 nmethod 5041 0x0000024ece4e4210 code [0x0000024ece4e43a0, 0x0000024ece4e4478]
Event: 897.878 Thread 0x0000024eeb982330 5042       1       jakarta.el.ELContext::setPropertyResolved (6 bytes)
Event: 897.878 Thread 0x0000024eeb982330 nmethod 5042 0x0000024ece555690 code [0x0000024ece555820, 0x0000024ece5558f8]

GC Heap History (18 events):
Event: 1.410 GC heap before
{Heap before GC invocations=0 (full 0):
 garbage-first heap   total 520192K, used 20480K [0x0000000604c00000, 0x0000000800000000)
  region size 4096K, 6 young (24576K), 0 survivors (0K)
 Metaspace       used 5439K, committed 5696K, reserved 1056768K
  class space    used 633K, committed 768K, reserved 1048576K
}
Event: 1.415 GC heap after
{Heap after GC invocations=1 (full 0):
 garbage-first heap   total 520192K, used 4285K [0x0000000604c00000, 0x0000000800000000)
  region size 4096K, 1 young (4096K), 1 survivors (4096K)
 Metaspace       used 5439K, committed 5696K, reserved 1056768K
  class space    used 633K, committed 768K, reserved 1048576K
}
Event: 2.067 GC heap before
{Heap before GC invocations=1 (full 0):
 garbage-first heap   total 520192K, used 24765K [0x0000000604c00000, 0x0000000800000000)
  region size 4096K, 6 young (24576K), 1 survivors (4096K)
 Metaspace       used 9454K, committed 9728K, reserved 1064960K
  class space    used 1173K, committed 1280K, reserved 1048576K
}
Event: 2.072 GC heap after
{Heap after GC invocations=2 (full 0):
 garbage-first heap   total 520192K, used 5851K [0x0000000604c00000, 0x0000000800000000)
  region size 4096K, 1 young (4096K), 1 survivors (4096K)
 Metaspace       used 9454K, committed 9728K, reserved 1064960K
  class space    used 1173K, committed 1280K, reserved 1048576K
}
Event: 3.402 GC heap before
{Heap before GC invocations=2 (full 0):
 garbage-first heap   total 520192K, used 50907K [0x0000000604c00000, 0x0000000800000000)
  region size 4096K, 12 young (49152K), 1 survivors (4096K)
 Metaspace       used 16632K, committed 16896K, reserved 1064960K
  class space    used 2071K, committed 2176K, reserved 1048576K
}
Event: 3.406 GC heap after
{Heap after GC invocations=3 (full 0):
 garbage-first heap   total 520192K, used 8692K [0x0000000604c00000, 0x0000000800000000)
  region size 4096K, 2 young (8192K), 2 survivors (8192K)
 Metaspace       used 16632K, committed 16896K, reserved 1064960K
  class space    used 2071K, committed 2176K, reserved 1048576K
}
Event: 4.535 GC heap before
{Heap before GC invocations=3 (full 0):
 garbage-first heap   total 520192K, used 33268K [0x0000000604c00000, 0x0000000800000000)
  region size 4096K, 9 young (36864K), 2 survivors (8192K)
 Metaspace       used 21182K, committed 21504K, reserved 1073152K
  class space    used 2696K, committed 2880K, reserved 1048576K
}
Event: 4.541 GC heap after
{Heap after GC invocations=4 (full 0):
 garbage-first heap   total 520192K, used 11046K [0x0000000604c00000, 0x0000000800000000)
  region size 4096K, 2 young (8192K), 2 survivors (8192K)
 Metaspace       used 21182K, committed 21504K, reserved 1073152K
  class space    used 2696K, committed 2880K, reserved 1048576K
}
Event: 5.856 GC heap before
{Heap before GC invocations=5 (full 0):
 garbage-first heap   total 69632K, used 43814K [0x0000000604c00000, 0x0000000800000000)
  region size 4096K, 10 young (40960K), 2 survivors (8192K)
 Metaspace       used 27504K, committed 28032K, reserved 1073152K
  class space    used 3376K, committed 3648K, reserved 1048576K
}
Event: 5.864 GC heap after
{Heap after GC invocations=6 (full 0):
 garbage-first heap   total 69632K, used 14355K [0x0000000604c00000, 0x0000000800000000)
  region size 4096K, 2 young (8192K), 2 survivors (8192K)
 Metaspace       used 27504K, committed 28032K, reserved 1073152K
  class space    used 3376K, committed 3648K, reserved 1048576K
}
Event: 6.087 GC heap before
{Heap before GC invocations=6 (full 0):
 garbage-first heap   total 69632K, used 14355K [0x0000000604c00000, 0x0000000800000000)
  region size 4096K, 3 young (12288K), 2 survivors (8192K)
 Metaspace       used 27958K, committed 28352K, reserved 1081344K
  class space    used 3442K, committed 3648K, reserved 1048576K
}
Event: 6.092 GC heap after
{Heap after GC invocations=7 (full 0):
 garbage-first heap   total 69632K, used 15096K [0x0000000604c00000, 0x0000000800000000)
  region size 4096K, 1 young (4096K), 1 survivors (4096K)
 Metaspace       used 27958K, committed 28352K, reserved 1081344K
  class space    used 3442K, committed 3648K, reserved 1048576K
}
Event: 219.945 GC heap before
{Heap before GC invocations=7 (full 0):
 garbage-first heap   total 69632K, used 43768K [0x0000000604c00000, 0x0000000800000000)
  region size 4096K, 8 young (32768K), 1 survivors (4096K)
 Metaspace       used 31014K, committed 31552K, reserved 1081344K
  class space    used 3824K, committed 4096K, reserved 1048576K
}
Event: 219.948 GC heap after
{Heap after GC invocations=8 (full 0):
 garbage-first heap   total 69632K, used 16082K [0x0000000604c00000, 0x0000000800000000)
  region size 4096K, 1 young (4096K), 1 survivors (4096K)
 Metaspace       used 31014K, committed 31552K, reserved 1081344K
  class space    used 3824K, committed 4096K, reserved 1048576K
}
Event: 896.543 GC heap before
{Heap before GC invocations=8 (full 0):
 garbage-first heap   total 69632K, used 44754K [0x0000000604c00000, 0x0000000800000000)
  region size 4096K, 8 young (32768K), 1 survivors (4096K)
 Metaspace       used 32465K, committed 32960K, reserved 1081344K
  class space    used 4000K, committed 4224K, reserved 1048576K
}
Event: 896.546 GC heap after
{Heap after GC invocations=9 (full 0):
 garbage-first heap   total 69632K, used 16529K [0x0000000604c00000, 0x0000000800000000)
  region size 4096K, 1 young (4096K), 1 survivors (4096K)
 Metaspace       used 32465K, committed 32960K, reserved 1081344K
  class space    used 4000K, committed 4224K, reserved 1048576K
}
Event: 897.078 GC heap before
{Heap before GC invocations=9 (full 0):
 garbage-first heap   total 69632K, used 28817K [0x0000000604c00000, 0x0000000800000000)
  region size 4096K, 6 young (24576K), 1 survivors (4096K)
 Metaspace       used 35636K, committed 36096K, reserved 1081344K
  class space    used 4270K, committed 4480K, reserved 1048576K
}
Event: 897.081 GC heap after
{Heap after GC invocations=10 (full 0):
 garbage-first heap   total 69632K, used 17822K [0x0000000604c00000, 0x0000000800000000)
  region size 4096K, 1 young (4096K), 1 survivors (4096K)
 Metaspace       used 35636K, committed 36096K, reserved 1081344K
  class space    used 4270K, committed 4480K, reserved 1048576K
}

Deoptimization events (20 events):
Event: 897.452 Thread 0x0000024eeba28d70 Uncommon trap: trap_request=0xffffff45 fr.pc=0x0000024ece676934 relative=0x00000000000001b4
Event: 897.452 Thread 0x0000024eeba28d70 Uncommon trap: reason=unstable_if action=reinterpret pc=0x0000024ece676934 method=java.lang.ClassLoader.getResource(Ljava/lang/String;)Ljava/net/URL; @ 30 c2
Event: 897.452 Thread 0x0000024eeba28d70 DEOPT PACKING pc=0x0000024ece676934 sp=0x00000088442fbdb0
Event: 897.452 Thread 0x0000024eeba28d70 DEOPT UNPACKING pc=0x0000024ecdef23a3 sp=0x00000088442fbcf8 mode 2
Event: 897.528 Thread 0x0000024eeba28d70 Uncommon trap: trap_request=0xffffff6e fr.pc=0x0000024ece4743bc relative=0x000000000000049c
Event: 897.528 Thread 0x0000024eeba28d70 Uncommon trap: reason=loop_limit_check action=maybe_recompile pc=0x0000024ece4743bc method=org.eclipse.jdt.internal.compiler.classfmt.ClassFileStruct.utf8At(II)[C @ 143 c2
Event: 897.528 Thread 0x0000024eeba28d70 DEOPT PACKING pc=0x0000024ece4743bc sp=0x00000088442fbce0
Event: 897.528 Thread 0x0000024eeba28d70 DEOPT UNPACKING pc=0x0000024ecdef23a3 sp=0x00000088442fbc78 mode 2
Event: 897.551 Thread 0x0000024eeba28d70 Uncommon trap: trap_request=0xffffff45 fr.pc=0x0000024ece61edcc relative=0x000000000000032c
Event: 897.551 Thread 0x0000024eeba28d70 Uncommon trap: reason=unstable_if action=reinterpret pc=0x0000024ece61edcc method=java.util.HashMap.getNode(Ljava/lang/Object;)Ljava/util/HashMap$Node; @ 66 c2
Event: 897.551 Thread 0x0000024eeba28d70 DEOPT PACKING pc=0x0000024ece61edcc sp=0x00000088442fb7c0
Event: 897.551 Thread 0x0000024eeba28d70 DEOPT UNPACKING pc=0x0000024ecdef23a3 sp=0x00000088442fb700 mode 2
Event: 897.551 Thread 0x0000024eeba28d70 Uncommon trap: trap_request=0xffffff45 fr.pc=0x0000024ece526b5c relative=0x000000000000033c
Event: 897.551 Thread 0x0000024eeba28d70 Uncommon trap: reason=unstable_if action=reinterpret pc=0x0000024ece526b5c method=java.util.HashMap.getNode(Ljava/lang/Object;)Ljava/util/HashMap$Node; @ 66 c2
Event: 897.551 Thread 0x0000024eeba28d70 DEOPT PACKING pc=0x0000024ece526b5c sp=0x00000088442fb790
Event: 897.551 Thread 0x0000024eeba28d70 DEOPT UNPACKING pc=0x0000024ecdef23a3 sp=0x00000088442fb730 mode 2
Event: 897.703 Thread 0x0000024eeba28d70 Uncommon trap: trap_request=0xffffff45 fr.pc=0x0000024ece6a8888 relative=0x0000000000000748
Event: 897.703 Thread 0x0000024eeba28d70 Uncommon trap: reason=unstable_if action=reinterpret pc=0x0000024ece6a8888 method=java.util.HashMap$HashIterator.<init>(Ljava/util/HashMap;)V @ 45 c2
Event: 897.703 Thread 0x0000024eeba28d70 DEOPT PACKING pc=0x0000024ece6a8888 sp=0x00000088442fc1f0
Event: 897.703 Thread 0x0000024eeba28d70 DEOPT UNPACKING pc=0x0000024ecdef23a3 sp=0x00000088442fc0a0 mode 2

Classes unloaded (0 events):
No events

Classes redefined (0 events):
No events

Internal exceptions (20 events):
Event: 896.368 Thread 0x0000024eeba28d70 Exception <a 'java/lang/NoSuchMethodError'{0x000000060740ae68}: 'java.lang.Object java.lang.invoke.DirectMethodHandle$Holder.invokeSpecial(java.lang.Object, java.lang.Object, java.lang.Object, java.lang.Object, java.lang.Object, long)'> (0x000000060740ae68) 
thrown [s\open\src\hotspot\share\interpreter\linkResolver.cpp, line 759]
Event: 896.369 Thread 0x0000024eeba28d70 Exception <a 'java/lang/NoSuchMethodError'{0x000000060740e8a8}: 'java.lang.Object java.lang.invoke.Invokers$Holder.linkToTargetMethod(java.lang.Object, java.lang.Object, java.lang.Object, long, java.lang.Object)'> (0x000000060740e8a8) 
thrown [s\open\src\hotspot\share\interpreter\linkResolver.cpp, line 759]
Event: 896.417 Thread 0x0000024eeba28d70 Exception <a 'java/lang/NoSuchMethodError'{0x0000000607540830}: getSession> (0x0000000607540830) 
thrown [s\open\src\hotspot\share\prims\jni.cpp, line 1073]
Event: 896.770 Thread 0x0000024eeba28d70 Implicit null exception at 0x0000024ece492ad7 to 0x0000024ece4930c4
Event: 896.770 Thread 0x0000024eeba28d70 Implicit null exception at 0x0000024ece4609d7 to 0x0000024ece460f98
Event: 896.896 Thread 0x0000024eeba28d70 Exception <a 'java/lang/ClassNotFoundException'{0x000000062266e9e0}: org/apache/taglibs/standard/tag/rt/core/ForEachTagBeanInfo> (0x000000062266e9e0) 
thrown [s\open\src\hotspot\share\classfile\systemDictionary.cpp, line 256]
Event: 896.898 Thread 0x0000024eeba28d70 Exception <a 'java/lang/ClassNotFoundException'{0x0000000622676540}: org/apache/taglibs/standard/tag/common/core/ForEachSupportBeanInfo> (0x0000000622676540) 
thrown [s\open\src\hotspot\share\classfile\systemDictionary.cpp, line 256]
Event: 896.900 Thread 0x0000024eeba28d70 Exception <a 'java/lang/ClassNotFoundException'{0x000000062267de78}: jakarta/servlet/jsp/jstl/core/LoopTagSupportBeanInfo> (0x000000062267de78) 
thrown [s\open\src\hotspot\share\classfile\systemDictionary.cpp, line 256]
Event: 896.902 Thread 0x0000024eeba28d70 Exception <a 'java/lang/ClassNotFoundException'{0x0000000622685948}: jakarta/servlet/jsp/tagext/TagSupportBeanInfo> (0x0000000622685948) 
thrown [s\open\src\hotspot\share\classfile\systemDictionary.cpp, line 256]
Event: 896.904 Thread 0x0000024eeba28d70 Exception <a 'java/lang/ClassNotFoundException'{0x000000062268a568}: java/lang/ObjectBeanInfo> (0x000000062268a568) 
thrown [s\open\src\hotspot\share\classfile\systemDictionary.cpp, line 256]
Event: 896.906 Thread 0x0000024eeba28d70 Exception <a 'java/lang/ClassNotFoundException'{0x000000062268f8b8}: java/lang/ObjectCustomizer> (0x000000062268f8b8) 
thrown [s\open\src\hotspot\share\classfile\systemDictionary.cpp, line 256]
Event: 896.908 Thread 0x0000024eeba28d70 Exception <a 'java/lang/IncompatibleClassChangeError'{0x00000006226936a8}: Found class java.lang.Object, but interface was expected> (0x00000006226936a8) 
thrown [s\open\src\hotspot\share\interpreter\linkResolver.cpp, line 826]
Event: 896.912 Thread 0x0000024eeba28d70 Exception <a 'java/lang/ClassNotFoundException'{0x000000062269feb8}: jakarta/servlet/jsp/tagext/TagSupportCustomizer> (0x000000062269feb8) 
thrown [s\open\src\hotspot\share\classfile\systemDictionary.cpp, line 256]
Event: 896.915 Thread 0x0000024eeba28d70 Exception <a 'java/lang/ClassNotFoundException'{0x00000006226b3b90}: jakarta/servlet/jsp/jstl/core/LoopTagSupportCustomizer> (0x00000006226b3b90) 
thrown [s\open\src\hotspot\share\classfile\systemDictionary.cpp, line 256]
Event: 896.922 Thread 0x0000024eeba28d70 Exception <a 'java/lang/ClassNotFoundException'{0x00000006226d48a8}: org/apache/taglibs/standard/tag/common/core/ForEachSupportCustomizer> (0x00000006226d48a8) 
thrown [s\open\src\hotspot\share\classfile\systemDictionary.cpp, line 256]
Event: 896.925 Thread 0x0000024eeba28d70 Exception <a 'java/lang/ClassNotFoundException'{0x00000006226e3778}: org/apache/taglibs/standard/tag/rt/core/ForEachTagCustomizer> (0x00000006226e3778) 
thrown [s\open\src\hotspot\share\classfile\systemDictionary.cpp, line 256]
Event: 897.724 Thread 0x0000024eeba28d70 Exception <a 'java/lang/NoSuchMethodError'{0x000000060710b3e8}: 'int java.lang.invoke.DirectMethodHandle$Holder.invokeStatic(java.lang.Object, int, java.lang.Object)'> (0x000000060710b3e8) 
thrown [s\open\src\hotspot\share\interpreter\linkResolver.cpp, line 759]
Event: 897.784 Thread 0x0000024eeba28d70 Exception <a 'java/lang/NullPointerException'{0x00000006071d5e88}> (0x00000006071d5e88) 
thrown [s\open\src\hotspot\share\interpreter\linkResolver.cpp, line 1350]
Event: 897.874 Thread 0x0000024eeba28d70 Exception <a 'java/lang/ClassNotFoundException'{0x0000000607360cc0}: com/project/springboot/myfirstwebapp/todo/TodoBeanInfo> (0x0000000607360cc0) 
thrown [s\open\src\hotspot\share\classfile\systemDictionary.cpp, line 256]
Event: 897.875 Thread 0x0000024eeba28d70 Exception <a 'java/lang/ClassNotFoundException'{0x0000000607369158}: com/project/springboot/myfirstwebapp/todo/TodoCustomizer> (0x0000000607369158) 
thrown [s\open\src\hotspot\share\classfile\systemDictionary.cpp, line 256]

VM Operations (20 events):
Event: 897.097 Executing VM operation: G1Concurrent
Event: 897.099 Executing VM operation: G1Concurrent done
Event: 897.104 Executing VM operation: G1Concurrent
Event: 897.104 Executing VM operation: G1Concurrent done
Event: 897.477 Executing VM operation: HandshakeAllThreads
Event: 897.477 Executing VM operation: HandshakeAllThreads done
Event: 897.775 Executing VM operation: ChangeBreakpoints
Event: 897.776 Executing VM operation: ChangeBreakpoints done
Event: 897.776 Executing VM operation: ChangeBreakpoints
Event: 897.778 Executing VM operation: ChangeBreakpoints done
Event: 897.783 Executing VM operation: get/set locals
Event: 897.783 Executing VM operation: get/set locals done
Event: 897.784 Executing VM operation: get/set locals
Event: 897.784 Executing VM operation: get/set locals done
Event: 897.880 Executing VM operation: HandshakeAllThreads
Event: 897.881 Executing VM operation: HandshakeAllThreads done
Event: 897.881 Executing VM operation: get/set locals
Event: 897.881 Executing VM operation: get/set locals done
Event: 897.881 Executing VM operation: get/set locals
Event: 897.881 Executing VM operation: get/set locals done

Events (20 events):
Event: 897.460 loading class java/text/MessageFormat$Field done
Event: 897.486 loading class java/util/stream/ReferencePipeline$4
Event: 897.486 loading class java/util/stream/ReferencePipeline$4 done
Event: 897.486 loading class java/util/stream/Nodes$IntFixedNodeBuilder
Event: 897.486 loading class java/util/stream/Node$Builder$OfInt
Event: 897.486 loading class java/util/stream/Node$Builder$OfInt done
Event: 897.486 loading class java/util/stream/Nodes$IntArrayNode
Event: 897.486 loading class java/util/stream/Nodes$IntArrayNode done
Event: 897.486 loading class java/util/stream/Nodes$IntFixedNodeBuilder done
Event: 897.486 loading class java/util/stream/ReferencePipeline$4$1
Event: 897.486 loading class java/util/stream/ReferencePipeline$4$1 done
Event: 897.588 Thread 0x0000024eed6a7da0 Thread added: 0x0000024eed6a7da0
Event: 897.744 loading class java/util/Hashtable$ValueCollection
Event: 897.744 loading class java/util/Hashtable$ValueCollection done
Event: 897.798 loading class java/io/WriteAbortedException
Event: 897.799 loading class java/io/WriteAbortedException done
Event: 897.799 loading class sun/security/provider/SecureRandom
Event: 897.800 loading class sun/security/provider/SecureRandom done
Event: 897.800 loading class sun/security/provider/SecureRandom$SeederHolder
Event: 897.800 loading class sun/security/provider/SecureRandom$SeederHolder done


Dynamic libraries:
0x00007ff60f370000 - 0x00007ff60f380000 	C:\Program Files\Java\jdk-17\bin\javaw.exe
0x0000024ebcb20000 - 0x0000024ebcd18000 	C:\Windows\SYSTEM32\ntd1l.dll
0x0000024ebcd20000 - 0x0000024ebcddf000 	C:\Windows\System32\kern3l32.dll
0x00007ffa894b0000 - 0x00007ffa896a8000 	C:\Windows\SYSTEM32\ntdll.dll
0x00007ffa88c00000 - 0x00007ffa88cbf000 	C:\Windows\System32\KERNEL32.DLL
0x00007ffa86f70000 - 0x00007ffa87266000 	C:\Windows\System32\KERNELBASE.dll
0x00007ffa866d0000 - 0x00007ffa86937000 	C:\Program Files\SentinelOne\Sentinel Agent 22.3.4.612\InProcessClient64.dll
0x00007ffa88290000 - 0x00007ffa8833f000 	C:\Windows\System32\ADVAPI32.dll
0x00007ffa88b60000 - 0x00007ffa88bfe000 	C:\Windows\System32\msvcrt.dll
0x00007ffa88ab0000 - 0x00007ffa88b4c000 	C:\Windows\System32\sechost.dll
0x00007ffa87ea0000 - 0x00007ffa87fc6000 	C:\Windows\System32\RPCRT4.dll
0x00007ffa872f0000 - 0x00007ffa873f0000 	C:\Windows\System32\ucrtbase.dll
0x00007ffa6d020000 - 0x00007ffa6d039000 	C:\Program Files\Java\jdk-17\bin\jli.dll
0x00007ffa6ce20000 - 0x00007ffa6ce3b000 	C:\Program Files\Java\jdk-17\bin\VCRUNTIME140.dll
0x00007ffa880f0000 - 0x00007ffa8828d000 	C:\Windows\System32\USER32.dll
0x00007ffa86e00000 - 0x00007ffa86e22000 	C:\Windows\System32\win32u.dll
0x00007ffa73a40000 - 0x00007ffa73cda000 	C:\Windows\WinSxS\amd64_microsoft.windows.common-controls_6595b64144ccf1df_6.0.19041.1110_none_60b5254171f9507e\COMCTL32.dll
0x00007ffa87510000 - 0x00007ffa8753c000 	C:\Windows\System32\GDI32.dll
0x00007ffa873f0000 - 0x00007ffa87505000 	C:\Windows\System32\gdi32full.dll
0x00007ffa86d60000 - 0x00007ffa86dfd000 	C:\Windows\System32\msvcp_win.dll
0x00007ffa866c0000 - 0x00007ffa866ca000 	C:\Windows\SYSTEM32\VERSION.dll
0x00007ffa880b0000 - 0x00007ffa880e0000 	C:\Windows\System32\IMM32.DLL
0x00007ffa852b0000 - 0x00007ffa85432000 	C:\Program Files\Avecto\Privilege Guard Client\PGHook.dll
0x00007ffa83ce0000 - 0x00007ffa83cec000 	C:\Program Files\Java\jdk-17\bin\vcruntime140_1.dll
0x00007ffa43b90000 - 0x00007ffa43c1e000 	C:\Program Files\Java\jdk-17\bin\msvcp140.dll
0x00007ff9ab500000 - 0x00007ff9ac0dd000 	C:\Program Files\Java\jdk-17\bin\server\jvm.dll
0x00007ffa88040000 - 0x00007ffa88048000 	C:\Windows\System32\PSAPI.DLL
0x00007ffa6db60000 - 0x00007ffa6db69000 	C:\Windows\SYSTEM32\WSOCK32.dll
0x00007ffa87fd0000 - 0x00007ffa8803b000 	C:\Windows\System32\WS2_32.dll
0x00007ffa77120000 - 0x00007ffa77147000 	C:\Windows\SYSTEM32\WINMM.dll
0x00007ffa84e20000 - 0x00007ffa84e32000 	C:\Windows\SYSTEM32\kernel.appcore.dll
0x00007ffa81c50000 - 0x00007ffa81c5a000 	C:\Program Files\Java\jdk-17\bin\jimage.dll
0x00007ffa83aa0000 - 0x00007ffa83c84000 	C:\Windows\SYSTEM32\DBGHELP.DLL
0x00007ffa65200000 - 0x00007ffa65234000 	C:\Windows\SYSTEM32\dbgcore.DLL
0x00007ffa86e30000 - 0x00007ffa86eb2000 	C:\Windows\System32\bcryptPrimitives.dll
0x00007ffa6d140000 - 0x00007ffa6d1c0000 	C:\Program Files\SentinelOne\Sentinel Agent 22.3.4.612\SentinelJava64.dll
0x00007ffa87540000 - 0x00007ffa8766a000 	C:\Windows\System32\ole32.dll
0x00007ffa87910000 - 0x00007ffa87c64000 	C:\Windows\System32\combase.dll
0x00007ffa522c0000 - 0x00007ffa522e5000 	C:\Program Files\Java\jdk-17\bin\java.dll
0x00007ffa30af0000 - 0x00007ffa30bc7000 	C:\Program Files\Java\jdk-17\bin\jsvml.dll
0x00007ffa88340000 - 0x00007ffa88a84000 	C:\Windows\System32\SHELL32.dll
0x00007ffa84680000 - 0x00007ffa84e13000 	C:\Windows\SYSTEM32\windows.storage.dll
0x00007ffa86370000 - 0x00007ffa8639e000 	C:\Windows\SYSTEM32\Wldp.dll
0x0000024eebdc0000 - 0x0000024eebe6d000 	C:\Windows\System32\SHCORE.dll
0x00007ffa88df0000 - 0x00007ffa88e45000 	C:\Windows\System32\shlwapi.dll
0x00007ffa86ad0000 - 0x00007ffa86aef000 	C:\Windows\SYSTEM32\profapi.dll
0x00007ffa51ea0000 - 0x00007ffa51eb9000 	C:\Program Files\Java\jdk-17\bin\net.dll
0x00007ffa85900000 - 0x00007ffa85a0a000 	C:\Windows\SYSTEM32\WINHTTP.dll
0x00007ffa860d0000 - 0x00007ffa8613a000 	C:\Windows\system32\mswsock.dll
0x00007ffa51ba0000 - 0x00007ffa51bb6000 	C:\Program Files\Java\jdk-17\bin\nio.dll
0x00007ffa51b80000 - 0x00007ffa51b98000 	C:\Program Files\Java\jdk-17\bin\zip.dll
0x00007ffa81bb0000 - 0x00007ffa81bba000 	C:\Program Files\Java\jdk-17\bin\management.dll
0x00007ffa6d710000 - 0x00007ffa6d71b000 	C:\Program Files\Java\jdk-17\bin\management_ext.dll
0x00007ffa862c0000 - 0x00007ffa862d8000 	C:\Windows\SYSTEM32\CRYPTSP.dll
0x00007ffa85870000 - 0x00007ffa858a4000 	C:\Windows\system32\rsaenh.dll
0x00007ffa872c0000 - 0x00007ffa872e7000 	C:\Windows\System32\bcrypt.dll
0x00007ffa86a90000 - 0x00007ffa86abe000 	C:\Windows\SYSTEM32\USERENV.dll
0x00007ffa862e0000 - 0x00007ffa862ec000 	C:\Windows\SYSTEM32\CRYPTBASE.dll
0x00007ffa85d70000 - 0x00007ffa85dac000 	C:\Windows\SYSTEM32\IPHLPAPI.DLL
0x00007ffa88b50000 - 0x00007ffa88b58000 	C:\Windows\System32\NSI.dll
0x00007ffa7ced0000 - 0x00007ffa7cee7000 	C:\Windows\SYSTEM32\dhcpcsvc6.DLL
0x00007ffa7cc00000 - 0x00007ffa7cc1d000 	C:\Windows\SYSTEM32\dhcpcsvc.DLL
0x00007ffa85dc0000 - 0x00007ffa85e8b000 	C:\Windows\SYSTEM32\DNSAPI.dll
0x00007ffa6d6e0000 - 0x00007ffa6d6ed000 	C:\Program Files\Java\jdk-17\bin\sunmscapi.dll
0x00007ffa86c00000 - 0x00007ffa86d5e000 	C:\Windows\System32\CRYPT32.dll
0x00007ffa863e0000 - 0x00007ffa86408000 	C:\Windows\SYSTEM32\ncrypt.dll
0x00007ffa863a0000 - 0x00007ffa863db000 	C:\Windows\SYSTEM32\NTASN1.dll
0x00007ffa4d6b0000 - 0x00007ffa4d6b7000 	C:\Windows\system32\wshunix.dll

dbghelp: loaded successfully - version: 4.0.5 - missing functions: none
symbol engine: initialized successfully - sym options: 0x614 - pdb path: .;C:\Program Files\Java\jdk-17\bin;C:\Windows\SYSTEM32;C:\Program Files\SentinelOne\Sentinel Agent 22.3.4.612;C:\Windows\WinSxS\amd64_microsoft.windows.common-controls_6595b64144ccf1df_6.0.19041.1110_none_60b5254171f9507e;C:\Program Files\Avecto\Privilege Guard Client;C:\Program Files\Java\jdk-17\bin\server

VM Arguments:
jvm_args: -Dfile.encoding=UTF-8 -XX:+ShowCodeDetailsInExceptionMessages -agentpath:C:\Program Files\SentinelOne\Sentinel Agent 22.3.4.612\SentinelJava64.dll 
java_command: com.project.springboot.myfirstwebapp.MyfirstwebappApplication
java_class_path (initial): C:\Users\aditya.kumar\OneDrive - Hansen Technologies Limited\Desktop\Studies\SprintBoot\myfirstwebapp\target\classes;C:\Users\aditya.kumar\.m2\repository\org\springframework\boot\spring-boot-starter-web\3.1.0\spring-boot-starter-web-3.1.0.jar;C:\Users\aditya.kumar\.m2\repository\org\springframework\boot\spring-boot-starter\3.1.0\spring-boot-starter-3.1.0.jar;C:\Users\aditya.kumar\.m2\repository\org\springframework\boot\spring-boot-starter-logging\3.1.0\spring-boot-starter-logging-3.1.0.jar;C:\Users\aditya.kumar\.m2\repository\ch\qos\logback\logback-classic\1.4.7\logback-classic-1.4.7.jar;C:\Users\aditya.kumar\.m2\repository\ch\qos\logback\logback-core\1.4.7\logback-core-1.4.7.jar;C:\Users\aditya.kumar\.m2\repository\org\apache\logging\log4j\log4j-to-slf4j\2.20.0\log4j-to-slf4j-2.20.0.jar;C:\Users\aditya.kumar\.m2\repository\org\apache\logging\log4j\log4j-api\2.20.0\log4j-api-2.20.0.jar;C:\Users\aditya.kumar\.m2\repository\org\slf4j\jul-to-slf4j\2.0.7\jul-to-slf4j-2.0.7.jar;C:\Users\aditya.kumar\.m2\repository\jakarta\annotation\jakarta.annotation-api\2.1.1\jakarta.annotation-api-2.1.1.jar;C:\Users\aditya.kumar\.m2\repository\org\yaml\snakeyaml\1.33\snakeyaml-1.33.jar;C:\Users\aditya.kumar\.m2\repository\org\springframework\boot\spring-boot-starter-json\3.1.0\spring-boot-starter-json-3.1.0.jar;C:\Users\aditya.kumar\.m2\repository\com\fasterxml\jackson\core\jackson-databind\2.15.0\jackson-databind-2.15.0.jar;C:\Users\aditya.kumar\.m2\repository\com\fasterxml\jackson\core\jackson-annotations\2.15.0\jackson-annotations-2.15.0.jar;C:\Users\aditya.kumar\.m2\repository\com\fasterxml\jackson\core\jackson-core\2.15.0\jackson-core-2.15.0.jar;C:\Users\aditya.kumar\.m2\repository\com\fasterxml\jackson\datatype\jackson-datatype-jdk8\2.15.0\jackson-datatype-jdk8-2.15.0.jar;C:\Users\aditya.kumar\.m2\repository\com\fasterxml\jackson\datatype\jackson-datatype-jsr310\2.15.0\jackson-datatype-jsr310-2.15.0.jar;C:\Users\aditya.kumar\.m2\repository\com\faster
Launcher Type: SUN_STANDARD

[Global flags]
     intx CICompilerCount                          = 4                                         {product} {ergonomic}
     uint ConcGCThreads                            = 3                                         {product} {ergonomic}
     uint G1ConcRefinementThreads                  = 10                                        {product} {ergonomic}
   size_t G1HeapRegionSize                         = 4194304                                   {product} {ergonomic}
    uintx GCDrainStackTargetSize                   = 64                                        {product} {ergonomic}
   size_t InitialHeapSize                          = 532676608                                 {product} {ergonomic}
   size_t MarkStackSize                            = 4194304                                   {product} {ergonomic}
   size_t MaxHeapSize                              = 8510242816                                {product} {ergonomic}
   size_t MaxNewSize                               = 5104467968                                {product} {ergonomic}
   size_t MinHeapDeltaBytes                        = 4194304                                   {product} {ergonomic}
   size_t MinHeapSize                              = 8388608                                   {product} {ergonomic}
    uintx NonNMethodCodeHeapSize                   = 5839372                                {pd product} {ergonomic}
    uintx NonProfiledCodeHeapSize                  = 122909434                              {pd product} {ergonomic}
    uintx ProfiledCodeHeapSize                     = 122909434                              {pd product} {ergonomic}
    uintx ReservedCodeCacheSize                    = 251658240                              {pd product} {ergonomic}
     bool SegmentedCodeCache                       = true                                      {product} {ergonomic}
     bool ShowCodeDetailsInExceptionMessages       = true                                   {manageable} {command line}
   size_t SoftMaxHeapSize                          = 8510242816                             {manageable} {ergonomic}
     bool UseCompressedClassPointers               = true                           {product lp64_product} {ergonomic}
     bool UseCompressedOops                        = true                           {product lp64_product} {ergonomic}
     bool UseG1GC                                  = true                                      {product} {ergonomic}
     bool UseLargePagesIndividualAllocation        = false                                  {pd product} {ergonomic}

Logging:
Log output configuration:
 #0: stdout all=warning uptime,level,tags
 #1: stderr all=off uptime,level,tags

Environment Variables:
JAVA_HOME=C:\Program Files\Java\jdk1.8.0_202
PATH=C:/Program Files (x86)/Java/jdk-19/bin/server;C:/Program Files (x86)/Java/jdk-19/bin;C:\Program Files (x86)\Common Files\Oracle\Java\javapath;C:\Windows\system32;C:\Windows;C:\Windows\System32\Wbem;C:\Windows\System32\WindowsPowerShell\v1.0\;C:\Windows\System32\OpenSSH\;C:\Program Files\dotnet\;C:\Program Files\Java\jdk1.8.0_202\bin;C:\Program Files\apache-maven-3.8.6\bin;C:\Program Files\PuTTY\;C:\Program Files\Git\cmd;C:\Program Files\Java\jdk-17\bin;C:\Program Files (x86)\Java\jdk-19\bin;C:\Users\aditya.kumar\AppData\Local\Microsoft\WindowsApps;;C:\Users\aditya.kumar\OneDrive - Hansen Technologies Limited\Desktop\Studies;
USERNAME=Aditya.Kumar
OS=Windows_NT
PROCESSOR_IDENTIFIER=Intel64 Family 6 Model 154 Stepping 4, GenuineIntel



---------------  S Y S T E M  ---------------

OS:
 Windows 10 , 64 bit Build 19041 (10.0.19041.2913)
OS uptime: 13 days 6:51 hours

CPU: total 12 (initial active 12) (6 cores per cpu, 2 threads per core) family 6 model 154 stepping 4 microcode 0x429, cx8, cmov, fxsr, ht, mmx, 3dnowpref, sse, sse2, sse3, ssse3, sse4.1, sse4.2, popcnt, lzcnt, tsc, tscinvbit, avx, avx2, aes, erms, clmul, bmi1, bmi2, adx, sha, fma, vzeroupper, clflush, clflushopt, clwb

Memory: 4k page, system-wide physical 32452M (12778M free)
TotalPageFile size 37316M (AvailPageFile size 10988M)
current process WorkingSet (physical memory assigned to process): 224M, peak: 224M
current process commit charge ("private bytes"): 270M, peak: 692M

vm_info: Java HotSpot(TM) 64-Bit Server VM (17.0.7+8-LTS-224) for windows-amd64 JRE (17.0.7+8-LTS-224), built on Feb 28 2023 23:03:02 by "mach5one" with MS VC++ 17.1 (VS2022)

END.
