#
# A fatal error has been detected by the Java Runtime Environment:
#
#  EXCEPTION_ACCESS_VIOLATION (0xc0000005) at pc=0x00000142b373d3b6, pid=764, tid=8888
#
# JRE version: Java(TM) SE Runtime Environment (17.0.7+8) (build 17.0.7+8-LTS-224)
# Java VM: Java HotSpot(TM) 64-Bit Server VM (17.0.7+8-LTS-224, mixed mode, sharing, tiered, compressed oops, compressed class ptrs, g1 gc, windows-amd64)
# Problematic frame:
# J 4663 c1 jakarta.servlet.http.HttpServletRequestWrapper._getHttpServletRequest()Ljakarta/servlet/http/HttpServletRequest; (8 bytes) @ 0x00000142b373d3b6 [0x00000142b373d320+0x0000000000000096]
#
# No core dump will be written. Minidumps are not enabled by default on client versions of Windows
#
# If you would like to submit a bug report, please visit:
#   https://bugreport.java.com/bugreport/crash.jsp
#

---------------  S U M M A R Y ------------

Command Line: -Dfile.encoding=UTF-8 -XX:+ShowCodeDetailsInExceptionMessages -agentpath:C:\Program Files\SentinelOne\Sentinel Agent 22.3.4.612\SentinelJava64.dll com.project.springboot.myfirstwebapp.MyfirstwebappApplication

Host: 12th Gen Intel(R) Core(TM) i7-1255U, 12 cores, 31G,  Windows 10 , 64 bit Build 19041 (10.0.19041.2913)
Time: Fri Jun  9 01:21:04 2023 India Standard Time elapsed time: 852.823636 seconds (0d 0h 14m 12s)

---------------  T H R E A D  ---------------

Current thread (0x00000142ddcb7080):  JavaThread "http-nio-8080-exec-3" daemon [_thread_in_Java, id=8888, stack(0x0000000ddec00000,0x0000000dded00000)]

Stack: [0x0000000ddec00000,0x0000000dded00000],  sp=0x0000000ddecf88f0,  free space=994k
Native frames: (J=compiled Java code, j=interpreted, Vv=VM code, C=native code)
C  0x00000142b373d3b6


siginfo: EXCEPTION_ACCESS_VIOLATION (0xc0000005), reading address 0x0000000208000010


Register to memory mapping:

RIP=0x00000142b373d3b6 is at entry_point+150 in (nmethod*)0x00000142b373d190
RAX=0x0000000208000008 is an unknown value
RBX=0x0000000800f25508 is a pointer to class: 
jakarta.servlet.http.HttpServletRequest {0x0000000800f25510}
 - instance size:     2
 - klass size:        63
 - access:            public interface abstract 
 - state:             fully_initialized
 - name:              'jakarta/servlet/http/HttpServletRequest'
 - super:             'java/lang/Object'
 - sub:               
 - nof implementors:  2
 - arrays:            NULL
 - methods:           Array<T>(0x00000142dc4fbc20)
 - method ordering:   Array<T>(0x00000008008f4220)
 - default_methods:   Array<T>(0x0000000000000000)
 - local interfaces:  Array<T>(0x00000142dc4f87e8)
 - trans. interfaces: Array<T>(0x00000142dc4f87e8)
 - constants:         constant pool [249] {0x00000142dc4fb3d0} for 'jakarta/servlet/http/HttpServletRequest' cache=0x00000142df762db0
 - class loader data:  loader data: 0x00000142d8067140 for instance a 'jdk/internal/loader/ClassLoaders$AppClassLoader'{0x0000000604c99f50}
 - source file:       'HttpServletRequest.java'
 - class annotations:       Array<T>(0x0000000000000000)
 - class type annotations:  Array<T>(0x0000000000000000)
 - field annotations:       Array<T>(0x0000000000000000)
 - field type annotations:  Array<T>(0x0000000000000000)
 - inner classes:     Array<T>(0x00000142dc4f9b78)
 - nest members:     Array<T>(0x00000142dc4f9b90)
 - permitted subclasses:     Array<T>(0x00000008005cfed8)
 - java mirror:       a 'java/lang/Class'{0x0000000605622278} = 'jakarta/servlet/http/HttpServletRequest'
 - vtable length      5  (start addr: 0x0000000800f256d0)
 - itable length      0 (start addr: 0x0000000800f256f8)
 - ---- static fields (2 words):
 - public static final 'BASIC_AUTH' 'Ljava/lang/String;' @112 
 - public static final 'FORM_AUTH' 'Ljava/lang/String;' @116 
 - public static final 'CLIENT_CERT_AUTH' 'Ljava/lang/String;' @120 
 - public static final 'DIGEST_AUTH' 'Ljava/lang/String;' @124 
 - ---- non-static fields (0 words):
 - non-static oop maps: 
RCX=0x00007ffa8c39ebc0 jvm.dll
RDX=0x00007ffa8c39ebc0 jvm.dll
RSP=0x0000000ddecf88f0 is pointing into the stack for thread: 0x00000142ddcb7080
RBP=0x0000000ddecf8990 is pointing into the stack for thread: 0x00000142ddcb7080
RSI=0x00000142df7fb068 is pointing into metadata
RDI=0x0000000ddecf8d68 is pointing into the stack for thread: 0x00000142ddcb7080
R8 =0x0000000ddecf8d70 is pointing into the stack for thread: 0x00000142ddcb7080
R9 =0x0000000000000001 is an unknown value
R10=0x00007ffa8c968280 jvm.dll
R11=0x00000142b373d340 is at entry_point+32 in (nmethod*)0x00000142b373d190
R12=0x0 is NULL
R13=0x0000000ddecf8940 is pointing into the stack for thread: 0x00000142ddcb7080
R14=0x0000000ddecf89a8 is pointing into the stack for thread: 0x00000142ddcb7080
R15=0x00000142ddcb7080 is a thread


Registers:
RAX=0x0000000208000008, RBX=0x0000000800f25508, RCX=0x00007ffa8c39ebc0, RDX=0x00007ffa8c39ebc0
RSP=0x0000000ddecf88f0, RBP=0x0000000ddecf8990, RSI=0x00000142df7fb068, RDI=0x0000000ddecf8d68
R8 =0x0000000ddecf8d70, R9 =0x0000000000000001, R10=0x00007ffa8c968280, R11=0x00000142b373d340
R12=0x0000000000000000, R13=0x0000000ddecf8940, R14=0x0000000ddecf89a8, R15=0x00000142ddcb7080
RIP=0x00000142b373d3b6, EFLAGS=0x0000000000010202

Top of Stack: (sp=0x0000000ddecf88f0)
0x0000000ddecf88f0:   0000000000000000 0000000000000000
0x0000000ddecf8900:   00000006056d1e68 0000000000000000
0x0000000ddecf8910:   0000000607fa1a20 0000000607f7bb98
0x0000000ddecf8920:   0000000ddecf8990 00000142ba5d9657
0x0000000ddecf8930:   0000000ddecf8980 00000142ba5d9657
0x0000000ddecf8940:   00007ffa8c39ebc0 0000000ddecf8948
0x0000000ddecf8950:   00000142df68c601 0000000ddecf89a8
0x0000000ddecf8960:   00000142df7ae850 00000142e104c140
0x0000000ddecf8970:   00000006051615e8 00000142df68c630
0x0000000ddecf8980:   0000000ddecf8940 0000000ddecf89a0
0x0000000ddecf8990:   0000000ddecf8b80 00000142ba5d1010
0x0000000ddecf89a0:   000000060805e890 00007ffa8c39ebc0
0x0000000ddecf89b0:   0000000000000000 0000000000000000
0x0000000ddecf89c0:   00000142ddcb7080 0000000800453df8
0x0000000ddecf89d0:   0000014200000000 00000142dae08e00
0x0000000ddecf89e0:   0000000800009f00 0000000800009f00 

Instructions: (pc=0x00000142b373d3b6)
0x00000142b373d2b6:   00 00 38 04 00 00 20 00 00 00 37 12 00 00 03 00
0x00000142b373d2c6:   00 00 00 00 00 00 02 00 00 00 00 00 00 00 00 00
0x00000142b373d2d6:   00 00 dc 01 00 00 06 00 00 00 ff ff ff ff ff ff
0x00000142b373d2e6:   ff ff 14 60 18 c0 2b c0 1f c0 16 c0 2f 64 10 c0
0x00000142b373d2f6:   93 c0 21 b0 0e c0 17 64 0e 64 38 f0 05 80 11 64
0x00000142b373d306:   29 64 0f 00 00 64 03 f8 70 8c 70 cf fa 7f 05 70
0x00000142b373d316:   0e 60 01 f8 7e ff 0e 90 0c 64 44 8b 52 08 49 bb
0x00000142b373d326:   00 00 00 00 08 00 00 00 4d 03 d3 4c 3b d0 0f 85
0x00000142b373d336:   46 f7 ed 06 66 0f 1f 44 00 00 89 84 24 00 90 ff
0x00000142b373d346:   ff 55 48 83 ec 30 48 b8 68 b0 7f df 42 01 00 00
0x00000142b373d356:   8b b0 cc 00 00 00 83 c6 02 89 b0 cc 00 00 00 81
0x00000142b373d366:   e6 fe 07 00 00 83 fe 00 0f 84 39 01 00 00 48 8b
0x00000142b373d376:   c2 48 be 68 b0 7f df 42 01 00 00 48 83 86 10 01
0x00000142b373d386:   00 00 01 8b 42 0c 48 c1 e0 03 48 83 f8 00 75 16
0x00000142b373d396:   48 bf 68 b0 7f df 42 01 00 00 80 8f 19 01 00 00
0x00000142b373d3a6:   01 e9 ee 00 00 00 48 bb 08 55 f2 00 08 00 00 00
0x00000142b373d3b6:   8b 78 08 49 ba 00 00 00 00 08 00 00 00 49 03 fa
0x00000142b373d3c6:   48 3b 5f 20 0f 84 1b 00 00 00 48 3b fb 0f 84 12
0x00000142b373d3d6:   00 00 00 57 53 e8 20 ad f8 06 5f 5f 83 ff 00 0f
0x00000142b373d3e6:   84 93 00 00 00 48 bf 68 b0 7f df 42 01 00 00 8b
0x00000142b373d3f6:   58 08 49 ba 00 00 00 00 08 00 00 00 49 03 da 48
0x00000142b373d406:   3b 9f 30 01 00 00 75 0d 48 83 87 38 01 00 00 01
0x00000142b373d416:   e9 7f 00 00 00 48 3b 9f 40 01 00 00 75 0d 48 83
0x00000142b373d426:   87 48 01 00 00 01 e9 69 00 00 00 48 81 bf 30 01
0x00000142b373d436:   00 00 00 00 00 00 75 17 48 89 9f 30 01 00 00 48
0x00000142b373d446:   c7 87 38 01 00 00 01 00 00 00 e9 45 00 00 00 48
0x00000142b373d456:   81 bf 40 01 00 00 00 00 00 00 75 17 48 89 9f 40
0x00000142b373d466:   01 00 00 48 c7 87 48 01 00 00 01 00 00 00 e9 21
0x00000142b373d476:   00 00 00 e9 1c 00 00 00 48 bf 68 b0 7f df 42 01
0x00000142b373d486:   00 00 48 83 af 20 01 00 00 01 e9 39 00 00 00 e9
0x00000142b373d496:   00 00 00 00 48 83 c4 30 5d 49 3b a7 40 03 00 00
0x00000142b373d4a6:   0f 87 2b 00 00 00 c3 49 ba 28 b1 68 df 42 01 00 


Stack slot to memory mapping:
stack at sp + 0 slots: 0x0 is NULL
stack at sp + 1 slots: 0x0 is NULL
stack at sp + 2 slots: 0x00000006056d1e68 is an oop: java.lang.Class 
{0x00000006056d1e68} - klass: 'java/lang/Class'
 - ---- fields (total size 14 words):
 - private volatile transient 'classRedefinedCount' 'I' @12  0
 - private volatile transient 'cachedConstructor' 'Ljava/lang/reflect/Constructor;' @40  NULL (0)
 - private transient 'name' 'Ljava/lang/String;' @44  "org.apache.tomcat.InstanceManager"{0x00000006055130a8} (c0aa2615)
 - private transient 'module' 'Ljava/lang/Module;' @48  a 'java/lang/Module'{0x0000000604cb0ec8} (c09961d9)
 - private final 'classLoader' 'Ljava/lang/ClassLoader;' @52  a 'jdk/internal/loader/ClassLoaders$AppClassLoader'{0x0000000604c99f50} (c09933ea)
 - private transient 'classData' 'Ljava/lang/Object;' @56  NULL (0)
 - private transient 'packageName' 'Ljava/lang/String;' @60  "org.apache.tomcat"{0x0000000605572938} (c0aae527)
 - private final 'componentType' 'Ljava/lang/Class;' @64  NULL (0)
 - private volatile transient 'reflectionData' 'Ljava/lang/ref/SoftReference;' @68  NULL (0)
 - private volatile transient 'genericInfo' 'Lsun/reflect/generics/repository/ClassRepository;' @72  NULL (0)
 - private volatile transient 'enumConstants' '[Ljava/lang/Object;' @76  NULL (0)
 - private volatile transient 'enumConstantDirectory' 'Ljava/util/Map;' @80  NULL (0)
 - private volatile transient 'annotationData' 'Ljava/lang/Class$AnnotationData;' @84  NULL (0)
 - private volatile transient 'annotationType' 'Lsun/reflect/annotation/AnnotationType;' @88  NULL (0)
 - transient 'classValueMap' 'Ljava/lang/ClassValue$ClassValueMap;' @92  NULL (0)
 - signature: Lorg/apache/tomcat/InstanceManager;
 - fake entry for mirror: 'org/apache/tomcat/InstanceManager'
 - fake entry for array: NULL
 - fake entry for oop_size: 14
 - fake entry for static_oop_field_count: 0
stack at sp + 3 slots: 0x0 is NULL
stack at sp + 4 slots: 0x0000000607fa1a20 is an oop: java.lang.String 
{0x0000000607fa1a20} - klass: 'java/lang/String'
 - string: "org.apache.tomcat.InstanceManager"
stack at sp + 5 slots: 0x0000000607f7bb98 is an oop: org.apache.jasper.servlet.JasperLoader 
{0x0000000607f7bb98} - klass: 'org/apache/jasper/servlet/JasperLoader'
 - ---- fields (total size 14 words):
 - private 'defaultAssertionStatus' 'Z' @12  false
 - private final 'parent' 'Ljava/lang/ClassLoader;' @24  a 'org/springframework/boot/web/embedded/tomcat/TomcatEmbeddedWebappClassLoader'{0x0000000606c32b80} (c0d86570)
 - private final 'name' 'Ljava/lang/String;' @28  NULL (0)
 - private final 'unnamedModule' 'Ljava/lang/Module;' @32  a 'java/lang/Module'{0x0000000607f7bd48} (c0fef7a9)
 - private final 'nameAndId' 'Ljava/lang/String;' @36  "org.apache.jasper.servlet.JasperLoader @5921d046"{0x0000000607f7bec0} (c0fef7d8)
 - private final 'parallelLockMap' 'Ljava/util/concurrent/ConcurrentHashMap;' @40  NULL (0)
 - private final 'package2certs' 'Ljava/util/concurrent/ConcurrentHashMap;' @44  a 'java/util/concurrent/ConcurrentHashMap'{0x0000000607f7bd80} (c0fef7b0)
 - private final 'classes' 'Ljava/util/ArrayList;' @48  a 'java/util/ArrayList'{0x0000000607f7bc20} (c0fef784)
 - private final 'defaultDomain' 'Ljava/security/ProtectionDomain;' @52  a 'java/security/ProtectionDomain'{0x0000000607f7bc38} (c0fef787)
 - private final 'packages' 'Ljava/util/concurrent/ConcurrentHashMap;' @56  a 'java/util/concurrent/ConcurrentHashMap'{0x0000000607f7bca8} (c0fef795)
 - private final 'libraries' 'Ljdk/internal/loader/NativeLibraries;' @60  a 'jdk/internal/loader/NativeLibraries'{0x0000000607f7bce8} (c0fef79d)
 - final 'assertionLock' 'Ljava/lang/Object;' @64  a 'org/apache/jasper/servlet/JasperLoader'{0x0000000607f7bb98} (c0fef773)
 - private 'packageAssertionStatus' 'Ljava/util/Map;' @68  NULL (0)
 - 'classAssertionStatus' 'Ljava/util/Map;' @72  NULL (0)
 - private volatile 'classLoaderValueMap' 'Ljava/util/concurrent/ConcurrentHashMap;' @76  NULL (0)
 - private final 'pdcache' 'Ljava/util/Map;' @80  a 'java/util/concurrent/ConcurrentHashMap'{0x0000000607f7bf18} (c0fef7e3)
 - private final 'ucp' 'Ljdk/internal/loader/URLClassPath;' @84  a 'jdk/internal/loader/URLClassPath'{0x0000000607f7c258} (c0fef84b)
 - private final 'acc' 'Ljava/security/AccessControlContext;' @88  a 'java/security/AccessControlContext'{0x0000000607f7c0f0} (c0fef81e)
 - private 'closeables' 'Ljava/util/WeakHashMap;' @92  a 'java/util/WeakHashMap'{0x0000000607f7bf58} (c0fef7eb)
 - private final 'permissionCollection' 'Ljava/security/PermissionCollection;' @96  NULL (0)
 - private final 'securityManager' 'Ljava/lang/SecurityManager;' @100  NULL (0)
 - private final 'packageName' 'Ljava/lang/String;' @104  "org.apache.jsp"{0x00000006050acf70} (c0a159ee)
stack at sp + 6 slots: 0x0000000ddecf8990 is pointing into the stack for thread: 0x00000142ddcb7080
stack at sp + 7 slots: 0x00000142ba5d9657 is at code_begin+1463 in an Interpreter codelet
return entry points  [0x00000142ba5d90a0, 0x00000142ba5d9ba0]  2816 bytes

--------------------------------------------------------------------------------
[Constant Pool (empty)]

--------------------------------------------------------------------------------

[MachCode]
  0x00000142b373d320: 448b 5208 | 49bb 0000 | 0000 0800 | 0000 4d03 | d34c 3bd0 | 0f85 46f7 | ed06 660f | 1f44 0000 
  0x00000142b373d340: 8984 2400 | 90ff ff55 | 4883 ec30 | 48b8 68b0 | 7fdf 4201 | 0000 8bb0 | cc00 0000 | 83c6 0289 
  0x00000142b373d360: b0cc 0000 | 0081 e6fe | 0700 0083 | fe00 0f84 | 3901 0000 | 488b c248 | be68 b07f | df42 0100 
  0x00000142b373d380: 0048 8386 | 1001 0000 | 018b 420c | 48c1 e003 | 4883 f800 | 7516 48bf | 68b0 7fdf | 4201 0000 
  0x00000142b373d3a0: 808f 1901 | 0000 01e9 | ee00 0000 | 48bb 0855 | f200 0800 | 0000 8b78 | 0849 ba00 | 0000 0008 
  0x00000142b373d3c0: 0000 0049 | 03fa 483b | 5f20 0f84 | 1b00 0000 | 483b fb0f | 8412 0000 | 0057 53e8 | 20ad f806 
  0x00000142b373d3e0: 5f5f 83ff | 000f 8493 | 0000 0048 | bf68 b07f | df42 0100 | 008b 5808 | 49ba 0000 | 0000 0800 
  0x00000142b373d400: 0000 4903 | da48 3b9f | 3001 0000 | 750d 4883 | 8738 0100 | 0001 e97f | 0000 0048 | 3b9f 4001 
  0x00000142b373d420: 0000 750d | 4883 8748 | 0100 0001 | e969 0000 | 0048 81bf | 3001 0000 | 0000 0000 | 7517 4889 
  0x00000142b373d440: 9f30 0100 | 0048 c787 | 3801 0000 | 0100 0000 | e945 0000 | 0048 81bf | 4001 0000 | 0000 0000 
  0x00000142b373d460: 7517 4889 | 9f40 0100 | 0048 c787 | 4801 0000 | 0100 0000 | e921 0000 | 00e9 1c00 | 0000 48bf 
  0x00000142b373d480: 68b0 7fdf | 4201 0000 | 4883 af20 | 0100 0001 | e939 0000 | 00e9 0000 | 0000 4883 | c430 5d49 
  0x00000142b373d4a0: 3ba7 4003 | 0000 0f87 | 2b00 0000 | c349 ba28 | b168 df42 | 0100 004c | 8954 2408 | 48c7 0424 
  0x00000142b373d4c0: ffff ffff | e837 d6f8 | 06e9 a6fe | ffff 4889 | 0424 e849 | a6f8 0649 | ba9f d473 | b342 0100 
  0x00000142b373d4e0: 004d 8997 | 5803 0000 | e913 5fee | 0690 9049 | 8b87 d003 | 0000 49c7 | 87d0 0300 | 0000 0000 
  0x00000142b373d500: 0049 c787 | d803 0000 | 0000 0000 | 4883 c430 | 5de9 ea72 | f806 f4f4 | f4f4 f4f4 | f4f4 f4f4 
  0x00000142b373d520: e8db 9ff8 | 0648 b970 | cf70 8cfa | 7f00 0048 | 83e4 f049 | ba40 cb3e | 8cfa 7f00 | 0041 ffd2 
  0x00000142b373d540: f449 ba41 | d573 b342 | 0100 0041 | 52e9 4e51 | ee06 f4f4 | f4f4 f4f4 
[/MachCode]
--------------------------------------------------------------------------------


---------------  P R O C E S S  ---------------

Threads class SMR info:
_java_thread_list=0x00000142da8bc4a0, length=31, elements={
0x00000142d5510fa0, 0x00000142d5511cb0, 0x00000142d5526240, 0x00000142d8062fc0,
0x00000142d8065890, 0x00000142d8070170, 0x00000142d80778d0, 0x00000142d809a160,
0x00000142d809b240, 0x00000142d81fcd50, 0x00000142d8161640, 0x00000142da6a23b0,
0x00000142ddcb53a0, 0x00000142ddcb66e0, 0x00000142ddcb4a00, 0x00000142ddcb4530,
0x00000142ddcb6210, 0x00000142ddcb9230, 0x00000142ddcba0a0, 0x00000142ddcb7ef0,
0x00000142ddcb7080, 0x00000142ddcba570, 0x00000142ddcb6bb0, 0x00000142ddcbaf10,
0x00000142ddcbb3e0, 0x00000142ddcb4ed0, 0x00000142da6a3220, 0x00000142da6a36f0,
0x00000142da6a4a30, 0x00000142da6a1070, 0x00000142d924e3d0
}

Java Threads: ( => current thread )
  0x00000142d5510fa0 JavaThread "Reference Handler" daemon [_thread_blocked, id=23416, stack(0x0000000ddca00000,0x0000000ddcb00000)]
  0x00000142d5511cb0 JavaThread "Finalizer" daemon [_thread_blocked, id=20092, stack(0x0000000ddcb00000,0x0000000ddcc00000)]
  0x00000142d5526240 JavaThread "Signal Dispatcher" daemon [_thread_blocked, id=28236, stack(0x0000000ddcc00000,0x0000000ddcd00000)]
  0x00000142d8062fc0 JavaThread "Attach Listener" daemon [_thread_blocked, id=23592, stack(0x0000000ddcd00000,0x0000000ddce00000)]
  0x00000142d8065890 JavaThread "Service Thread" daemon [_thread_blocked, id=19156, stack(0x0000000ddce00000,0x0000000ddcf00000)]
  0x00000142d8070170 JavaThread "Monitor Deflation Thread" daemon [_thread_blocked, id=7032, stack(0x0000000ddcf00000,0x0000000ddd000000)]
  0x00000142d80778d0 JavaThread "C2 CompilerThread0" daemon [_thread_in_native, id=24684, stack(0x0000000ddd000000,0x0000000ddd100000)]
  0x00000142d809a160 JavaThread "C1 CompilerThread0" daemon [_thread_blocked, id=4568, stack(0x0000000ddd100000,0x0000000ddd200000)]
  0x00000142d809b240 JavaThread "Sweeper thread" daemon [_thread_blocked, id=26684, stack(0x0000000ddd200000,0x0000000ddd300000)]
  0x00000142d81fcd50 JavaThread "Notification Thread" daemon [_thread_blocked, id=22700, stack(0x0000000ddd300000,0x0000000ddd400000)]
  0x00000142d8161640 JavaThread "Common-Cleaner" daemon [_thread_blocked, id=27204, stack(0x0000000ddd500000,0x0000000ddd600000)]
  0x00000142da6a23b0 JavaThread "Live Reload Server" daemon [_thread_in_native, id=17308, stack(0x0000000dde900000,0x0000000ddea00000)]
  0x00000142ddcb53a0 JavaThread "DestroyJavaVM" [_thread_blocked, id=22216, stack(0x0000000ddc300000,0x0000000ddc400000)]
  0x00000142ddcb66e0 JavaThread "File Watcher" daemon [_thread_blocked, id=6776, stack(0x0000000ddd700000,0x0000000ddd800000)]
  0x00000142ddcb4a00 JavaThread "Catalina-utility-1" [_thread_blocked, id=1724, stack(0x0000000dde600000,0x0000000dde700000)]
  0x00000142ddcb4530 JavaThread "Catalina-utility-2" [_thread_blocked, id=4444, stack(0x0000000dde700000,0x0000000dde800000)]
  0x00000142ddcb6210 JavaThread "container-1" [_thread_blocked, id=11596, stack(0x0000000dde800000,0x0000000dde900000)]
  0x00000142ddcb9230 JavaThread "File Watcher" daemon [_thread_in_native, id=20380, stack(0x0000000dde500000,0x0000000dde600000)]
  0x00000142ddcba0a0 JavaThread "http-nio-8080-exec-1" daemon [_thread_blocked, id=26992, stack(0x0000000ddea00000,0x0000000ddeb00000)]
  0x00000142ddcb7ef0 JavaThread "http-nio-8080-exec-2" daemon [_thread_blocked, id=28528, stack(0x0000000ddeb00000,0x0000000ddec00000)]
=>0x00000142ddcb7080 JavaThread "http-nio-8080-exec-3" daemon [_thread_in_Java, id=8888, stack(0x0000000ddec00000,0x0000000dded00000)]
  0x00000142ddcba570 JavaThread "http-nio-8080-exec-4" daemon [_thread_blocked, id=6140, stack(0x0000000dded00000,0x0000000ddee00000)]
  0x00000142ddcb6bb0 JavaThread "http-nio-8080-exec-5" daemon [_thread_blocked, id=23820, stack(0x0000000ddee00000,0x0000000ddef00000)]
  0x00000142ddcbaf10 JavaThread "http-nio-8080-exec-6" daemon [_thread_blocked, id=4068, stack(0x0000000ddef00000,0x0000000ddf000000)]
  0x00000142ddcbb3e0 JavaThread "http-nio-8080-exec-7" daemon [_thread_blocked, id=25104, stack(0x0000000ddf000000,0x0000000ddf100000)]
  0x00000142ddcb4ed0 JavaThread "http-nio-8080-exec-8" daemon [_thread_blocked, id=26708, stack(0x0000000ddf100000,0x0000000ddf200000)]
  0x00000142da6a3220 JavaThread "http-nio-8080-exec-9" daemon [_thread_blocked, id=25880, stack(0x0000000ddf200000,0x0000000ddf300000)]
  0x00000142da6a36f0 JavaThread "http-nio-8080-exec-10" daemon [_thread_blocked, id=5312, stack(0x0000000ddf300000,0x0000000ddf400000)]
  0x00000142da6a4a30 JavaThread "http-nio-8080-Poller" daemon [_thread_in_native, id=27636, stack(0x0000000ddf400000,0x0000000ddf500000)]
  0x00000142da6a1070 JavaThread "http-nio-8080-Acceptor" daemon [_thread_in_native, id=25772, stack(0x0000000ddf500000,0x0000000ddf600000)]
  0x00000142d924e3d0 JavaThread "C2 CompilerThread1" daemon [_thread_in_native, id=17616, stack(0x0000000ddd600000,0x0000000ddd700000)]

Other Threads:
  0x00000142d5509c40 VMThread "VM Thread" [stack: 0x0000000ddc900000,0x0000000ddca00000] [id=23800]
  0x00000142d81faaa0 WatcherThread [stack: 0x0000000ddd400000,0x0000000ddd500000] [id=26492]
  0x00000142ab8e1b10 GCTaskThread "GC Thread#0" [stack: 0x0000000ddc400000,0x0000000ddc500000] [id=26776]
  0x00000142da7c8bc0 GCTaskThread "GC Thread#1" [stack: 0x0000000ddda00000,0x0000000dddb00000] [id=26364]
  0x00000142da7c8910 GCTaskThread "GC Thread#2" [stack: 0x0000000dddb00000,0x0000000dddc00000] [id=18972]
  0x00000142da7c8e70 GCTaskThread "GC Thread#3" [stack: 0x0000000dddc00000,0x0000000dddd00000] [id=28144]
  0x00000142da7c9120 GCTaskThread "GC Thread#4" [stack: 0x0000000dddd00000,0x0000000ddde00000] [id=6432]
  0x00000142da7c78f0 GCTaskThread "GC Thread#5" [stack: 0x0000000ddde00000,0x0000000dddf00000] [id=27092]
  0x00000142da7c7ba0 GCTaskThread "GC Thread#6" [stack: 0x0000000dddf00000,0x0000000dde000000] [id=1488]
  0x00000142da7c7e50 GCTaskThread "GC Thread#7" [stack: 0x0000000dde000000,0x0000000dde100000] [id=1940]
  0x00000142da7c8100 GCTaskThread "GC Thread#8" [stack: 0x0000000dde100000,0x0000000dde200000] [id=27304]
  0x00000142da7c83b0 GCTaskThread "GC Thread#9" [stack: 0x0000000dde200000,0x0000000dde300000] [id=7492]
  0x00000142ab8edd70 ConcurrentGCThread "G1 Main Marker" [stack: 0x0000000ddc500000,0x0000000ddc600000] [id=4556]
  0x00000142ab8ee600 ConcurrentGCThread "G1 Conc#0" [stack: 0x0000000ddc600000,0x0000000ddc700000] [id=26448]
  0x00000142da3781d0 ConcurrentGCThread "G1 Conc#1" [stack: 0x0000000dde300000,0x0000000dde400000] [id=27220]
  0x00000142da378f40 ConcurrentGCThread "G1 Conc#2" [stack: 0x0000000dde400000,0x0000000dde500000] [id=24732]
  0x00000142d543fdd0 ConcurrentGCThread "G1 Refine#0" [stack: 0x0000000ddc700000,0x0000000ddc800000] [id=28120]
  0x00000142d54414b0 ConcurrentGCThread "G1 Service" [stack: 0x0000000ddc800000,0x0000000ddc900000] [id=16116]

Threads with active compile tasks:
C2 CompilerThread0   852991 8257       4       org.eclipse.jdt.internal.compiler.lookup.BinaryTypeBinding::createMethod (1719 bytes)
C2 CompilerThread1   852991 8351   !   4       sun.net.www.ParseUtil::decode (317 bytes)

VM state: not at safepoint (normal execution)

VM Mutex/Monitor currently owned by a thread: None

Heap address: 0x0000000604c00000, size: 8116 MB, Compressed Oops mode: Zero based, Oop shift amount: 3

CDS archive(s) mapped at: [0x0000000800000000-0x0000000800bd0000-0x0000000800bd0000), size 12386304, SharedBaseAddress: 0x0000000800000000, ArchiveRelocationMode: 0.
Compressed class space mapped at: 0x0000000800c00000-0x0000000840c00000, reserved size: 1073741824
Narrow klass base: 0x0000000800000000, Narrow klass shift: 0, Narrow klass range: 0x100000000

GC Precious Log:
 CPUs: 12 total, 12 available
 Memory: 32452M
 Large Page Support: Disabled
 NUMA Support: Disabled
 Compressed Oops: Enabled (Zero based)
 Heap Region Size: 4M
 Heap Min Capacity: 8M
 Heap Initial Capacity: 508M
 Heap Max Capacity: 8116M
 Pre-touch: Disabled
 Parallel Workers: 10
 Concurrent Workers: 3
 Concurrent Refinement Workers: 10
 Periodic GC: Disabled

Heap:
 garbage-first heap   total 69632K, used 38417K [0x0000000604c00000, 0x0000000800000000)
  region size 4096K, 6 young (24576K), 1 survivors (4096K)
 Metaspace       used 49071K, committed 49728K, reserved 1097728K
  class space    used 5703K, committed 6016K, reserved 1048576K

Heap Regions: E=young(eden), S=young(survivor), O=old, HS=humongous(starts), HC=humongous(continues), CS=collection set, F=free, OA=open archive, CA=closed archive, TAMS=top-at-mark-start (previous, next)
|   0|0x0000000604c00000, 0x0000000605000000, 0x0000000605000000|100%| O|  |TAMS 0x0000000605000000, 0x0000000604c00000| Untracked 
|   1|0x0000000605000000, 0x0000000605400000, 0x0000000605400000|100%| O|  |TAMS 0x0000000605400000, 0x0000000605000000| Untracked 
|   2|0x0000000605400000, 0x00000006057ffff0, 0x0000000605800000| 99%| O|  |TAMS 0x00000006057ffff0, 0x0000000605400000| Untracked 
|   3|0x0000000605800000, 0x0000000605bfffe8, 0x0000000605c00000| 99%| O|  |TAMS 0x0000000605bfffe8, 0x0000000605800000| Untracked 
|   4|0x0000000605c00000, 0x0000000605f1ab00, 0x0000000606000000| 77%| O|  |TAMS 0x0000000605c00000, 0x0000000605c00000| Untracked 
|   5|0x0000000606000000, 0x0000000606000000, 0x0000000606400000|  0%| F|  |TAMS 0x0000000606000000, 0x0000000606000000| Untracked 
|   6|0x0000000606400000, 0x0000000606400000, 0x0000000606800000|  0%| F|  |TAMS 0x0000000606400000, 0x0000000606400000| Untracked 
|   7|0x0000000606800000, 0x0000000606800000, 0x0000000606c00000|  0%| F|  |TAMS 0x0000000606800000, 0x0000000606800000| Untracked 
|   8|0x0000000606c00000, 0x0000000606e69a78, 0x0000000607000000| 60%| S|CS|TAMS 0x0000000606c00000, 0x0000000606c00000| Complete 
|   9|0x0000000607000000, 0x0000000607000000, 0x0000000607400000|  0%| F|  |TAMS 0x0000000607000000, 0x0000000607000000| Untracked 
|  10|0x0000000607400000, 0x0000000607400000, 0x0000000607800000|  0%| F|  |TAMS 0x0000000607400000, 0x0000000607400000| Untracked 
|  11|0x0000000607800000, 0x0000000607800000, 0x0000000607c00000|  0%| F|  |TAMS 0x0000000607800000, 0x0000000607800000| Untracked 
|  12|0x0000000607c00000, 0x0000000607fc1920, 0x0000000608000000| 93%| E|  |TAMS 0x0000000607c00000, 0x0000000607c00000| Complete 
|  13|0x0000000608000000, 0x0000000608400000, 0x0000000608400000|100%| E|CS|TAMS 0x0000000608000000, 0x0000000608000000| Complete 
| 116|0x0000000621c00000, 0x0000000622000000, 0x0000000622000000|100%| E|CS|TAMS 0x0000000621c00000, 0x0000000621c00000| Complete 
| 117|0x0000000622000000, 0x0000000622400000, 0x0000000622400000|100%| E|CS|TAMS 0x0000000622000000, 0x0000000622000000| Complete 
| 126|0x0000000624400000, 0x0000000624800000, 0x0000000624800000|100%| E|CS|TAMS 0x0000000624400000, 0x0000000624400000| Complete 

Card table byte_map: [0x00000142c35d0000,0x00000142c45b0000] _byte_map_base: 0x00000142c05aa000

Marking Bits (Prev, Next): (CMBitMap*) 0x00000142ab8e2de0, (CMBitMap*) 0x00000142ab8e2e20
 Prev Bits: [0x00000142c5590000, 0x00000142cd460000)
 Next Bits: [0x00000142cd460000, 0x00000142d5330000)

Polling page: 0x00000142a8fa0000

Metaspace:

Usage:
  Non-class:     42.35 MB used.
      Class:      5.57 MB used.
       Both:     47.92 MB used.

Virtual space:
  Non-class space:       48.00 MB reserved,      42.69 MB ( 89%) committed,  6 nodes.
      Class space:        1.00 GB reserved,       5.88 MB ( <1%) committed,  1 nodes.
             Both:        1.05 GB reserved,      48.56 MB (  5%) committed. 

Chunk freelists:
   Non-Class:  436.00 KB
       Class:  1.97 MB
        Both:  2.39 MB

MaxMetaspaceSize: unlimited
CompressedClassSpaceSize: 1.00 GB
Initial GC threshold: 21.00 MB
Current GC threshold: 80.25 MB
CDS: on
MetaspaceReclaimPolicy: balanced
 - commit_granule_bytes: 65536.
 - commit_granule_words: 8192.
 - virtual_space_node_default_size: 1048576.
 - enlarge_chunks_in_place: 1.
 - new_chunks_are_fully_committed: 0.
 - uncommit_free_chunks: 1.
 - use_allocation_guard: 0.
 - handle_deallocations: 1.


Internal statistics:

num_allocs_failed_limit: 6.
num_arena_births: 840.
num_arena_deaths: 22.
num_vsnodes_births: 7.
num_vsnodes_deaths: 0.
num_space_committed: 777.
num_space_uncommitted: 0.
num_chunks_returned_to_freelist: 36.
num_chunks_taken_from_freelist: 2679.
num_chunk_merges: 6.
num_chunk_splits: 1771.
num_chunks_enlarged: 1245.
num_purges: 12.
num_inconsistent_stats: 0.

CodeHeap 'non-profiled nmethods': size=120000Kb used=6889Kb max_used=7166Kb free=113110Kb
 bounds [0x00000142bab70000, 0x00000142bb270000, 0x00000142c20a0000]
CodeHeap 'profiled nmethods': size=120000Kb used=15341Kb max_used=17017Kb free=104658Kb
 bounds [0x00000142b30a0000, 0x00000142b4140000, 0x00000142ba5d0000]
CodeHeap 'non-nmethods': size=5760Kb used=1289Kb max_used=1368Kb free=4470Kb
 bounds [0x00000142ba5d0000, 0x00000142ba840000, 0x00000142bab70000]
 total_blobs=7554 nmethods=6951 adapters=513
 compilation: enabled
              stopped_count=0, restarted_count=0
 full_count=0

Compilation events (20 events):
Event: 852.802 Thread 0x00000142d809a160 8356       3       org.eclipse.jdt.internal.compiler.lookup.MethodBinding::isPrivate (13 bytes)
Event: 852.802 Thread 0x00000142d809a160 nmethod 8356 0x00000142b32e5a90 code [0x00000142b32e5c20, 0x00000142b32e5d98]
Event: 852.802 Thread 0x00000142d809a160 8363       3       org.eclipse.jdt.internal.compiler.lookup.PackageBinding::problemId (17 bytes)
Event: 852.802 Thread 0x00000142d809a160 nmethod 8363 0x00000142b3607210 code [0x00000142b36073a0, 0x00000142b3607538]
Event: 852.802 Thread 0x00000142d809a160 8355       1       org.eclipse.jdt.internal.compiler.lookup.TypeBinding::isIntersectionType18 (2 bytes)
Event: 852.802 Thread 0x00000142d809a160 nmethod 8355 0x00000142bae04990 code [0x00000142bae04b20, 0x00000142bae04bf8]
Event: 852.802 Thread 0x00000142d809a160 8361       3       org.eclipse.jdt.internal.compiler.lookup.MethodBinding::isAbstract (15 bytes)
Event: 852.802 Thread 0x00000142d809a160 nmethod 8361 0x00000142b3336810 code [0x00000142b33369a0, 0x00000142b3336b18]
Event: 852.803 Thread 0x00000142d809a160 8359       1       org.eclipse.jdt.internal.compiler.ASTVisitor::visit (2 bytes)
Event: 852.803 Thread 0x00000142d809a160 nmethod 8359 0x00000142bae04690 code [0x00000142bae04820, 0x00000142bae048f8]
Event: 852.805 Thread 0x00000142d809a160 8370       3       org.apache.jasper.compiler.SmapUtil$SDEInstaller::copy (46 bytes)
Event: 852.805 Thread 0x00000142d809a160 nmethod 8370 0x00000142b327dd10 code [0x00000142b327dec0, 0x00000142b327e0f8]
Event: 852.805 Thread 0x00000142d809a160 8373       3       org.apache.jasper.compiler.SmapUtil$SDEInstaller::readU2 (15 bytes)
Event: 852.805 Thread 0x00000142d809a160 nmethod 8373 0x00000142b3623390 code [0x00000142b3623540, 0x00000142b36236d8]
Event: 852.806 Thread 0x00000142d809a160 8371       3       java.nio.charset.Charset::lookup (44 bytes)
Event: 852.806 Thread 0x00000142d809a160 nmethod 8371 0x00000142b339d990 code [0x00000142b339db80, 0x00000142b339dfe8]
Event: 852.806 Thread 0x00000142d809a160 8368       3       java.lang.String::<init> (13 bytes)
Event: 852.806 Thread 0x00000142d809a160 nmethod 8368 0x00000142b3461f10 code [0x00000142b3462120, 0x00000142b34626c8]
Event: 852.806 Thread 0x00000142d809a160 8369   !   3       java.lang.String::lookupCharset (20 bytes)
Event: 852.807 Thread 0x00000142d809a160 nmethod 8369 0x00000142b31aeb10 code [0x00000142b31aed00, 0x00000142b31af1b8]

GC Heap History (20 events):
Event: 412.804 GC heap before
{Heap before GC invocations=17 (full 2):
 garbage-first heap   total 69632K, used 46132K [0x0000000604c00000, 0x0000000800000000)
  region size 4096K, 7 young (28672K), 1 survivors (4096K)
 Metaspace       used 47932K, committed 48512K, reserved 1097728K
  class space    used 5649K, committed 5952K, reserved 1048576K
}
Event: 412.806 GC heap after
{Heap after GC invocations=18 (full 2):
 garbage-first heap   total 69632K, used 21746K [0x0000000604c00000, 0x0000000800000000)
  region size 4096K, 1 young (4096K), 1 survivors (4096K)
 Metaspace       used 47932K, committed 48512K, reserved 1097728K
  class space    used 5649K, committed 5952K, reserved 1048576K
}
Event: 707.911 GC heap before
{Heap before GC invocations=18 (full 2):
 garbage-first heap   total 69632K, used 46322K [0x0000000604c00000, 0x0000000800000000)
  region size 4096K, 7 young (28672K), 1 survivors (4096K)
 Metaspace       used 47983K, committed 48576K, reserved 1097728K
  class space    used 5649K, committed 5952K, reserved 1048576K
}
Event: 707.915 GC heap after
{Heap after GC invocations=19 (full 2):
 garbage-first heap   total 69632K, used 21779K [0x0000000604c00000, 0x0000000800000000)
  region size 4096K, 1 young (4096K), 1 survivors (4096K)
 Metaspace       used 47983K, committed 48576K, reserved 1097728K
  class space    used 5649K, committed 5952K, reserved 1048576K
}
Event: 708.771 GC heap before
{Heap before GC invocations=19 (full 2):
 garbage-first heap   total 69632K, used 21779K [0x0000000604c00000, 0x0000000800000000)
  region size 4096K, 2 young (8192K), 1 survivors (4096K)
 Metaspace       used 47990K, committed 48576K, reserved 1097728K
  class space    used 5649K, committed 5952K, reserved 1048576K
}
Event: 708.823 GC heap after
{Heap after GC invocations=20 (full 3):
 garbage-first heap   total 69632K, used 19328K [0x0000000604c00000, 0x0000000800000000)
  region size 4096K, 0 young (0K), 0 survivors (0K)
 Metaspace       used 47984K, committed 48576K, reserved 1097728K
  class space    used 5648K, committed 5952K, reserved 1048576K
}
Event: 709.182 GC heap before
{Heap before GC invocations=20 (full 3):
 garbage-first heap   total 69632K, used 52096K [0x0000000604c00000, 0x0000000800000000)
  region size 4096K, 8 young (32768K), 0 survivors (0K)
 Metaspace       used 48187K, committed 48768K, reserved 1097728K
  class space    used 5656K, committed 5952K, reserved 1048576K
}
Event: 709.183 GC heap after
{Heap after GC invocations=21 (full 3):
 garbage-first heap   total 69632K, used 21673K [0x0000000604c00000, 0x0000000800000000)
  region size 4096K, 1 young (4096K), 1 survivors (4096K)
 Metaspace       used 48187K, committed 48768K, reserved 1097728K
  class space    used 5656K, committed 5952K, reserved 1048576K
}
Event: 749.810 GC heap before
{Heap before GC invocations=21 (full 3):
 garbage-first heap   total 69632K, used 33961K [0x0000000604c00000, 0x0000000800000000)
  region size 4096K, 5 young (20480K), 1 survivors (4096K)
 Metaspace       used 48274K, committed 48832K, reserved 1097728K
  class space    used 5659K, committed 5952K, reserved 1048576K
}
Event: 749.869 GC heap after
{Heap after GC invocations=22 (full 4):
 garbage-first heap   total 69632K, used 19413K [0x0000000604c00000, 0x0000000800000000)
  region size 4096K, 0 young (0K), 0 survivors (0K)
 Metaspace       used 48272K, committed 48832K, reserved 1097728K
  class space    used 5658K, committed 5952K, reserved 1048576K
}
Event: 750.325 GC heap before
{Heap before GC invocations=22 (full 4):
 garbage-first heap   total 69632K, used 52181K [0x0000000604c00000, 0x0000000800000000)
  region size 4096K, 8 young (32768K), 0 survivors (0K)
 Metaspace       used 48445K, committed 49024K, reserved 1097728K
  class space    used 5673K, committed 5952K, reserved 1048576K
}
Event: 750.327 GC heap after
{Heap after GC invocations=23 (full 4):
 garbage-first heap   total 69632K, used 21981K [0x0000000604c00000, 0x0000000800000000)
  region size 4096K, 1 young (4096K), 1 survivors (4096K)
 Metaspace       used 48445K, committed 49024K, reserved 1097728K
  class space    used 5673K, committed 5952K, reserved 1048576K
}
Event: 816.485 GC heap before
{Heap before GC invocations=23 (full 4):
 garbage-first heap   total 69632K, used 34269K [0x0000000604c00000, 0x0000000800000000)
  region size 4096K, 5 young (20480K), 1 survivors (4096K)
 Metaspace       used 48505K, committed 49024K, reserved 1097728K
  class space    used 5677K, committed 5952K, reserved 1048576K
}
Event: 816.542 GC heap after
{Heap after GC invocations=24 (full 5):
 garbage-first heap   total 69632K, used 19478K [0x0000000604c00000, 0x0000000800000000)
  region size 4096K, 0 young (0K), 0 survivors (0K)
 Metaspace       used 48503K, committed 49024K, reserved 1097728K
  class space    used 5676K, committed 5952K, reserved 1048576K
}
Event: 817.036 GC heap before
{Heap before GC invocations=24 (full 5):
 garbage-first heap   total 69632K, used 52246K [0x0000000604c00000, 0x0000000800000000)
  region size 4096K, 8 young (32768K), 0 survivors (0K)
 Metaspace       used 48614K, committed 49216K, reserved 1097728K
  class space    used 5684K, committed 5952K, reserved 1048576K
}
Event: 817.038 GC heap after
{Heap after GC invocations=25 (full 5):
 garbage-first heap   total 69632K, used 22038K [0x0000000604c00000, 0x0000000800000000)
  region size 4096K, 1 young (4096K), 1 survivors (4096K)
 Metaspace       used 48614K, committed 49216K, reserved 1097728K
  class space    used 5684K, committed 5952K, reserved 1048576K
}
Event: 826.936 GC heap before
{Heap before GC invocations=25 (full 5):
 garbage-first heap   total 69632K, used 30230K [0x0000000604c00000, 0x0000000800000000)
  region size 4096K, 4 young (16384K), 1 survivors (4096K)
 Metaspace       used 48668K, committed 49280K, reserved 1097728K
  class space    used 5687K, committed 6016K, reserved 1048576K
}
Event: 826.990 GC heap after
{Heap after GC invocations=26 (full 6):
 garbage-first heap   total 69632K, used 19562K [0x0000000604c00000, 0x0000000800000000)
  region size 4096K, 0 young (0K), 0 survivors (0K)
 Metaspace       used 48665K, committed 49280K, reserved 1097728K
  class space    used 5687K, committed 6016K, reserved 1048576K
}
Event: 827.413 GC heap before
{Heap before GC invocations=26 (full 6):
 garbage-first heap   total 69632K, used 52330K [0x0000000604c00000, 0x0000000800000000)
  region size 4096K, 8 young (32768K), 0 survivors (0K)
 Metaspace       used 48823K, committed 49472K, reserved 1097728K
  class space    used 5700K, committed 6016K, reserved 1048576K
}
Event: 827.415 GC heap after
{Heap after GC invocations=27 (full 6):
 garbage-first heap   total 69632K, used 22033K [0x0000000604c00000, 0x0000000800000000)
  region size 4096K, 1 young (4096K), 1 survivors (4096K)
 Metaspace       used 48823K, committed 49472K, reserved 1097728K
  class space    used 5700K, committed 6016K, reserved 1048576K
}

Deoptimization events (20 events):
Event: 816.625 Thread 0x00000142da6a2880 DEOPT PACKING pc=0x00000142b3cedd92 sp=0x0000000ddd8fe140
Event: 816.625 Thread 0x00000142da6a2880 DEOPT UNPACKING pc=0x00000142ba622b43 sp=0x0000000ddd8fd5e8 mode 0
Event: 852.689 Thread 0x00000142ddcb7080 Uncommon trap: trap_request=0xffffff45 fr.pc=0x00000142bb1a9c68 relative=0x00000000000002a8
Event: 852.689 Thread 0x00000142ddcb7080 Uncommon trap: reason=unstable_if action=reinterpret pc=0x00000142bb1a9c68 method=com.sun.org.apache.xerces.internal.impl.XMLDocumentFragmentScannerImpl.scanDocument(Z)Z @ 14 c2
Event: 852.689 Thread 0x00000142ddcb7080 DEOPT PACKING pc=0x00000142bb1a9c68 sp=0x0000000ddecf8f00
Event: 852.689 Thread 0x00000142ddcb7080 DEOPT UNPACKING pc=0x00000142ba6223a3 sp=0x0000000ddecf8ed8 mode 2
Event: 852.747 Thread 0x00000142ddcb7080 Uncommon trap: trap_request=0xffffff45 fr.pc=0x00000142baefa1cc relative=0x000000000000032c
Event: 852.747 Thread 0x00000142ddcb7080 Uncommon trap: reason=unstable_if action=reinterpret pc=0x00000142baefa1cc method=java.util.HashMap.getNode(Ljava/lang/Object;)Ljava/util/HashMap$Node; @ 66 c2
Event: 852.747 Thread 0x00000142ddcb7080 DEOPT PACKING pc=0x00000142baefa1cc sp=0x0000000ddecf7eb0
Event: 852.747 Thread 0x00000142ddcb7080 DEOPT UNPACKING pc=0x00000142ba6223a3 sp=0x0000000ddecf7de0 mode 2
Event: 852.747 Thread 0x00000142ddcb7080 Uncommon trap: trap_request=0xffffff45 fr.pc=0x00000142baed475c relative=0x000000000000033c
Event: 852.747 Thread 0x00000142ddcb7080 Uncommon trap: reason=unstable_if action=reinterpret pc=0x00000142baed475c method=java.util.HashMap.getNode(Ljava/lang/Object;)Ljava/util/HashMap$Node; @ 66 c2
Event: 852.747 Thread 0x00000142ddcb7080 DEOPT PACKING pc=0x00000142baed475c sp=0x0000000ddecf7e70
Event: 852.747 Thread 0x00000142ddcb7080 DEOPT UNPACKING pc=0x00000142ba6223a3 sp=0x0000000ddecf7e10 mode 2
Event: 852.770 Thread 0x00000142ddcb7080 DEOPT PACKING pc=0x00000142b3206931 sp=0x0000000ddecf7de0
Event: 852.770 Thread 0x00000142ddcb7080 DEOPT UNPACKING pc=0x00000142ba622b43 sp=0x0000000ddecf7218 mode 0
Event: 852.787 Thread 0x00000142ddcb7080 Uncommon trap: trap_request=0xffffff6e fr.pc=0x00000142bad7dd30 relative=0x00000000000001b0
Event: 852.787 Thread 0x00000142ddcb7080 Uncommon trap: reason=loop_limit_check action=maybe_recompile pc=0x00000142bad7dd30 method=org.eclipse.jdt.internal.compiler.lookup.ReferenceBinding.compare([C[CII)I @ 46 c2
Event: 852.787 Thread 0x00000142ddcb7080 DEOPT PACKING pc=0x00000142bad7dd30 sp=0x0000000ddecf8a00
Event: 852.787 Thread 0x00000142ddcb7080 DEOPT UNPACKING pc=0x00000142ba6223a3 sp=0x0000000ddecf8970 mode 2

Classes unloaded (11 events):
Event: 237.021 Thread 0x00000142d5509c40 Unloading class 0x0000000801189c00 'java/lang/invoke/LambdaForm$DMH+0x0000000801189c00'
Event: 237.021 Thread 0x00000142d5509c40 Unloading class 0x0000000801189800 'java/lang/invoke/LambdaForm$DMH+0x0000000801189800'
Event: 237.021 Thread 0x00000142d5509c40 Unloading class 0x0000000801189400 'java/lang/invoke/LambdaForm$DMH+0x0000000801189400'
Event: 237.021 Thread 0x00000142d5509c40 Unloading class 0x0000000801189000 'java/lang/invoke/LambdaForm$DMH+0x0000000801189000'
Event: 237.021 Thread 0x00000142d5509c40 Unloading class 0x0000000801188800 'org/apache/jsp/WEB_002dINF/jsp/welcome_jsp'
Event: 287.636 Thread 0x00000142d5509c40 Unloading class 0x0000000801199800 'org/apache/catalina/loader/JdbcLeakPrevention'
Event: 708.788 Thread 0x00000142d5509c40 Unloading class 0x00000008011a3000 'org/apache/catalina/loader/JdbcLeakPrevention'
Event: 708.788 Thread 0x00000142d5509c40 Unloading class 0x000000080119c800 'org/apache/catalina/loader/JdbcLeakPrevention'
Event: 749.830 Thread 0x00000142d5509c40 Unloading class 0x00000008011b2000 'org/apache/catalina/loader/JdbcLeakPrevention'
Event: 816.504 Thread 0x00000142d5509c40 Unloading class 0x00000008011b4800 'org/apache/catalina/loader/JdbcLeakPrevention'
Event: 826.953 Thread 0x00000142d5509c40 Unloading class 0x00000008011bc800 'org/apache/catalina/loader/JdbcLeakPrevention'

Classes redefined (0 events):
No events

Internal exceptions (20 events):
Event: 749.891 Thread 0x00000142ddcb4530 Exception <a 'sun/nio/fs/WindowsException'{0x000000062448f450}> (0x000000062448f450) 
thrown [s\open\src\hotspot\share\prims\jni.cpp, line 516]
Event: 750.124 Thread 0x00000142ddcb4530 Exception <a 'java/lang/NoClassDefFoundError'{0x0000000607d73198}: org/flywaydb/core/Flyway> (0x0000000607d73198) 
thrown [s\open\src\hotspot\share\oops\constantPool.cpp, line 835]
Event: 750.124 Thread 0x00000142ddcb4530 Exception <a 'java/lang/NoClassDefFoundError'{0x0000000607d737e8}: liquibase/integration/spring/SpringLiquibase> (0x0000000607d737e8) 
thrown [s\open\src\hotspot\share\oops\constantPool.cpp, line 835]
Event: 750.190 Thread 0x00000142ddcb4530 Exception <a 'sun/nio/fs/WindowsException'{0x0000000607a325c0}> (0x0000000607a325c0) 
thrown [s\open\src\hotspot\share\prims\jni.cpp, line 516]
Event: 750.193 Thread 0x00000142ddcb4530 Exception <a 'sun/nio/fs/WindowsException'{0x0000000607a32c68}> (0x0000000607a32c68) 
thrown [s\open\src\hotspot\share\prims\jni.cpp, line 516]
Event: 750.197 Thread 0x00000142ddcb4530 Exception <a 'sun/nio/fs/WindowsException'{0x0000000607a333a0}> (0x0000000607a333a0) 
thrown [s\open\src\hotspot\share\prims\jni.cpp, line 516]
Event: 816.483 Thread 0x00000142ddcb7ef0 Exception <a 'java/lang/InterruptedException'{0x00000006083a6f10}: sleep interrupted> (0x00000006083a6f10) 
thrown [s\open\src\hotspot\share\prims\jvm.cpp, line 3070]
Event: 816.561 Thread 0x00000142da6a2880 Exception <a 'sun/nio/fs/WindowsException'{0x000000062448c6d0}> (0x000000062448c6d0) 
thrown [s\open\src\hotspot\share\prims\jni.cpp, line 516]
Event: 816.793 Thread 0x00000142da6a2880 Exception <a 'java/lang/NoClassDefFoundError'{0x0000000607d60a28}: org/flywaydb/core/Flyway> (0x0000000607d60a28) 
thrown [s\open\src\hotspot\share\oops\constantPool.cpp, line 835]
Event: 816.793 Thread 0x00000142da6a2880 Exception <a 'java/lang/NoClassDefFoundError'{0x0000000607d61078}: liquibase/integration/spring/SpringLiquibase> (0x0000000607d61078) 
thrown [s\open\src\hotspot\share\oops\constantPool.cpp, line 835]
Event: 816.857 Thread 0x00000142da6a2880 Exception <a 'sun/nio/fs/WindowsException'{0x00000006079e8850}> (0x00000006079e8850) 
thrown [s\open\src\hotspot\share\prims\jni.cpp, line 516]
Event: 816.859 Thread 0x00000142da6a2880 Exception <a 'sun/nio/fs/WindowsException'{0x00000006079e8ef8}> (0x00000006079e8ef8) 
thrown [s\open\src\hotspot\share\prims\jni.cpp, line 516]
Event: 816.864 Thread 0x00000142da6a2880 Exception <a 'sun/nio/fs/WindowsException'{0x00000006079e9630}> (0x00000006079e9630) 
thrown [s\open\src\hotspot\share\prims\jni.cpp, line 516]
Event: 826.935 Thread 0x00000142da6a4090 Exception <a 'java/lang/InterruptedException'{0x0000000621f01a08}: sleep interrupted> (0x0000000621f01a08) 
thrown [s\open\src\hotspot\share\prims\jvm.cpp, line 3070]
Event: 827.008 Thread 0x00000142ddcb7550 Exception <a 'sun/nio/fs/WindowsException'{0x000000062449fcf0}> (0x000000062449fcf0) 
thrown [s\open\src\hotspot\share\prims\jni.cpp, line 516]
Event: 827.193 Thread 0x00000142ddcb7550 Exception <a 'java/lang/NoClassDefFoundError'{0x0000000607d9d7b8}: org/flywaydb/core/Flyway> (0x0000000607d9d7b8) 
thrown [s\open\src\hotspot\share\oops\constantPool.cpp, line 835]
Event: 827.193 Thread 0x00000142ddcb7550 Exception <a 'java/lang/NoClassDefFoundError'{0x0000000607d9de08}: liquibase/integration/spring/SpringLiquibase> (0x0000000607d9de08) 
thrown [s\open\src\hotspot\share\oops\constantPool.cpp, line 835]
Event: 827.260 Thread 0x00000142ddcb7550 Exception <a 'sun/nio/fs/WindowsException'{0x0000000607a25790}> (0x0000000607a25790) 
thrown [s\open\src\hotspot\share\prims\jni.cpp, line 516]
Event: 827.263 Thread 0x00000142ddcb7550 Exception <a 'sun/nio/fs/WindowsException'{0x0000000607a25e38}> (0x0000000607a25e38) 
thrown [s\open\src\hotspot\share\prims\jni.cpp, line 516]
Event: 827.268 Thread 0x00000142ddcb7550 Exception <a 'sun/nio/fs/WindowsException'{0x0000000607a26570}> (0x0000000607a26570) 
thrown [s\open\src\hotspot\share\prims\jni.cpp, line 516]

VM Operations (20 events):
Event: 827.201 Executing VM operation: get/set locals
Event: 827.201 Executing VM operation: get/set locals done
Event: 827.387 Executing VM operation: HandshakeAllThreads
Event: 827.387 Executing VM operation: HandshakeAllThreads done
Event: 827.413 Executing VM operation: G1CollectForAllocation
Event: 827.415 Executing VM operation: G1CollectForAllocation done
Event: 827.418 Executing VM operation: HandshakeAllThreads
Event: 827.418 Executing VM operation: HandshakeAllThreads done
Event: 827.437 Executing VM operation: HandshakeAllThreads
Event: 827.437 Executing VM operation: HandshakeAllThreads done
Event: 828.442 Executing VM operation: Cleanup
Event: 828.442 Executing VM operation: Cleanup done
Event: 848.627 Executing VM operation: Cleanup
Event: 848.627 Executing VM operation: Cleanup done
Event: 852.665 Executing VM operation: Cleanup
Event: 852.665 Executing VM operation: Cleanup done
Event: 852.819 Executing VM operation: get/set locals
Event: 852.820 Executing VM operation: get/set locals done
Event: 852.820 Executing VM operation: get/set locals
Event: 852.820 Executing VM operation: get/set locals done

Events (20 events):
Event: 827.450 Thread 0x00000142d809b240 flushing nmethod 0x00000142b3e34b90
Event: 827.452 Thread 0x00000142d809b240 flushing nmethod 0x00000142b4070710
Event: 827.575 Thread 0x00000142de7b8f40 Thread exited: 0x00000142de7b8f40
Event: 827.683 Thread 0x00000142ddcb9230 Thread added: 0x00000142ddcb9230
Event: 827.689 Thread 0x00000142ddcba0a0 Thread added: 0x00000142ddcba0a0
Event: 827.690 Thread 0x00000142ddcb7ef0 Thread added: 0x00000142ddcb7ef0
Event: 827.690 Thread 0x00000142ddcb7080 Thread added: 0x00000142ddcb7080
Event: 827.690 Thread 0x00000142ddcba570 Thread added: 0x00000142ddcba570
Event: 827.690 Thread 0x00000142ddcb6bb0 Thread added: 0x00000142ddcb6bb0
Event: 827.691 Thread 0x00000142ddcbaf10 Thread added: 0x00000142ddcbaf10
Event: 827.691 Thread 0x00000142ddcbb3e0 Thread added: 0x00000142ddcbb3e0
Event: 827.691 Thread 0x00000142ddcb4ed0 Thread added: 0x00000142ddcb4ed0
Event: 827.692 Thread 0x00000142da6a3220 Thread added: 0x00000142da6a3220
Event: 827.692 Thread 0x00000142da6a36f0 Thread added: 0x00000142da6a36f0
Event: 827.699 Thread 0x00000142da6a4a30 Thread added: 0x00000142da6a4a30
Event: 827.699 Thread 0x00000142da6a1070 Thread added: 0x00000142da6a1070
Event: 827.713 Thread 0x00000142ddcb7550 Thread exited: 0x00000142ddcb7550
Event: 827.713 Thread 0x00000142ddcb8890 Thread exited: 0x00000142ddcb8890
Event: 832.744 Thread 0x00000142de7b7b00 Thread exited: 0x00000142de7b7b00
Event: 852.745 Thread 0x00000142d924e3d0 Thread added: 0x00000142d924e3d0


Dynamic libraries:
0x00007ff7db0b0000 - 0x00007ff7db0c0000 	C:\Program Files\Java\jdk-17\bin\javaw.exe
0x00000142a9310000 - 0x00000142a9508000 	C:\Windows\SYSTEM32\ntd1l.dll
0x00000142a9190000 - 0x00000142a924f000 	C:\Windows\System32\kern3l32.dll
0x00007ffb1b1b0000 - 0x00007ffb1b3a8000 	C:\Windows\SYSTEM32\ntdll.dll
0x00007ffb1a4c0000 - 0x00007ffb1a57f000 	C:\Windows\System32\KERNEL32.DLL
0x00007ffb18c00000 - 0x00007ffb18ef6000 	C:\Windows\System32\KERNELBASE.dll
0x00007ffb183d0000 - 0x00007ffb18637000 	C:\Program Files\SentinelOne\Sentinel Agent 22.3.4.612\InProcessClient64.dll
0x00007ffb1a580000 - 0x00007ffb1a62f000 	C:\Windows\System32\ADVAPI32.dll
0x00007ffb19df0000 - 0x00007ffb19e8e000 	C:\Windows\System32\msvcrt.dll
0x00007ffb1a660000 - 0x00007ffb1a6fc000 	C:\Windows\System32\sechost.dll
0x00007ffb1ae00000 - 0x00007ffb1af26000 	C:\Windows\System32\RPCRT4.dll
0x00007ffb18a10000 - 0x00007ffb18b10000 	C:\Windows\System32\ucrtbase.dll
0x00007ffb0e150000 - 0x00007ffb0e169000 	C:\Program Files\Java\jdk-17\bin\jli.dll
0x00007ffb19c50000 - 0x00007ffb19ded000 	C:\Windows\System32\USER32.dll
0x00007ffafd6d0000 - 0x00007ffafd6eb000 	C:\Program Files\Java\jdk-17\bin\VCRUNTIME140.dll
0x00007ffb18b10000 - 0x00007ffb18b32000 	C:\Windows\System32\win32u.dll
0x00007ffb1a630000 - 0x00007ffb1a65c000 	C:\Windows\System32\GDI32.dll
0x00007ffb00a90000 - 0x00007ffb00d2a000 	C:\Windows\WinSxS\amd64_microsoft.windows.common-controls_6595b64144ccf1df_6.0.19041.1110_none_60b5254171f9507e\COMCTL32.dll
0x00007ffb18f90000 - 0x00007ffb190a5000 	C:\Windows\System32\gdi32full.dll
0x00007ffb18940000 - 0x00007ffb189dd000 	C:\Windows\System32\msvcp_win.dll
0x00007ffb183c0000 - 0x00007ffb183ca000 	C:\Windows\SYSTEM32\VERSION.dll
0x00007ffb1a400000 - 0x00007ffb1a430000 	C:\Windows\System32\IMM32.DLL
0x00007ffb16fb0000 - 0x00007ffb17132000 	C:\Program Files\Avecto\Privilege Guard Client\PGHook.dll
0x00007ffb0b6d0000 - 0x00007ffb0b6dc000 	C:\Program Files\Java\jdk-17\bin\vcruntime140_1.dll
0x00007ffae24e0000 - 0x00007ffae256e000 	C:\Program Files\Java\jdk-17\bin\msvcp140.dll
0x00007ffa8be40000 - 0x00007ffa8ca1d000 	C:\Program Files\Java\jdk-17\bin\server\jvm.dll
0x00007ffb1b160000 - 0x00007ffb1b168000 	C:\Windows\System32\PSAPI.DLL
0x00007ffa84d10000 - 0x00007ffa84d19000 	C:\Windows\SYSTEM32\WSOCK32.dll
0x00007ffb1ac60000 - 0x00007ffb1accb000 	C:\Windows\System32\WS2_32.dll
0x00007ffb08900000 - 0x00007ffb08927000 	C:\Windows\SYSTEM32\WINMM.dll
0x00007ffb16360000 - 0x00007ffb16372000 	C:\Windows\SYSTEM32\kernel.appcore.dll
0x00007ffb0b6a0000 - 0x00007ffb0b6aa000 	C:\Program Files\Java\jdk-17\bin\jimage.dll
0x00007ffb15890000 - 0x00007ffb15a74000 	C:\Windows\SYSTEM32\DBGHELP.DLL
0x00007ffaf9680000 - 0x00007ffaf96b4000 	C:\Windows\SYSTEM32\dbgcore.DLL
0x00007ffb18f00000 - 0x00007ffb18f82000 	C:\Windows\System32\bcryptPrimitives.dll
0x00007ffac4420000 - 0x00007ffac44a0000 	C:\Program Files\SentinelOne\Sentinel Agent 22.3.4.612\SentinelJava64.dll
0x00007ffb19210000 - 0x00007ffb1933a000 	C:\Windows\System32\ole32.dll
0x00007ffb19e90000 - 0x00007ffb1a1e4000 	C:\Windows\System32\combase.dll
0x00007ffae0960000 - 0x00007ffae0985000 	C:\Program Files\Java\jdk-17\bin\java.dll
0x00007ffad0950000 - 0x00007ffad0a27000 	C:\Program Files\Java\jdk-17\bin\jsvml.dll
0x00007ffb19500000 - 0x00007ffb19c44000 	C:\Windows\System32\SHELL32.dll
0x00007ffb163a0000 - 0x00007ffb16b33000 	C:\Windows\SYSTEM32\windows.storage.dll
0x00007ffb18070000 - 0x00007ffb1809e000 	C:\Windows\SYSTEM32\Wldp.dll
0x00007ffb19340000 - 0x00007ffb193ed000 	C:\Windows\System32\SHCORE.dll
0x00000142a9290000 - 0x00000142a92e5000 	C:\Windows\System32\shlwapi.dll
0x00007ffb187d0000 - 0x00007ffb187ef000 	C:\Windows\SYSTEM32\profapi.dll
0x00007ffaf3590000 - 0x00007ffaf35a9000 	C:\Program Files\Java\jdk-17\bin\net.dll
0x00007ffb17600000 - 0x00007ffb1770a000 	C:\Windows\SYSTEM32\WINHTTP.dll
0x00007ffb17dd0000 - 0x00007ffb17e3a000 	C:\Windows\system32\mswsock.dll
0x00007ffae0a10000 - 0x00007ffae0a26000 	C:\Program Files\Java\jdk-17\bin\nio.dll
0x00007ffae03a0000 - 0x00007ffae03b8000 	C:\Program Files\Java\jdk-17\bin\zip.dll
0x00007ffafeac0000 - 0x00007ffafeaca000 	C:\Program Files\Java\jdk-17\bin\management.dll
0x00007ffafd6c0000 - 0x00007ffafd6cb000 	C:\Program Files\Java\jdk-17\bin\management_ext.dll
0x00007ffb17fc0000 - 0x00007ffb17fd8000 	C:\Windows\SYSTEM32\CRYPTSP.dll
0x00007ffb17570000 - 0x00007ffb175a4000 	C:\Windows\system32\rsaenh.dll
0x00007ffb189e0000 - 0x00007ffb18a07000 	C:\Windows\System32\bcrypt.dll
0x00007ffb18790000 - 0x00007ffb187be000 	C:\Windows\SYSTEM32\USERENV.dll
0x00007ffb17fe0000 - 0x00007ffb17fec000 	C:\Windows\SYSTEM32\CRYPTBASE.dll
0x00007ffb17a70000 - 0x00007ffb17aac000 	C:\Windows\SYSTEM32\IPHLPAPI.DLL
0x00007ffb1acd0000 - 0x00007ffb1acd8000 	C:\Windows\System32\NSI.dll
0x00007ffb0da60000 - 0x00007ffb0da77000 	C:\Windows\SYSTEM32\dhcpcsvc6.DLL
0x00007ffb0da40000 - 0x00007ffb0da5d000 	C:\Windows\SYSTEM32\dhcpcsvc.DLL
0x00007ffb17ac0000 - 0x00007ffb17b8b000 	C:\Windows\SYSTEM32\DNSAPI.dll
0x00007ffafd650000 - 0x00007ffafd65d000 	C:\Program Files\Java\jdk-17\bin\sunmscapi.dll
0x00007ffb190b0000 - 0x00007ffb1920e000 	C:\Windows\System32\CRYPT32.dll
0x00007ffb180e0000 - 0x00007ffb18108000 	C:\Windows\SYSTEM32\ncrypt.dll
0x00007ffb180a0000 - 0x00007ffb180db000 	C:\Windows\SYSTEM32\NTASN1.dll
0x00007ffad9fc0000 - 0x00007ffad9fc7000 	C:\Windows\system32\wshunix.dll

dbghelp: loaded successfully - version: 4.0.5 - missing functions: none
symbol engine: initialized successfully - sym options: 0x614 - pdb path: .;C:\Program Files\Java\jdk-17\bin;C:\Windows\SYSTEM32;C:\Program Files\SentinelOne\Sentinel Agent 22.3.4.612;C:\Windows\WinSxS\amd64_microsoft.windows.common-controls_6595b64144ccf1df_6.0.19041.1110_none_60b5254171f9507e;C:\Program Files\Avecto\Privilege Guard Client;C:\Program Files\Java\jdk-17\bin\server

VM Arguments:
jvm_args: -Dfile.encoding=UTF-8 -XX:+ShowCodeDetailsInExceptionMessages -agentpath:C:\Program Files\SentinelOne\Sentinel Agent 22.3.4.612\SentinelJava64.dll 
java_command: com.project.springboot.myfirstwebapp.MyfirstwebappApplication
java_class_path (initial): C:\Users\aditya.kumar\OneDrive - Hansen Technologies Limited\Desktop\Studies\SprintBoot\myfirstwebapp\target\classes;C:\Users\aditya.kumar\.m2\repository\org\springframework\boot\spring-boot-starter-web\3.1.0\spring-boot-starter-web-3.1.0.jar;C:\Users\aditya.kumar\.m2\repository\org\springframework\boot\spring-boot-starter\3.1.0\spring-boot-starter-3.1.0.jar;C:\Users\aditya.kumar\.m2\repository\org\springframework\boot\spring-boot-starter-logging\3.1.0\spring-boot-starter-logging-3.1.0.jar;C:\Users\aditya.kumar\.m2\repository\ch\qos\logback\logback-classic\1.4.7\logback-classic-1.4.7.jar;C:\Users\aditya.kumar\.m2\repository\ch\qos\logback\logback-core\1.4.7\logback-core-1.4.7.jar;C:\Users\aditya.kumar\.m2\repository\org\apache\logging\log4j\log4j-to-slf4j\2.20.0\log4j-to-slf4j-2.20.0.jar;C:\Users\aditya.kumar\.m2\repository\org\apache\logging\log4j\log4j-api\2.20.0\log4j-api-2.20.0.jar;C:\Users\aditya.kumar\.m2\repository\org\slf4j\jul-to-slf4j\2.0.7\jul-to-slf4j-2.0.7.jar;C:\Users\aditya.kumar\.m2\repository\jakarta\annotation\jakarta.annotation-api\2.1.1\jakarta.annotation-api-2.1.1.jar;C:\Users\aditya.kumar\.m2\repository\org\yaml\snakeyaml\1.33\snakeyaml-1.33.jar;C:\Users\aditya.kumar\.m2\repository\org\springframework\boot\spring-boot-starter-json\3.1.0\spring-boot-starter-json-3.1.0.jar;C:\Users\aditya.kumar\.m2\repository\com\fasterxml\jackson\core\jackson-databind\2.15.0\jackson-databind-2.15.0.jar;C:\Users\aditya.kumar\.m2\repository\com\fasterxml\jackson\core\jackson-annotations\2.15.0\jackson-annotations-2.15.0.jar;C:\Users\aditya.kumar\.m2\repository\com\fasterxml\jackson\core\jackson-core\2.15.0\jackson-core-2.15.0.jar;C:\Users\aditya.kumar\.m2\repository\com\fasterxml\jackson\datatype\jackson-datatype-jdk8\2.15.0\jackson-datatype-jdk8-2.15.0.jar;C:\Users\aditya.kumar\.m2\repository\com\fasterxml\jackson\datatype\jackson-datatype-jsr310\2.15.0\jackson-datatype-jsr310-2.15.0.jar;C:\Users\aditya.kumar\.m2\repository\com\faster
Launcher Type: SUN_STANDARD

[Global flags]
     intx CICompilerCount                          = 4                                         {product} {ergonomic}
     uint ConcGCThreads                            = 3                                         {product} {ergonomic}
     uint G1ConcRefinementThreads                  = 10                                        {product} {ergonomic}
   size_t G1HeapRegionSize                         = 4194304                                   {product} {ergonomic}
    uintx GCDrainStackTargetSize                   = 64                                        {product} {ergonomic}
   size_t InitialHeapSize                          = 532676608                                 {product} {ergonomic}
   size_t MarkStackSize                            = 4194304                                   {product} {ergonomic}
   size_t MaxHeapSize                              = 8510242816                                {product} {ergonomic}
   size_t MaxNewSize                               = 5104467968                                {product} {ergonomic}
   size_t MinHeapDeltaBytes                        = 4194304                                   {product} {ergonomic}
   size_t MinHeapSize                              = 8388608                                   {product} {ergonomic}
    uintx NonNMethodCodeHeapSize                   = 5839372                                {pd product} {ergonomic}
    uintx NonProfiledCodeHeapSize                  = 122909434                              {pd product} {ergonomic}
    uintx ProfiledCodeHeapSize                     = 122909434                              {pd product} {ergonomic}
    uintx ReservedCodeCacheSize                    = 251658240                              {pd product} {ergonomic}
     bool SegmentedCodeCache                       = true                                      {product} {ergonomic}
     bool ShowCodeDetailsInExceptionMessages       = true                                   {manageable} {command line}
   size_t SoftMaxHeapSize                          = 8510242816                             {manageable} {ergonomic}
     bool UseCompressedClassPointers               = true                           {product lp64_product} {ergonomic}
     bool UseCompressedOops                        = true                           {product lp64_product} {ergonomic}
     bool UseG1GC                                  = true                                      {product} {ergonomic}
     bool UseLargePagesIndividualAllocation        = false                                  {pd product} {ergonomic}

Logging:
Log output configuration:
 #0: stdout all=warning uptime,level,tags
 #1: stderr all=off uptime,level,tags

Environment Variables:
JAVA_HOME=C:\Program Files\Java\jdk1.8.0_202
PATH=C:/Program Files (x86)/Java/jdk-19/bin/server;C:/Program Files (x86)/Java/jdk-19/bin;C:\Program Files (x86)\Common Files\Oracle\Java\javapath;C:\Windows\system32;C:\Windows;C:\Windows\System32\Wbem;C:\Windows\System32\WindowsPowerShell\v1.0\;C:\Windows\System32\OpenSSH\;C:\Program Files\dotnet\;C:\Program Files\Java\jdk1.8.0_202\bin;C:\Program Files\apache-maven-3.8.6\bin;C:\Program Files\PuTTY\;C:\Program Files\Git\cmd;C:\Program Files\Java\jdk-17\bin;C:\Program Files (x86)\Java\jdk-19\bin;C:\Users\aditya.kumar\AppData\Local\Microsoft\WindowsApps;;C:\Users\aditya.kumar\OneDrive - Hansen Technologies Limited\Desktop\Studies;
USERNAME=Aditya.Kumar
OS=Windows_NT
PROCESSOR_IDENTIFIER=Intel64 Family 6 Model 154 Stepping 4, GenuineIntel



---------------  S Y S T E M  ---------------

OS:
 Windows 10 , 64 bit Build 19041 (10.0.19041.2913)
OS uptime: 0 days 4:09 hours

CPU: total 12 (initial active 12) (12 cores per cpu, 1 threads per core) family 6 model 154 stepping 4 microcode 0x429, cx8, cmov, fxsr, mmx, 3dnowpref, sse, sse2, sse3, ssse3, sse4.1, sse4.2, popcnt, lzcnt, tsc, tscinvbit, avx, avx2, aes, erms, clmul, bmi1, bmi2, adx, sha, fma, vzeroupper, clflush, clflushopt, clwb

Memory: 4k page, system-wide physical 32452M (16906M free)
TotalPageFile size 37316M (AvailPageFile size 15249M)
current process WorkingSet (physical memory assigned to process): 265M, peak: 290M
current process commit charge ("private bytes"): 304M, peak: 677M

vm_info: Java HotSpot(TM) 64-Bit Server VM (17.0.7+8-LTS-224) for windows-amd64 JRE (17.0.7+8-LTS-224), built on Feb 28 2023 23:03:02 by "mach5one" with MS VC++ 17.1 (VS2022)

END.
