#
# A fatal error has been detected by the Java Runtime Environment:
#
#  EXCEPTION_ACCESS_VIOLATION (0xc0000005) at pc=0x0000024fe1ca9279, pid=87144, tid=95124
#
# JRE version: Java(TM) SE Runtime Environment (17.0.7+8) (build 17.0.7+8-LTS-224)
# Java VM: Java HotSpot(TM) 64-Bit Server VM (17.0.7+8-LTS-224, mixed mode, sharing, tiered, compressed oops, compressed class ptrs, g1 gc, windows-amd64)
# Problematic frame:
# j  org.apache.catalina.core.ApplicationHttpRequest.getSession(Z)Ljakarta/servlet/http/HttpSession;+0
#
# No core dump will be written. Minidumps are not enabled by default on client versions of Windows
#
# If you would like to submit a bug report, please visit:
#   https://bugreport.java.com/bugreport/crash.jsp
#

---------------  S U M M A R Y ------------

Command Line: -Dfile.encoding=UTF-8 -XX:+ShowCodeDetailsInExceptionMessages -agentpath:C:\Program Files\SentinelOne\Sentinel Agent 22.3.4.612\SentinelJava64.dll com.project.springboot.myfirstwebapp.MyfirstwebappApplication

Host: 12th Gen Intel(R) Core(TM) i7-1255U, 12 cores, 31G,  Windows 10 , 64 bit Build 19041 (10.0.19041.2913)
Time: Tue Jun  6 14:59:24 2023 India Standard Time elapsed time: 34.509501 seconds (0d 0h 0m 34s)

---------------  T H R E A D  ---------------

Current thread (0x0000024f81246990):  JavaThread "http-nio-8080-exec-1" daemon [_thread_in_Java, id=95124, stack(0x00000098fa300000,0x00000098fa400000)]

Stack: [0x00000098fa300000,0x00000098fa400000],  sp=0x00000098fa3fc000,  free space=1008k
Native frames: (J=compiled Java code, j=interpreted, Vv=VM code, C=native code)
C  0x0000024fe1ca9279


siginfo: EXCEPTION_ACCESS_VIOLATION (0xc0000005), reading address 0xffffffffffffffff


Register to memory mapping:

RIP=0x0000024fe1ca9279 is at code_begin+281 in an Interpreter codelet
getfield  180 getfield  [0x0000024fe1ca9160, 0x0000024fe1ca9a80]  2336 bytes
RAX=0x0000000014400005 is an unknown value
RBX=0x0000000000000010 is an unknown value
RCX=0x0000024f8805b7d8 is pointing into metadata
RDX=0x0000000000000040 is an unknown value
RSP=0x00000098fa3fc000 is pointing into the stack for thread: 0x0000024f81246990
RBP=0x00000098fa3fc048 is pointing into the stack for thread: 0x0000024f81246990
RSI=0x00000098fa3fc430 is pointing into the stack for thread: 0x0000024f81246990
RDI=0x00000098fa3fc438 is pointing into the stack for thread: 0x0000024f81246990
R8 =0x0000000000000006 is an unknown value
R9 =0x3f3f3f3f3f3f3f3f is an unknown value
R10=0x00007ff9ac02c370 jvm.dll
R11={method} {0x0000024f88057880} 'getSession' '(Z)Ljakarta/servlet/http/HttpSession;' in 'org/apache/catalina/core/ApplicationHttpRequest'
R12=0x0 is NULL
R13=0x0000024f88057771 is pointing into metadata
R14=0x00000098fa3fc078 is pointing into the stack for thread: 0x0000024f81246990
R15=0x0000024f81246990 is a thread


Registers:
RAX=0x0000000014400005, RBX=0x0000000000000010, RCX=0x0000024f8805b7d8, RDX=0x0000000000000040
RSP=0x00000098fa3fc000, RBP=0x00000098fa3fc048, RSI=0x00000098fa3fc430, RDI=0x00000098fa3fc438
R8 =0x0000000000000006, R9 =0x3f3f3f3f3f3f3f3f, R10=0x00007ff9ac02c370, R11=0x0000024f88057878
R12=0x0000000000000000, R13=0x0000024f88057771, R14=0x00000098fa3fc078, R15=0x0000024f81246990
RIP=0x0000024fe1ca9279, EFLAGS=0x0000000000010246

Top of Stack: (sp=0x00000098fa3fc000)
0x00000098fa3fc000:   00000098fa3fc000 0000024f88057770
0x00000098fa3fc010:   00000098fa3fc078 0000024f8805b7d8
0x00000098fa3fc020:   0000000000000000 00000006228eeee8
0x00000098fa3fc030:   0000024f88057878 0000000000000000
0x00000098fa3fc040:   00000098fa3fc070 00000098fa3fc250
0x00000098fa3fc050:   0000024fe1c91010 0000000000000000
0x00000098fa3fc060:   0000000000000000 0000000000000000
0x00000098fa3fc070:   0000000622828558 3f3f3f3f3f3f3f3f
0x00000098fa3fc080:   0000000000000000 0000000000000000
0x00000098fa3fc090:   0000000000000001 0000000000000000
0x00000098fa3fc0a0:   0000000000000010 0000000000000000
0x00000098fa3fc0b0:   0000000000000000 0000000000000000
0x00000098fa3fc0c0:   00000000c09c8c0a 0000000000000000
0x00000098fa3fc0d0:   00000000c0ba2776 0000000000000000
0x00000098fa3fc0e0:   0000000000000000 0000000000000000
0x00000098fa3fc0f0:   0000000000000000 0000000000000000 

Instructions: (pc=0x0000024fe1ca9279)
0x0000024fe1ca9179:   00 00 00 48 83 ec 10 48 89 04 24 48 c7 44 24 08
0x0000024fe1ca9189:   00 00 00 00 e9 01 00 00 00 50 41 0f b7 55 01 48
0x0000024fe1ca9199:   8b 4d d0 c1 e2 02 8b 5c d1 20 c1 eb 10 81 e3 ff
0x0000024fe1ca91a9:   00 00 00 81 fb b4 00 00 00 0f 84 b6 00 00 00 bb
0x0000024fe1ca91b9:   b4 00 00 00 e8 05 00 00 00 e9 9b 00 00 00 48 8b
0x0000024fe1ca91c9:   d3 48 8d 44 24 08 4c 89 6d c0 49 8b cf c5 f8 77
0x0000024fe1ca91d9:   49 89 af 98 02 00 00 49 89 87 88 02 00 00 48 83
0x0000024fe1ca91e9:   ec 20 f7 c4 0f 00 00 00 0f 84 1a 00 00 00 48 83
0x0000024fe1ca91f9:   ec 08 49 ba f0 03 88 ab f9 7f 00 00 41 ff d2 48
0x0000024fe1ca9209:   83 c4 08 e9 0d 00 00 00 49 ba f0 03 88 ab f9 7f
0x0000024fe1ca9219:   00 00 41 ff d2 48 83 c4 20 49 c7 87 88 02 00 00
0x0000024fe1ca9229:   00 00 00 00 49 c7 87 98 02 00 00 00 00 00 00 49
0x0000024fe1ca9239:   c7 87 90 02 00 00 00 00 00 00 c5 f8 77 49 81 7f
0x0000024fe1ca9249:   08 00 00 00 00 0f 84 05 00 00 00 e9 a7 7c fe ff
0x0000024fe1ca9259:   4c 8b 6d c0 4c 8b 75 c8 c3 41 0f b7 55 01 48 8b
0x0000024fe1ca9269:   4d d0 c1 e2 02 48 8b 5c d1 30 8b 44 d1 38 41 59
0x0000024fe1ca9279:   49 3b 01 c1 e8 1c 83 e0 0f 0f 85 d4 00 00 00 41
0x0000024fe1ca9289:   0f be 04 19 50 41 b9 cc 00 00 00 41 0f b6 5d 00
0x0000024fe1ca9299:   81 fb ca 00 00 00 0f 85 ae 00 00 00 48 8b 5d e8
0x0000024fe1ca92a9:   e8 05 00 00 00 e9 9e 00 00 00 4d 8b c5 48 8b d3
0x0000024fe1ca92b9:   48 8d 44 24 08 4c 89 6d c0 49 8b cf c5 f8 77 49
0x0000024fe1ca92c9:   89 af 98 02 00 00 49 89 87 88 02 00 00 48 83 ec
0x0000024fe1ca92d9:   20 f7 c4 0f 00 00 00 0f 84 1a 00 00 00 48 83 ec
0x0000024fe1ca92e9:   08 49 ba 70 12 88 ab f9 7f 00 00 41 ff d2 48 83
0x0000024fe1ca92f9:   c4 08 e9 0d 00 00 00 49 ba 70 12 88 ab f9 7f 00
0x0000024fe1ca9309:   00 41 ff d2 48 83 c4 20 49 c7 87 88 02 00 00 00
0x0000024fe1ca9319:   00 00 00 49 c7 87 98 02 00 00 00 00 00 00 49 c7
0x0000024fe1ca9329:   87 90 02 00 00 00 00 00 00 c5 f8 77 49 81 7f 08
0x0000024fe1ca9339:   00 00 00 00 0f 84 05 00 00 00 e9 b8 7b fe ff 4c
0x0000024fe1ca9349:   8b 6d c0 4c 8b 75 c8 c3 eb 04 45 88 4d 00 e9 fd
0x0000024fe1ca9359:   06 00 00 83 f8 01 0f 85 d4 00 00 00 41 0f b6 04
0x0000024fe1ca9369:   19 50 41 b9 cc 00 00 00 41 0f b6 5d 00 81 fb ca 


Stack slot to memory mapping:
stack at sp + 0 slots: 0x00000098fa3fc000 is pointing into the stack for thread: 0x0000024f81246990
stack at sp + 1 slots: 0x0000024f88057770 is pointing into metadata
stack at sp + 2 slots: 0x00000098fa3fc078 is pointing into the stack for thread: 0x0000024f81246990
stack at sp + 3 slots: 0x0000024f8805b7d8 is pointing into metadata
stack at sp + 4 slots: 0x0 is NULL
stack at sp + 5 slots: 0x00000006228eeee8 is an oop: java.lang.Class 
{0x00000006228eeee8} - klass: 'java/lang/Class'
 - ---- fields (total size 16 words):
 - private volatile transient 'classRedefinedCount' 'I' @12  0
 - private volatile transient 'cachedConstructor' 'Ljava/lang/reflect/Constructor;' @40  NULL (0)
 - private transient 'name' 'Ljava/lang/String;' @44  "org.apache.catalina.core.ApplicationHttpRequest"{0x00000006228eefa8} (c451ddf5)
 - private transient 'module' 'Ljava/lang/Module;' @48  a 'java/lang/Module'{0x0000000604c059f8} (c0980b3f)
 - private final 'classLoader' 'Ljava/lang/ClassLoader;' @52  a 'jdk/internal/loader/ClassLoaders$AppClassLoader'{0x0000000604c05640} (c0980ac8)
 - private transient 'classData' 'Ljava/lang/Object;' @56  NULL (0)
 - private transient 'packageName' 'Ljava/lang/String;' @60  "org.apache.catalina.core"{0x0000000605e673c0} (c0bcce78)
 - private final 'componentType' 'Ljava/lang/Class;' @64  NULL (0)
 - private volatile transient 'reflectionData' 'Ljava/lang/ref/SoftReference;' @68  NULL (0)
 - private volatile transient 'genericInfo' 'Lsun/reflect/generics/repository/ClassRepository;' @72  NULL (0)
 - private volatile transient 'enumConstants' '[Ljava/lang/Object;' @76  NULL (0)
 - private volatile transient 'enumConstantDirectory' 'Ljava/util/Map;' @80  NULL (0)
 - private volatile transient 'annotationData' 'Ljava/lang/Class$AnnotationData;' @84  NULL (0)
 - private volatile transient 'annotationType' 'Lsun/reflect/annotation/AnnotationType;' @88  NULL (0)
 - transient 'classValueMap' 'Ljava/lang/ClassValue$ClassValueMap;' @92  NULL (0)
 - signature: Lorg/apache/catalina/core/ApplicationHttpRequest;
 - fake entry for mirror: 'org/apache/catalina/core/ApplicationHttpRequest'
 - fake entry for array: NULL
 - fake entry for oop_size: 16
 - fake entry for static_oop_field_count: 2
 - private static final 'sm' 'Lorg/apache/tomcat/util/res/StringManager;' @112  a 'org/apache/tomcat/util/res/StringManager'{0x00000006061275b8} (c0c24eb7)
 - protected static final 'specials' '[Ljava/lang/String;' @116  a 'java/lang/String'[12] {0x00000006228eef68} (c451dded)
 - private static final 'SPECIALS_FIRST_FORWARD_INDEX' 'I' @120  6
stack at sp + 6 slots: {method} {0x0000024f88057880} 'getSession' '(Z)Ljakarta/servlet/http/HttpSession;' in 'org/apache/catalina/core/ApplicationHttpRequest'
stack at sp + 7 slots: 0x0 is NULL

getfield  180 getfield  [0x0000024fe1ca9160, 0x0000024fe1ca9a80]  2336 bytes
[MachCode]
  0x0000024fe1ca9160: 4883 ec08 | c5fa 1104 | 24e9 2500 | 0000 4883 | ec10 c5fb | 1104 24e9 | 1700 0000 | 4883 ec10 
  0x0000024fe1ca9180: 4889 0424 | 48c7 4424 | 0800 0000 | 00e9 0100 | 0000 5041 | 0fb7 5501 | 488b 4dd0 | c1e2 028b 
  0x0000024fe1ca91a0: 5cd1 20c1 | eb10 81e3 | ff00 0000 | 81fb b400 | 0000 0f84 | b600 0000 | bbb4 0000 | 00e8 0500 
  0x0000024fe1ca91c0: 0000 e99b | 0000 0048 | 8bd3 488d | 4424 084c | 896d c049 | 8bcf c5f8 | 7749 89af | 9802 0000 
  0x0000024fe1ca91e0: 4989 8788 | 0200 0048 | 83ec 20f7 | c40f 0000 | 000f 841a | 0000 0048 | 83ec 0849 | baf0 0388 
  0x0000024fe1ca9200: abf9 7f00 | 0041 ffd2 | 4883 c408 | e90d 0000 | 0049 baf0 | 0388 abf9 | 7f00 0041 | ffd2 4883 
  0x0000024fe1ca9220: c420 49c7 | 8788 0200 | 0000 0000 | 0049 c787 | 9802 0000 | 0000 0000 | 49c7 8790 | 0200 0000 
  0x0000024fe1ca9240: 0000 00c5 | f877 4981 | 7f08 0000 | 0000 0f84 | 0500 0000 | e9a7 7cfe | ff4c 8b6d | c04c 8b75 
  0x0000024fe1ca9260: c8c3 410f | b755 0148 | 8b4d d0c1 | e202 488b | 5cd1 308b | 44d1 3841 | 5949 3b01 | c1e8 1c83 
  0x0000024fe1ca9280: e00f 0f85 | d400 0000 | 410f be04 | 1950 41b9 | cc00 0000 | 410f b65d | 0081 fbca | 0000 000f 
  0x0000024fe1ca92a0: 85ae 0000 | 0048 8b5d | e8e8 0500 | 0000 e99e | 0000 004d | 8bc5 488b | d348 8d44 | 2408 4c89 
  0x0000024fe1ca92c0: 6dc0 498b | cfc5 f877 | 4989 af98 | 0200 0049 | 8987 8802 | 0000 4883 | ec20 f7c4 | 0f00 0000 
  0x0000024fe1ca92e0: 0f84 1a00 | 0000 4883 | ec08 49ba | 7012 88ab | f97f 0000 | 41ff d248 | 83c4 08e9 | 0d00 0000 
  0x0000024fe1ca9300: 49ba 7012 | 88ab f97f | 0000 41ff | d248 83c4 | 2049 c787 | 8802 0000 | 0000 0000 | 49c7 8798 
  0x0000024fe1ca9320: 0200 0000 | 0000 0049 | c787 9002 | 0000 0000 | 0000 c5f8 | 7749 817f | 0800 0000 | 000f 8405 
  0x0000024fe1ca9340: 0000 00e9 | b87b feff | 4c8b 6dc0 | 4c8b 75c8 | c3eb 0445 | 884d 00e9 | fd06 0000 | 83f8 010f 
  0x0000024fe1ca9360: 85d4 0000 | 0041 0fb6 | 0419 5041 | b9cc 0000 | 0041 0fb6 | 5d00 81fb | ca00 0000 | 0f85 ae00 
  0x0000024fe1ca9380: 0000 488b | 5de8 e805 | 0000 00e9 | 9e00 0000 | 4d8b c548 | 8bd3 488d | 4424 084c | 896d c049 
  0x0000024fe1ca93a0: 8bcf c5f8 | 7749 89af | 9802 0000 | 4989 8788 | 0200 0048 | 83ec 20f7 | c40f 0000 | 000f 841a 
  0x0000024fe1ca93c0: 0000 0048 | 83ec 0849 | ba70 1288 | abf9 7f00 | 0041 ffd2 | 4883 c408 | e90d 0000 | 0049 ba70 
  0x0000024fe1ca93e0: 1288 abf9 | 7f00 0041 | ffd2 4883 | c420 49c7 | 8788 0200 | 0000 0000 | 0049 c787 | 9802 0000 
  0x0000024fe1ca9400: 0000 0000 | 49c7 8790 | 0200 0000 | 0000 00c5 | f877 4981 | 7f08 0000 | 0000 0f84 | 0500 0000 
  0x0000024fe1ca9420: e9db 7afe | ff4c 8b6d | c04c 8b75 | c8c3 eb04 | 4588 4d00 | e920 0600 | 0083 f808 | 0f85 d700 
  0x0000024fe1ca9440: 0000 418b | 0419 48c1 | e003 5041 | b9cb 0000 | 0041 0fb6 | 5d00 81fb | ca00 0000 | 0f85 ae00 
  0x0000024fe1ca9460: 0000 488b | 5de8 e805 | 0000 00e9 | 9e00 0000 | 4d8b c548 | 8bd3 488d | 4424 084c | 896d c049 
  0x0000024fe1ca9480: 8bcf c5f8 | 7749 89af | 9802 0000 | 4989 8788 | 0200 0048 | 83ec 20f7 | c40f 0000 | 000f 841a 
  0x0000024fe1ca94a0: 0000 0048 | 83ec 0849 | ba70 1288 | abf9 7f00 | 0041 ffd2 | 4883 c408 | e90d 0000 | 0049 ba70 
  0x0000024fe1ca94c0: 1288 abf9 | 7f00 0041 | ffd2 4883 | c420 49c7 | 8788 0200 | 0000 0000 | 0049 c787 | 9802 0000 
  0x0000024fe1ca94e0: 0000 0000 | 49c7 8790 | 0200 0000 | 0000 00c5 | f877 4981 | 7f08 0000 | 0000 0f84 | 0500 0000 
  0x0000024fe1ca9500: e9fb 79fe | ff4c 8b6d | c04c 8b75 | c8c3 eb04 | 4588 4d00 | e940 0500 | 0083 f804 | 0f85 d300 
  0x0000024fe1ca9520: 0000 418b | 0419 5041 | b9d0 0000 | 0041 0fb6 | 5d00 81fb | ca00 0000 | 0f85 ae00 | 0000 488b 
  0x0000024fe1ca9540: 5de8 e805 | 0000 00e9 | 9e00 0000 | 4d8b c548 | 8bd3 488d | 4424 084c | 896d c049 | 8bcf c5f8 
  0x0000024fe1ca9560: 7749 89af | 9802 0000 | 4989 8788 | 0200 0048 | 83ec 20f7 | c40f 0000 | 000f 841a | 0000 0048 
  0x0000024fe1ca9580: 83ec 0849 | ba70 1288 | abf9 7f00 | 0041 ffd2 | 4883 c408 | e90d 0000 | 0049 ba70 | 1288 abf9 
  0x0000024fe1ca95a0: 7f00 0041 | ffd2 4883 | c420 49c7 | 8788 0200 | 0000 0000 | 0049 c787 | 9802 0000 | 0000 0000 
  0x0000024fe1ca95c0: 49c7 8790 | 0200 0000 | 0000 00c5 | f877 4981 | 7f08 0000 | 0000 0f84 | 0500 0000 | e91f 79fe 
  0x0000024fe1ca95e0: ff4c 8b6d | c04c 8b75 | c8c3 eb04 | 4588 4d00 | e964 0400 | 0083 f802 | 0f85 d400 | 0000 410f 
  0x0000024fe1ca9600: b704 1950 | 41b9 cd00 | 0000 410f | b65d 0081 | fbca 0000 | 000f 85ae | 0000 0048 | 8b5d e8e8 
  0x0000024fe1ca9620: 0500 0000 | e99e 0000 | 004d 8bc5 | 488b d348 | 8d44 2408 | 4c89 6dc0 | 498b cfc5 | f877 4989 
  0x0000024fe1ca9640: af98 0200 | 0049 8987 | 8802 0000 | 4883 ec20 | f7c4 0f00 | 0000 0f84 | 1a00 0000 | 4883 ec08 
  0x0000024fe1ca9660: 49ba 7012 | 88ab f97f | 0000 41ff | d248 83c4 | 08e9 0d00 | 0000 49ba | 7012 88ab | f97f 0000 
  0x0000024fe1ca9680: 41ff d248 | 83c4 2049 | c787 8802 | 0000 0000 | 0000 49c7 | 8798 0200 | 0000 0000 | 0049 c787 
  0x0000024fe1ca96a0: 9002 0000 | 0000 0000 | c5f8 7749 | 817f 0800 | 0000 000f | 8405 0000 | 00e9 4278 | feff 4c8b 
  0x0000024fe1ca96c0: 6dc0 4c8b | 75c8 c3eb | 0445 884d | 00e9 8703 | 0000 83f8 | 030f 85d4 | 0000 0041 | 0fbf 0419 
  0x0000024fe1ca96e0: 5041 b9d2 | 0000 0041 | 0fb6 5d00 | 81fb ca00 | 0000 0f85 | ae00 0000 | 488b 5de8 | e805 0000 
  0x0000024fe1ca9700: 00e9 9e00 | 0000 4d8b | c548 8bd3 | 488d 4424 | 084c 896d | c049 8bcf | c5f8 7749 | 89af 9802 
  0x0000024fe1ca9720: 0000 4989 | 8788 0200 | 0048 83ec | 20f7 c40f | 0000 000f | 841a 0000 | 0048 83ec | 0849 ba70 
  0x0000024fe1ca9740: 1288 abf9 | 7f00 0041 | ffd2 4883 | c408 e90d | 0000 0049 | ba70 1288 | abf9 7f00 | 0041 ffd2 
  0x0000024fe1ca9760: 4883 c420 | 49c7 8788 | 0200 0000 | 0000 0049 | c787 9802 | 0000 0000 | 0000 49c7 | 8790 0200 
  0x0000024fe1ca9780: 0000 0000 | 00c5 f877 | 4981 7f08 | 0000 0000 | 0f84 0500 | 0000 e965 | 77fe ff4c | 8b6d c04c 
  0x0000024fe1ca97a0: 8b75 c8c3 | eb04 4588 | 4d00 e9aa | 0200 0083 | f805 0f85 | e300 0000 | 498b 0419 | 4883 ec10 
  0x0000024fe1ca97c0: 4889 0424 | 48c7 4424 | 0800 0000 | 0041 b9d1 | 0000 0041 | 0fb6 5d00 | 81fb ca00 | 0000 0f85 
  0x0000024fe1ca97e0: ae00 0000 | 488b 5de8 | e805 0000 | 00e9 9e00 | 0000 4d8b | c548 8bd3 | 488d 4424 | 084c 896d 
  0x0000024fe1ca9800: c049 8bcf | c5f8 7749 | 89af 9802 | 0000 4989 | 8788 0200 | 0048 83ec | 20f7 c40f | 0000 000f 
  0x0000024fe1ca9820: 841a 0000 | 0048 83ec | 0849 ba70 | 1288 abf9 | 7f00 0041 | ffd2 4883 | c408 e90d | 0000 0049 
  0x0000024fe1ca9840: ba70 1288 | abf9 7f00 | 0041 ffd2 | 4883 c420 | 49c7 8788 | 0200 0000 | 0000 0049 | c787 9802 
  0x0000024fe1ca9860: 0000 0000 | 0000 49c7 | 8790 0200 | 0000 0000 | 00c5 f877 | 4981 7f08 | 0000 0000 | 0f84 0500 
  0x0000024fe1ca9880: 0000 e979 | 76fe ff4c | 8b6d c04c | 8b75 c8c3 | eb04 4588 | 4d00 e9be | 0100 0083 | f806 0f85 
  0x0000024fe1ca98a0: dd00 0000 | c4c1 7a10 | 0419 4883 | ec08 c5fa | 1104 2441 | b9cf 0000 | 0041 0fb6 | 5d00 81fb 
  0x0000024fe1ca98c0: ca00 0000 | 0f85 ae00 | 0000 488b | 5de8 e805 | 0000 00e9 | 9e00 0000 | 4d8b c548 | 8bd3 488d 
  0x0000024fe1ca98e0: 4424 084c | 896d c049 | 8bcf c5f8 | 7749 89af | 9802 0000 | 4989 8788 | 0200 0048 | 83ec 20f7 
  0x0000024fe1ca9900: c40f 0000 | 000f 841a | 0000 0048 | 83ec 0849 | ba70 1288 | abf9 7f00 | 0041 ffd2 | 4883 c408 
  0x0000024fe1ca9920: e90d 0000 | 0049 ba70 | 1288 abf9 | 7f00 0041 | ffd2 4883 | c420 49c7 | 8788 0200 | 0000 0000 
  0x0000024fe1ca9940: 0049 c787 | 9802 0000 | 0000 0000 | 49c7 8790 | 0200 0000 | 0000 00c5 | f877 4981 | 7f08 0000 
  0x0000024fe1ca9960: 0000 0f84 | 0500 0000 | e993 75fe | ff4c 8b6d | c04c 8b75 | c8c3 eb04 | 4588 4d00 | e9d8 0000 
  0x0000024fe1ca9980: 00c4 c17b | 1004 1948 | 83ec 10c5 | fb11 0424 | 41b9 ce00 | 0000 410f | b65d 0081 | fbca 0000 
  0x0000024fe1ca99a0: 000f 85ae | 0000 0048 | 8b5d e8e8 | 0500 0000 | e99e 0000 | 004d 8bc5 | 488b d348 | 8d44 2408 
  0x0000024fe1ca99c0: 4c89 6dc0 | 498b cfc5 | f877 4989 | af98 0200 | 0049 8987 | 8802 0000 | 4883 ec20 | f7c4 0f00 
  0x0000024fe1ca99e0: 0000 0f84 | 1a00 0000 | 4883 ec08 | 49ba 7012 | 88ab f97f | 0000 41ff | d248 83c4 | 08e9 0d00 
  0x0000024fe1ca9a00: 0000 49ba | 7012 88ab | f97f 0000 | 41ff d248 | 83c4 2049 | c787 8802 | 0000 0000 | 0000 49c7 
  0x0000024fe1ca9a20: 8798 0200 | 0000 0000 | 0049 c787 | 9002 0000 | 0000 0000 | c5f8 7749 | 817f 0800 | 0000 000f 
  0x0000024fe1ca9a40: 8405 0000 | 00e9 b674 | feff 4c8b | 6dc0 4c8b | 75c8 c3eb | 0445 884d | 0041 0fb6 | 5d03 4983 
  0x0000024fe1ca9a60: c503 49ba | 70cb 02ac | f97f 0000 | 41ff 24da | 0000 0000 | 0000 0000 | 0000 0000 | 0000 0000 
[/MachCode]

---------------  P R O C E S S  ---------------

Threads class SMR info:
_java_thread_list=0x0000024f84192bf0, length=29, elements={
0x0000024ffcbc1580, 0x0000024ffcbc2a30, 0x0000024ffcbda3c0, 0x0000024ffcbdce60,
0x0000024ffcbdf840, 0x0000024ffcbe5f80, 0x0000024ffcbe84f0, 0x0000024fff716680,
0x0000024fff7260e0, 0x0000024fff861510, 0x0000024fff874d90, 0x0000024f81242fd0,
0x0000024f81245ff0, 0x0000024f812434a0, 0x0000024f81245b20, 0x0000024f81243970,
0x0000024f81246990, 0x0000024f81244310, 0x0000024f83369fb0, 0x0000024f8336e310,
0x0000024f8336ae20, 0x0000024f8336c160, 0x0000024f8336fb20, 0x0000024f8336c630,
0x0000024f8336b7c0, 0x0000024f8336cb00, 0x0000024f8336a950, 0x0000024f8336bc90,
0x0000024f8336d970
}

Java Threads: ( => current thread )
  0x0000024ffcbc1580 JavaThread "Reference Handler" daemon [_thread_blocked, id=85236, stack(0x00000098f8400000,0x00000098f8500000)]
  0x0000024ffcbc2a30 JavaThread "Finalizer" daemon [_thread_blocked, id=93956, stack(0x00000098f8500000,0x00000098f8600000)]
  0x0000024ffcbda3c0 JavaThread "Signal Dispatcher" daemon [_thread_blocked, id=91608, stack(0x00000098f8600000,0x00000098f8700000)]
  0x0000024ffcbdce60 JavaThread "Attach Listener" daemon [_thread_blocked, id=86456, stack(0x00000098f8700000,0x00000098f8800000)]
  0x0000024ffcbdf840 JavaThread "Service Thread" daemon [_thread_blocked, id=78572, stack(0x00000098f8800000,0x00000098f8900000)]
  0x0000024ffcbe5f80 JavaThread "Monitor Deflation Thread" daemon [_thread_blocked, id=47700, stack(0x00000098f8900000,0x00000098f8a00000)]
  0x0000024ffcbe84f0 JavaThread "C2 CompilerThread0" daemon [_thread_blocked, id=98088, stack(0x00000098f8a00000,0x00000098f8b00000)]
  0x0000024fff716680 JavaThread "C1 CompilerThread0" daemon [_thread_blocked, id=87256, stack(0x00000098f8b00000,0x00000098f8c00000)]
  0x0000024fff7260e0 JavaThread "Sweeper thread" daemon [_thread_blocked, id=86208, stack(0x00000098f8c00000,0x00000098f8d00000)]
  0x0000024fff861510 JavaThread "Notification Thread" daemon [_thread_blocked, id=97436, stack(0x00000098f8d00000,0x00000098f8e00000)]
  0x0000024fff874d90 JavaThread "Common-Cleaner" daemon [_thread_blocked, id=89092, stack(0x00000098f8f00000,0x00000098f9000000)]
  0x0000024f81242fd0 JavaThread "Catalina-utility-1" [_thread_blocked, id=95940, stack(0x00000098f9c00000,0x00000098f9d00000)]
  0x0000024f81245ff0 JavaThread "Catalina-utility-2" [_thread_blocked, id=95688, stack(0x00000098f9f00000,0x00000098fa000000)]
  0x0000024f812434a0 JavaThread "container-0" [_thread_blocked, id=66272, stack(0x00000098fa000000,0x00000098fa100000)]
  0x0000024f81245b20 JavaThread "File Watcher" daemon [_thread_blocked, id=76464, stack(0x00000098fa200000,0x00000098fa300000)]
  0x0000024f81243970 JavaThread "Live Reload Server" daemon [_thread_in_native, id=94940, stack(0x00000098fa400000,0x00000098fa500000)]
=>0x0000024f81246990 JavaThread "http-nio-8080-exec-1" daemon [_thread_in_Java, id=95124, stack(0x00000098fa300000,0x00000098fa400000)]
  0x0000024f81244310 JavaThread "http-nio-8080-exec-2" daemon [_thread_blocked, id=97100, stack(0x00000098fa500000,0x00000098fa600000)]
  0x0000024f83369fb0 JavaThread "http-nio-8080-exec-3" daemon [_thread_blocked, id=12084, stack(0x00000098fa600000,0x00000098fa700000)]
  0x0000024f8336e310 JavaThread "http-nio-8080-exec-4" daemon [_thread_blocked, id=70044, stack(0x00000098fa700000,0x00000098fa800000)]
  0x0000024f8336ae20 JavaThread "http-nio-8080-exec-5" daemon [_thread_blocked, id=93252, stack(0x00000098fa800000,0x00000098fa900000)]
  0x0000024f8336c160 JavaThread "http-nio-8080-exec-6" daemon [_thread_blocked, id=92348, stack(0x00000098fa900000,0x00000098faa00000)]
  0x0000024f8336fb20 JavaThread "http-nio-8080-exec-7" daemon [_thread_blocked, id=95172, stack(0x00000098faa00000,0x00000098fab00000)]
  0x0000024f8336c630 JavaThread "http-nio-8080-exec-8" daemon [_thread_blocked, id=79336, stack(0x00000098fab00000,0x00000098fac00000)]
  0x0000024f8336b7c0 JavaThread "http-nio-8080-exec-9" daemon [_thread_blocked, id=71288, stack(0x00000098fac00000,0x00000098fad00000)]
  0x0000024f8336cb00 JavaThread "http-nio-8080-exec-10" daemon [_thread_blocked, id=98136, stack(0x00000098fad00000,0x00000098fae00000)]
  0x0000024f8336a950 JavaThread "http-nio-8080-Poller" daemon [_thread_in_native, id=96228, stack(0x00000098fae00000,0x00000098faf00000)]
  0x0000024f8336bc90 JavaThread "http-nio-8080-Acceptor" daemon [_thread_in_native, id=96564, stack(0x00000098faf00000,0x00000098fb000000)]
  0x0000024f8336d970 JavaThread "DestroyJavaVM" [_thread_blocked, id=49216, stack(0x00000098f7d00000,0x00000098f7e00000)]

Other Threads:
  0x0000024ffcbbdab0 VMThread "VM Thread" [stack: 0x00000098f8300000,0x00000098f8400000] [id=84980] _threads_hazard_ptr=0x0000024f84192bf0
  0x0000024fff869bc0 WatcherThread [stack: 0x00000098f8e00000,0x00000098f8f00000] [id=75312]
  0x0000024ffca2ff90 GCTaskThread "GC Thread#0" [stack: 0x00000098f7e00000,0x00000098f7f00000] [id=95488]
  0x0000024f808a9a50 GCTaskThread "GC Thread#1" [stack: 0x00000098f9300000,0x00000098f9400000] [id=46748]
  0x0000024fffa8ed10 GCTaskThread "GC Thread#2" [stack: 0x00000098f9400000,0x00000098f9500000] [id=89580]
  0x0000024f80efd0b0 GCTaskThread "GC Thread#3" [stack: 0x00000098f9500000,0x00000098f9600000] [id=97116]
  0x0000024f80b77480 GCTaskThread "GC Thread#4" [stack: 0x00000098f9600000,0x00000098f9700000] [id=95416]
  0x0000024f80b77730 GCTaskThread "GC Thread#5" [stack: 0x00000098f9700000,0x00000098f9800000] [id=78128]
  0x0000024f81286950 GCTaskThread "GC Thread#6" [stack: 0x00000098f9800000,0x00000098f9900000] [id=93596]
  0x0000024f81286c00 GCTaskThread "GC Thread#7" [stack: 0x00000098f9900000,0x00000098f9a00000] [id=87528]
  0x0000024f80e9f6e0 GCTaskThread "GC Thread#8" [stack: 0x00000098f9a00000,0x00000098f9b00000] [id=88400]
  0x0000024f80e9f990 GCTaskThread "GC Thread#9" [stack: 0x00000098f9b00000,0x00000098f9c00000] [id=92824]
  0x0000024fd2fa9900 ConcurrentGCThread "G1 Main Marker" [stack: 0x00000098f7f00000,0x00000098f8000000] [id=78768]
  0x0000024fd2fab300 ConcurrentGCThread "G1 Conc#0" [stack: 0x00000098f8000000,0x00000098f8100000] [id=94784]
  0x0000024f81626f70 ConcurrentGCThread "G1 Conc#1" [stack: 0x00000098f9d00000,0x00000098f9e00000] [id=60996]
  0x0000024f81627220 ConcurrentGCThread "G1 Conc#2" [stack: 0x00000098f9e00000,0x00000098f9f00000] [id=96780]
  0x0000024ffcaefb90 ConcurrentGCThread "G1 Refine#0" [stack: 0x00000098f8100000,0x00000098f8200000] [id=37200]
  0x0000024ffcaf1270 ConcurrentGCThread "G1 Service" [stack: 0x00000098f8200000,0x00000098f8300000] [id=93780]

Threads with active compile tasks:

VM state: not at safepoint (normal execution)

VM Mutex/Monitor currently owned by a thread: None

Heap address: 0x0000000604c00000, size: 8116 MB, Compressed Oops mode: Zero based, Oop shift amount: 3

CDS archive(s) mapped at: [0x0000000800000000-0x0000000800bd0000-0x0000000800bd0000), size 12386304, SharedBaseAddress: 0x0000000800000000, ArchiveRelocationMode: 0.
Compressed class space mapped at: 0x0000000800c00000-0x0000000840c00000, reserved size: 1073741824
Narrow klass base: 0x0000000800000000, Narrow klass shift: 0, Narrow klass range: 0x100000000

GC Precious Log:
 CPUs: 12 total, 12 available
 Memory: 32452M
 Large Page Support: Disabled
 NUMA Support: Disabled
 Compressed Oops: Enabled (Zero based)
 Heap Region Size: 4M
 Heap Min Capacity: 8M
 Heap Initial Capacity: 508M
 Heap Max Capacity: 8116M
 Pre-touch: Disabled
 Parallel Workers: 10
 Concurrent Workers: 3
 Concurrent Refinement Workers: 10
 Periodic GC: Disabled

Heap:
 garbage-first heap   total 57344K, used 33765K [0x0000000604c00000, 0x0000000800000000)
  region size 4096K, 6 young (24576K), 1 survivors (4096K)
 Metaspace       used 39609K, committed 40064K, reserved 1089536K
  class space    used 4585K, committed 4800K, reserved 1048576K

Heap Regions: E=young(eden), S=young(survivor), O=old, HS=humongous(starts), HC=humongous(continues), CS=collection set, F=free, OA=open archive, CA=closed archive, TAMS=top-at-mark-start (previous, next)
|   0|0x0000000604c00000, 0x0000000604fda800, 0x0000000605000000| 96%| O|  |TAMS 0x0000000604fda800, 0x0000000604c00000| Untracked 
|   1|0x0000000605000000, 0x0000000605000000, 0x0000000605400000|  0%| F|  |TAMS 0x0000000605000000, 0x0000000605000000| Untracked 
|   2|0x0000000605400000, 0x0000000605400000, 0x0000000605800000|  0%| F|  |TAMS 0x0000000605400000, 0x0000000605400000| Untracked 
|   3|0x0000000605800000, 0x0000000605800000, 0x0000000605c00000|  0%| F|  |TAMS 0x0000000605800000, 0x0000000605800000| Untracked 
|   4|0x0000000605c00000, 0x0000000606000000, 0x0000000606000000|100%| O|  |TAMS 0x0000000606000000, 0x0000000605c00000| Untracked 
|   5|0x0000000606000000, 0x0000000606400000, 0x0000000606400000|100%| O|  |TAMS 0x0000000606400000, 0x0000000606000000| Untracked 
|   6|0x0000000606400000, 0x0000000606701e00, 0x0000000606800000| 75%| O|  |TAMS 0x0000000606543800, 0x0000000606400000| Untracked 
|   7|0x0000000606800000, 0x0000000606800000, 0x0000000606c00000|  0%| F|  |TAMS 0x0000000606800000, 0x0000000606800000| Untracked 
|   8|0x0000000606c00000, 0x0000000606f057e8, 0x0000000607000000| 75%| E|  |TAMS 0x0000000606c00000, 0x0000000606c00000| Complete 
|   9|0x0000000607000000, 0x0000000607400000, 0x0000000607400000|100%| E|CS|TAMS 0x0000000607000000, 0x0000000607000000| Complete 
|  10|0x0000000607400000, 0x0000000607800000, 0x0000000607800000|100%| E|CS|TAMS 0x0000000607400000, 0x0000000607400000| Complete 
| 119|0x0000000622800000, 0x0000000622a1d110, 0x0000000622c00000| 52%| S|CS|TAMS 0x0000000622800000, 0x0000000622800000| Complete 
| 120|0x0000000622c00000, 0x0000000623000000, 0x0000000623000000|100%| E|CS|TAMS 0x0000000622c00000, 0x0000000622c00000| Complete 
| 126|0x0000000624400000, 0x0000000624800000, 0x0000000624800000|100%| E|CS|TAMS 0x0000000624400000, 0x0000000624400000| Complete 

Card table byte_map: [0x0000024feac90000,0x0000024febc70000] _byte_map_base: 0x0000024fe7c6a000

Marking Bits (Prev, Next): (CMBitMap*) 0x0000024ffca30580, (CMBitMap*) 0x0000024ffca305c0
 Prev Bits: [0x0000024fecc50000, 0x0000024ff4b20000)
 Next Bits: [0x0000024ff4b20000, 0x0000024ffc9f0000)

Polling page: 0x0000024fd09a0000

Metaspace:

Usage:
  Non-class:     34.20 MB used.
      Class:      4.48 MB used.
       Both:     38.68 MB used.

Virtual space:
  Non-class space:       40.00 MB reserved,      34.44 MB ( 86%) committed,  5 nodes.
      Class space:        1.00 GB reserved,       4.69 MB ( <1%) committed,  1 nodes.
             Both:        1.04 GB reserved,      39.12 MB (  4%) committed. 

Chunk freelists:
   Non-Class:  1.07 MB
       Class:  3.26 MB
        Both:  4.33 MB

MaxMetaspaceSize: unlimited
CompressedClassSpaceSize: 1.00 GB
Initial GC threshold: 21.00 MB
Current GC threshold: 58.75 MB
CDS: on
MetaspaceReclaimPolicy: balanced
 - commit_granule_bytes: 65536.
 - commit_granule_words: 8192.
 - virtual_space_node_default_size: 1048576.
 - enlarge_chunks_in_place: 1.
 - new_chunks_are_fully_committed: 0.
 - uncommit_free_chunks: 1.
 - use_allocation_guard: 0.
 - handle_deallocations: 1.


Internal statistics:

num_allocs_failed_limit: 6.
num_arena_births: 632.
num_arena_deaths: 0.
num_vsnodes_births: 6.
num_vsnodes_deaths: 0.
num_space_committed: 626.
num_space_uncommitted: 0.
num_chunks_returned_to_freelist: 6.
num_chunks_taken_from_freelist: 1958.
num_chunk_merges: 3.
num_chunk_splits: 1384.
num_chunks_enlarged: 1045.
num_purges: 0.
num_inconsistent_stats: 0.

CodeHeap 'non-profiled nmethods': size=120000Kb used=3143Kb max_used=3143Kb free=116856Kb
 bounds [0x0000024fe2230000, 0x0000024fe2550000, 0x0000024fe9760000]
CodeHeap 'profiled nmethods': size=120000Kb used=10152Kb max_used=10152Kb free=109847Kb
 bounds [0x0000024fda760000, 0x0000024fdb150000, 0x0000024fe1c90000]
CodeHeap 'non-nmethods': size=5760Kb used=1273Kb max_used=1296Kb free=4486Kb
 bounds [0x0000024fe1c90000, 0x0000024fe1f00000, 0x0000024fe2230000]
 total_blobs=5069 nmethods=4483 adapters=498
 compilation: enabled
              stopped_count=0, restarted_count=0
 full_count=0

Compilation events (20 events):
Event: 34.458 Thread 0x0000024fff716680 nmethod 4472 0x0000024fdb145510 code [0x0000024fdb145720, 0x0000024fdb145de8]
Event: 34.458 Thread 0x0000024fff716680 4474       3       org.eclipse.jdt.internal.compiler.lookup.Scope::methodScope (25 bytes)
Event: 34.458 Thread 0x0000024fff716680 nmethod 4474 0x0000024fdb146110 code [0x0000024fdb1462c0, 0x0000024fdb1466f8]
Event: 34.458 Thread 0x0000024fff716680 4476       1       org.eclipse.jdt.internal.compiler.codegen.VerificationTypeInfo::id (5 bytes)
Event: 34.459 Thread 0x0000024fff716680 nmethod 4476 0x0000024fe2539d10 code [0x0000024fe2539ea0, 0x0000024fe2539f78]
Event: 34.459 Thread 0x0000024fff716680 4475       3       org.eclipse.jdt.internal.compiler.codegen.VerificationTypeInfo::<init> (131 bytes)
Event: 34.459 Thread 0x0000024fff716680 nmethod 4475 0x0000024fdb146810 code [0x0000024fdb1469e0, 0x0000024fdb146eb8]
Event: 34.459 Thread 0x0000024fff716680 4473       3       org.eclipse.jdt.internal.compiler.codegen.CodeStream::recordPositionsFrom (8 bytes)
Event: 34.459 Thread 0x0000024fff716680 nmethod 4473 0x0000024fdb146f90 code [0x0000024fdb147120, 0x0000024fdb147308]
Event: 34.467 Thread 0x0000024fff716680 4477       3       java.lang.invoke.MethodHandles::foldArgumentsWithCombiner (9 bytes)
Event: 34.467 Thread 0x0000024fff716680 nmethod 4477 0x0000024fdb147410 code [0x0000024fdb1475a0, 0x0000024fdb1476e8]
Event: 34.472 Thread 0x0000024fff716680 4478       3       org.apache.jasper.compiler.SmapUtil$SDEInstaller::readU1 (21 bytes)
Event: 34.472 Thread 0x0000024fff716680 nmethod 4478 0x0000024fdb147790 code [0x0000024fdb147920, 0x0000024fdb147a78]
Event: 34.472 Thread 0x0000024fff716680 4480       3       org.apache.jasper.compiler.SmapUtil$SDEInstaller::readBytes (38 bytes)
Event: 34.472 Thread 0x0000024fff716680 nmethod 4480 0x0000024fdb147b90 code [0x0000024fdb147d40, 0x0000024fdb147ff8]
Event: 34.472 Thread 0x0000024fff716680 4479       3       org.apache.jasper.compiler.SmapUtil$SDEInstaller::writeU1 (19 bytes)
Event: 34.473 Thread 0x0000024fff716680 nmethod 4479 0x0000024fdb148110 code [0x0000024fdb1482a0, 0x0000024fdb1483f8]
Event: 34.481 Thread 0x0000024ffcbe84f0 nmethod 4464 0x0000024fe253a010 code [0x0000024fe253a2e0, 0x0000024fe253c6f8]
Event: 34.486 Thread 0x0000024ffcbe84f0 4481   !   4       java.util.concurrent.ConcurrentHashMap::computeIfAbsent (576 bytes)
Event: 34.503 Thread 0x0000024fff716680 4483       3       org.apache.catalina.core.DefaultInstanceManager::findLifecycleCallback (110 bytes)

GC Heap History (16 events):
Event: 1.213 GC heap before
{Heap before GC invocations=0 (full 0):
 garbage-first heap   total 520192K, used 24576K [0x0000000604c00000, 0x0000000800000000)
  region size 4096K, 6 young (24576K), 0 survivors (0K)
 Metaspace       used 5522K, committed 5760K, reserved 1056768K
  class space    used 645K, committed 768K, reserved 1048576K
}
Event: 1.218 GC heap after
{Heap after GC invocations=1 (full 0):
 garbage-first heap   total 520192K, used 4112K [0x0000000604c00000, 0x0000000800000000)
  region size 4096K, 1 young (4096K), 1 survivors (4096K)
 Metaspace       used 5522K, committed 5760K, reserved 1056768K
  class space    used 645K, committed 768K, reserved 1048576K
}
Event: 1.862 GC heap before
{Heap before GC invocations=1 (full 0):
 garbage-first heap   total 520192K, used 24592K [0x0000000604c00000, 0x0000000800000000)
  region size 4096K, 6 young (24576K), 1 survivors (4096K)
 Metaspace       used 9576K, committed 9856K, reserved 1064960K
  class space    used 1189K, committed 1344K, reserved 1048576K
}
Event: 1.867 GC heap after
{Heap after GC invocations=2 (full 0):
 garbage-first heap   total 520192K, used 5653K [0x0000000604c00000, 0x0000000800000000)
  region size 4096K, 1 young (4096K), 1 survivors (4096K)
 Metaspace       used 9576K, committed 9856K, reserved 1064960K
  class space    used 1189K, committed 1344K, reserved 1048576K
}
Event: 3.103 GC heap before
{Heap before GC invocations=2 (full 0):
 garbage-first heap   total 520192K, used 54805K [0x0000000604c00000, 0x0000000800000000)
  region size 4096K, 13 young (53248K), 1 survivors (4096K)
 Metaspace       used 17300K, committed 17600K, reserved 1064960K
  class space    used 2148K, committed 2304K, reserved 1048576K
}
Event: 3.107 GC heap after
{Heap after GC invocations=3 (full 0):
 garbage-first heap   total 520192K, used 8619K [0x0000000604c00000, 0x0000000800000000)
  region size 4096K, 2 young (8192K), 2 survivors (8192K)
 Metaspace       used 17300K, committed 17600K, reserved 1064960K
  class space    used 2148K, committed 2304K, reserved 1048576K
}
Event: 4.066 GC heap before
{Heap before GC invocations=3 (full 0):
 garbage-first heap   total 520192K, used 29099K [0x0000000604c00000, 0x0000000800000000)
  region size 4096K, 8 young (32768K), 2 survivors (8192K)
 Metaspace       used 21151K, committed 21504K, reserved 1073152K
  class space    used 2694K, committed 2880K, reserved 1048576K
}
Event: 4.070 GC heap after
{Heap after GC invocations=4 (full 0):
 garbage-first heap   total 520192K, used 10793K [0x0000000604c00000, 0x0000000800000000)
  region size 4096K, 2 young (8192K), 2 survivors (8192K)
 Metaspace       used 21151K, committed 21504K, reserved 1073152K
  class space    used 2694K, committed 2880K, reserved 1048576K
}
Event: 5.185 GC heap before
{Heap before GC invocations=5 (full 0):
 garbage-first heap   total 57344K, used 39465K [0x0000000604c00000, 0x0000000800000000)
  region size 4096K, 10 young (40960K), 2 survivors (8192K)
 Metaspace       used 27450K, committed 27840K, reserved 1073152K
  class space    used 3387K, committed 3584K, reserved 1048576K
}
Event: 5.192 GC heap after
{Heap after GC invocations=6 (full 0):
 garbage-first heap   total 57344K, used 13881K [0x0000000604c00000, 0x0000000800000000)
  region size 4096K, 3 young (12288K), 3 survivors (12288K)
 Metaspace       used 27450K, committed 27840K, reserved 1073152K
  class space    used 3387K, committed 3584K, reserved 1048576K
}
Event: 5.984 GC heap before
{Heap before GC invocations=6 (full 0):
 garbage-first heap   total 57344K, used 30265K [0x0000000604c00000, 0x0000000800000000)
  region size 4096K, 8 young (32768K), 3 survivors (12288K)
 Metaspace       used 30486K, committed 30912K, reserved 1081344K
  class space    used 3774K, committed 3968K, reserved 1048576K
}
Event: 5.992 GC heap after
{Heap after GC invocations=7 (full 0):
 garbage-first heap   total 57344K, used 16191K [0x0000000604c00000, 0x0000000800000000)
  region size 4096K, 1 young (4096K), 1 survivors (4096K)
 Metaspace       used 30486K, committed 30912K, reserved 1081344K
  class space    used 3774K, committed 3968K, reserved 1048576K
}
Event: 33.599 GC heap before
{Heap before GC invocations=7 (full 0):
 garbage-first heap   total 57344K, used 36671K [0x0000000604c00000, 0x0000000800000000)
  region size 4096K, 6 young (24576K), 1 survivors (4096K)
 Metaspace       used 34329K, committed 34816K, reserved 1081344K
  class space    used 4136K, committed 4352K, reserved 1048576K
}
Event: 33.603 GC heap after
{Heap after GC invocations=8 (full 0):
 garbage-first heap   total 57344K, used 16943K [0x0000000604c00000, 0x0000000800000000)
  region size 4096K, 1 young (4096K), 1 survivors (4096K)
 Metaspace       used 34329K, committed 34816K, reserved 1081344K
  class space    used 4136K, committed 4352K, reserved 1048576K
}
Event: 33.719 GC heap before
{Heap before GC invocations=8 (full 0):
 garbage-first heap   total 57344K, used 16943K [0x0000000604c00000, 0x0000000800000000)
  region size 4096K, 3 young (12288K), 1 survivors (4096K)
 Metaspace       used 35477K, committed 35968K, reserved 1081344K
  class space    used 4211K, committed 4480K, reserved 1048576K
}
Event: 33.722 GC heap after
{Heap after GC invocations=9 (full 0):
 garbage-first heap   total 57344K, used 17381K [0x0000000604c00000, 0x0000000800000000)
  region size 4096K, 1 young (4096K), 1 survivors (4096K)
 Metaspace       used 35477K, committed 35968K, reserved 1081344K
  class space    used 4211K, committed 4480K, reserved 1048576K
}

Deoptimization events (20 events):
Event: 34.260 Thread 0x0000024f81246990 Uncommon trap: trap_request=0xffffff45 fr.pc=0x0000024fe2436ed8 relative=0x0000000000000f78
Event: 34.260 Thread 0x0000024f81246990 Uncommon trap: reason=unstable_if action=reinterpret pc=0x0000024fe2436ed8 method=java.util.HashMap.putVal(ILjava/lang/Object;Ljava/lang/Object;ZZ)Ljava/lang/Object; @ 94 c2
Event: 34.260 Thread 0x0000024f81246990 DEOPT PACKING pc=0x0000024fe2436ed8 sp=0x00000098fa3fb670
Event: 34.260 Thread 0x0000024f81246990 DEOPT UNPACKING pc=0x0000024fe1ce23a3 sp=0x00000098fa3fb628 mode 2
Event: 34.270 Thread 0x0000024f81246990 Uncommon trap: trap_request=0xffffff45 fr.pc=0x0000024fe2531bcc relative=0x00000000000001ac
Event: 34.270 Thread 0x0000024f81246990 Uncommon trap: reason=unstable_if action=reinterpret pc=0x0000024fe2531bcc method=jdk.internal.util.ArraysSupport.mismatch([C[CI)I @ 59 c2
Event: 34.270 Thread 0x0000024f81246990 DEOPT PACKING pc=0x0000024fe2531bcc sp=0x00000098fa3fbbe0
Event: 34.270 Thread 0x0000024f81246990 DEOPT UNPACKING pc=0x0000024fe1ce23a3 sp=0x00000098fa3fbb28 mode 2
Event: 34.404 Thread 0x0000024f81246990 Uncommon trap: trap_request=0xffffff45 fr.pc=0x0000024fe24c1c9c relative=0x000000000000075c
Event: 34.404 Thread 0x0000024f81246990 Uncommon trap: reason=unstable_if action=reinterpret pc=0x0000024fe24c1c9c method=java.util.HashMap$HashIterator.<init>(Ljava/util/HashMap;)V @ 45 c2
Event: 34.404 Thread 0x0000024f81246990 DEOPT PACKING pc=0x0000024fe24c1c9c sp=0x00000098fa3fbfe0
Event: 34.404 Thread 0x0000024f81246990 DEOPT UNPACKING pc=0x0000024fe1ce23a3 sp=0x00000098fa3fbe90 mode 2
Event: 34.457 Thread 0x0000024f81246990 Uncommon trap: trap_request=0xffffffc6 fr.pc=0x0000024fe2352818 relative=0x0000000000002278
Event: 34.457 Thread 0x0000024f81246990 Uncommon trap: reason=bimorphic_or_optimized_type_check action=maybe_recompile pc=0x0000024fe2352818 method=java.util.HashMap.putVal(ILjava/lang/Object;Ljava/lang/Object;ZZ)Ljava/lang/Object; @ 203 c2
Event: 34.457 Thread 0x0000024f81246990 DEOPT PACKING pc=0x0000024fe2352818 sp=0x00000098fa3fc160
Event: 34.457 Thread 0x0000024f81246990 DEOPT UNPACKING pc=0x0000024fe1ce23a3 sp=0x00000098fa3fc058 mode 2
Event: 34.457 Thread 0x0000024f81246990 Uncommon trap: trap_request=0xffffffc6 fr.pc=0x0000024fe2352818 relative=0x0000000000002278
Event: 34.457 Thread 0x0000024f81246990 Uncommon trap: reason=bimorphic_or_optimized_type_check action=maybe_recompile pc=0x0000024fe2352818 method=java.util.HashMap.putVal(ILjava/lang/Object;Ljava/lang/Object;ZZ)Ljava/lang/Object; @ 203 c2
Event: 34.457 Thread 0x0000024f81246990 DEOPT PACKING pc=0x0000024fe2352818 sp=0x00000098fa3fc160
Event: 34.457 Thread 0x0000024f81246990 DEOPT UNPACKING pc=0x0000024fe1ce23a3 sp=0x00000098fa3fc058 mode 2

Classes unloaded (0 events):
No events

Classes redefined (0 events):
No events

Internal exceptions (20 events):
Event: 4.555 Thread 0x0000024f8122f960 Exception <a 'sun/nio/fs/WindowsException'{0x0000000606d364b8}> (0x0000000606d364b8) 
thrown [s\open\src\hotspot\share\prims\jni.cpp, line 516]
Event: 4.560 Thread 0x0000024f8122f960 Exception <a 'sun/nio/fs/WindowsException'{0x0000000606d36bf0}> (0x0000000606d36bf0) 
thrown [s\open\src\hotspot\share\prims\jni.cpp, line 516]
Event: 4.611 Thread 0x0000024f8122f960 Exception <a 'java/lang/NoSuchMethodError'{0x0000000606e4f9f8}: 'java.lang.Object java.lang.invoke.DirectMethodHandle$Holder.invokeSpecial(java.lang.Object, java.lang.Object, long, java.lang.Object, java.lang.Object, java.lang.Object, java.lang.Object, java.lang.Object, java.lang.Object)'> (0x0000000606e4f9f8) 
thrown [s\open\src\hotspot\share\interpreter\linkResolver.cpp, line 759]
Event: 4.611 Thread 0x0000024f8122f960 Exception <a 'java/lang/NoSuchMethodError'{0x0000000606e54520}: 'java.lang.Object java.lang.invoke.DelegatingMethodHandle$Holder.reinvoke_L(java.lang.Object, long, java.lang.Object, java.lang.Object, java.lang.Object, java.lang.Object, java.lang.Object, java.lang.Object)'> (0x0000000606e54520) 
thrown [s\open\src\hotspot\share\interpreter\linkResolver.cpp, line 759]
Event: 4.612 Thread 0x0000024f8122f960 Exception <a 'java/lang/NoSuchMethodError'{0x0000000606e611c8}: 'java.lang.Object java.lang.invoke.Invokers$Holder.linkToTargetMethod(java.lang.Object, java.lang.Object, java.lang.Object, java.lang.Object, java.lang.Object, java.lang.Object, java.lang.Object)'> (0x0000000606e611c8) 
thrown [s\open\src\hotspot\share\interpreter\linkResolver.cpp, line 759]
Event: 4.975 Thread 0x0000024f8122f960 Exception <a 'java/lang/NoSuchMethodError'{0x000000060677a3a0}: 'int java.lang.invoke.DirectMethodHandle$Holder.invokeInterface(java.lang.Object, java.lang.Object, java.lang.Object, java.lang.Object)'> (0x000000060677a3a0) 
thrown [s\open\src\hotspot\share\interpreter\linkResolver.cpp, line 759]
Event: 5.062 Thread 0x0000024f8122f960 Exception <a 'java/lang/NoSuchMethodError'{0x00000006061687f0}: 'long java.lang.invoke.DirectMethodHandle$Holder.invokeVirtual(java.lang.Object, java.lang.Object)'> (0x00000006061687f0) 
thrown [s\open\src\hotspot\share\interpreter\linkResolver.cpp, line 759]
Event: 5.075 Thread 0x0000024f8122f960 Exception <a 'java/io/FileNotFoundException'{0x00000006061a2500}> (0x00000006061a2500) 
thrown [s\open\src\hotspot\share\prims\jni.cpp, line 516]
Event: 5.415 Thread 0x0000024f8122f960 Exception <a 'java/lang/NoSuchMethodError'{0x0000000622daea80}: 'void java.lang.invoke.DirectMethodHandle$Holder.invokeVirtual(java.lang.Object, java.lang.Object, long)'> (0x0000000622daea80) 
thrown [s\open\src\hotspot\share\interpreter\linkResolver.cpp, line 759]
Event: 5.439 Thread 0x0000024f8122f960 Exception <a 'java/lang/NoSuchMethodError'{0x0000000622e749e0}: 'java.lang.Object java.lang.invoke.DirectMethodHandle$Holder.invokeSpecial(java.lang.Object, java.lang.Object, int, int, int, int)'> (0x0000000622e749e0) 
thrown [s\open\src\hotspot\share\interpreter\linkResolver.cpp, line 759]
Event: 5.671 Thread 0x0000024f8122f960 Exception <a 'java/lang/IncompatibleClassChangeError'{0x000000060746f180}: Found class java.lang.Object, but interface was expected> (0x000000060746f180) 
thrown [s\open\src\hotspot\share\interpreter\linkResolver.cpp, line 826]
Event: 5.725 Thread 0x0000024f8122f960 Exception <a 'java/lang/NoSuchMethodError'{0x00000006075d7480}: 'int java.lang.invoke.DirectMethodHandle$Holder.invokeStaticInit(java.lang.Object, java.lang.Object, java.lang.Object, java.lang.Object)'> (0x00000006075d7480) 
thrown [s\open\src\hotspot\share\interpreter\linkResolver.cpp, line 759]
Event: 5.864 Thread 0x0000024f8122f960 Exception <a 'java/lang/NoSuchMethodError'{0x00000006070578a8}: 'java.lang.Object java.lang.invoke.DirectMethodHandle$Holder.newInvokeSpecial(java.lang.Object, java.lang.Object, int, java.lang.Object, java.lang.Object)'> (0x00000006070578a8) 
thrown [s\open\src\hotspot\share\interpreter\linkResolver.cpp, line 759]
Event: 5.866 Thread 0x0000024f8122f960 Exception <a 'java/lang/NoSuchMethodError'{0x0000000607062f20}: 'java.lang.Object java.lang.invoke.DirectMethodHandle$Holder.invokeSpecial(java.lang.Object, java.lang.Object, int, java.lang.Object, int, java.lang.Object)'> (0x0000000607062f20) 
thrown [s\open\src\hotspot\share\interpreter\linkResolver.cpp, line 759]
Event: 5.867 Thread 0x0000024f8122f960 Exception <a 'java/lang/NoSuchMethodError'{0x000000060706afd0}: 'java.lang.Object java.lang.invoke.DirectMethodHandle$Holder.newInvokeSpecial(java.lang.Object, java.lang.Object, int, java.lang.Object, int)'> (0x000000060706afd0) 
thrown [s\open\src\hotspot\share\interpreter\linkResolver.cpp, line 759]
Event: 5.867 Thread 0x0000024f8122f960 Exception <a 'java/lang/NoSuchMethodError'{0x000000060706f0d0}: 'java.lang.Object java.lang.invoke.DirectMethodHandle$Holder.invokeSpecial(java.lang.Object, java.lang.Object, java.lang.Object, int, java.lang.Object, int)'> (0x000000060706f0d0) 
thrown [s\open\src\hotspot\share\interpreter\linkResolver.cpp, line 759]
Event: 32.920 Thread 0x0000024f81246990 Exception <a 'java/lang/NoSuchMethodError'{0x00000006247fc490}: 'java.lang.Object java.lang.invoke.DirectMethodHandle$Holder.invokeSpecial(java.lang.Object, java.lang.Object, java.lang.Object, java.lang.Object, java.lang.Object, long)'> (0x00000006247fc490) 
thrown [s\open\src\hotspot\share\interpreter\linkResolver.cpp, line 759]
Event: 32.921 Thread 0x0000024f81246990 Exception <a 'java/lang/NoSuchMethodError'{0x0000000622c00920}: 'java.lang.Object java.lang.invoke.Invokers$Holder.linkToTargetMethod(java.lang.Object, java.lang.Object, java.lang.Object, long, java.lang.Object)'> (0x0000000622c00920) 
thrown [s\open\src\hotspot\share\interpreter\linkResolver.cpp, line 759]
Event: 32.994 Thread 0x0000024f81246990 Exception <a 'java/lang/NoSuchMethodError'{0x0000000622d304e0}: getSession> (0x0000000622d304e0) 
thrown [s\open\src\hotspot\share\prims\jni.cpp, line 1073]
Event: 34.427 Thread 0x0000024f81246990 Exception <a 'java/lang/NoSuchMethodError'{0x0000000606e3b480}: 'int java.lang.invoke.DirectMethodHandle$Holder.invokeStatic(java.lang.Object, int, java.lang.Object)'> (0x0000000606e3b480) 
thrown [s\open\src\hotspot\share\interpreter\linkResolver.cpp, line 759]

VM Operations (20 events):
Event: 33.356 Executing VM operation: HandshakeAllThreads
Event: 33.356 Executing VM operation: HandshakeAllThreads done
Event: 33.599 Executing VM operation: G1CollectForAllocation
Event: 33.603 Executing VM operation: G1CollectForAllocation done
Event: 33.719 Executing VM operation: CollectForMetadataAllocation
Event: 33.722 Executing VM operation: CollectForMetadataAllocation done
Event: 33.736 Executing VM operation: G1Concurrent
Event: 33.738 Executing VM operation: G1Concurrent done
Event: 33.745 Executing VM operation: G1Concurrent
Event: 33.745 Executing VM operation: G1Concurrent done
Event: 34.159 Executing VM operation: HandshakeAllThreads
Event: 34.159 Executing VM operation: HandshakeAllThreads done
Event: 34.498 Executing VM operation: ChangeBreakpoints
Event: 34.499 Executing VM operation: ChangeBreakpoints done
Event: 34.499 Executing VM operation: ChangeBreakpoints
Event: 34.500 Executing VM operation: ChangeBreakpoints done
Event: 34.504 Executing VM operation: get/set locals
Event: 34.504 Executing VM operation: get/set locals done
Event: 34.504 Executing VM operation: get/set locals
Event: 34.504 Executing VM operation: get/set locals done

Events (20 events):
Event: 34.131 loading class jdk/internal/jimage/ImageBufferCache$1
Event: 34.131 loading class jdk/internal/jimage/ImageBufferCache$1 done
Event: 34.131 loading class jdk/internal/jimage/ImageBufferCache$2
Event: 34.131 loading class jdk/internal/jimage/ImageBufferCache$2 done
Event: 34.131 loading class java/util/AbstractMap$SimpleEntry
Event: 34.131 loading class java/util/AbstractMap$SimpleEntry done
Event: 34.141 loading class java/text/MessageFormat$Field
Event: 34.141 loading class java/text/MessageFormat$Field done
Event: 34.172 loading class java/util/stream/ReferencePipeline$4
Event: 34.173 loading class java/util/stream/ReferencePipeline$4 done
Event: 34.173 loading class java/util/stream/Nodes$IntFixedNodeBuilder
Event: 34.173 loading class java/util/stream/Node$Builder$OfInt
Event: 34.174 loading class java/util/stream/Node$Builder$OfInt done
Event: 34.174 loading class java/util/stream/Nodes$IntArrayNode
Event: 34.174 loading class java/util/stream/Nodes$IntArrayNode done
Event: 34.174 loading class java/util/stream/Nodes$IntFixedNodeBuilder done
Event: 34.174 loading class java/util/stream/ReferencePipeline$4$1
Event: 34.174 loading class java/util/stream/ReferencePipeline$4$1 done
Event: 34.459 loading class java/util/Hashtable$ValueCollection
Event: 34.459 loading class java/util/Hashtable$ValueCollection done


Dynamic libraries:
0x00007ff60f370000 - 0x00007ff60f380000 	C:\Program Files\Java\jdk-17\bin\javaw.exe
0x0000024fd09d0000 - 0x0000024fd0bc8000 	C:\Windows\SYSTEM32\ntd1l.dll
0x0000024fd08a0000 - 0x0000024fd095f000 	C:\Windows\System32\kern3l32.dll
0x00007ffa894b0000 - 0x00007ffa896a8000 	C:\Windows\SYSTEM32\ntdll.dll
0x00007ffa88c00000 - 0x00007ffa88cbf000 	C:\Windows\System32\KERNEL32.DLL
0x00007ffa86f70000 - 0x00007ffa87266000 	C:\Windows\System32\KERNELBASE.dll
0x00007ffa866d0000 - 0x00007ffa86937000 	C:\Program Files\SentinelOne\Sentinel Agent 22.3.4.612\InProcessClient64.dll
0x00007ffa88290000 - 0x00007ffa8833f000 	C:\Windows\System32\ADVAPI32.dll
0x00007ffa88b60000 - 0x00007ffa88bfe000 	C:\Windows\System32\msvcrt.dll
0x00007ffa88ab0000 - 0x00007ffa88b4c000 	C:\Windows\System32\sechost.dll
0x00007ffa87ea0000 - 0x00007ffa87fc6000 	C:\Windows\System32\RPCRT4.dll
0x00007ffa872f0000 - 0x00007ffa873f0000 	C:\Windows\System32\ucrtbase.dll
0x00007ffa6d020000 - 0x00007ffa6d039000 	C:\Program Files\Java\jdk-17\bin\jli.dll
0x00007ffa6dad0000 - 0x00007ffa6daeb000 	C:\Program Files\Java\jdk-17\bin\VCRUNTIME140.dll
0x00007ffa880f0000 - 0x00007ffa8828d000 	C:\Windows\System32\USER32.dll
0x00007ffa86e00000 - 0x00007ffa86e22000 	C:\Windows\System32\win32u.dll
0x00007ffa73a40000 - 0x00007ffa73cda000 	C:\Windows\WinSxS\amd64_microsoft.windows.common-controls_6595b64144ccf1df_6.0.19041.1110_none_60b5254171f9507e\COMCTL32.dll
0x00007ffa87510000 - 0x00007ffa8753c000 	C:\Windows\System32\GDI32.dll
0x00007ffa873f0000 - 0x00007ffa87505000 	C:\Windows\System32\gdi32full.dll
0x00007ffa86d60000 - 0x00007ffa86dfd000 	C:\Windows\System32\msvcp_win.dll
0x00007ffa866c0000 - 0x00007ffa866ca000 	C:\Windows\SYSTEM32\VERSION.dll
0x00007ffa880b0000 - 0x00007ffa880e0000 	C:\Windows\System32\IMM32.DLL
0x00007ffa852b0000 - 0x00007ffa85432000 	C:\Program Files\Avecto\Privilege Guard Client\PGHook.dll
0x00007ffa83d30000 - 0x00007ffa83d3c000 	C:\Program Files\Java\jdk-17\bin\vcruntime140_1.dll
0x00007ffa4b4a0000 - 0x00007ffa4b52e000 	C:\Program Files\Java\jdk-17\bin\msvcp140.dll
0x00007ff9ab500000 - 0x00007ff9ac0dd000 	C:\Program Files\Java\jdk-17\bin\server\jvm.dll
0x00007ffa88040000 - 0x00007ffa88048000 	C:\Windows\System32\PSAPI.DLL
0x00007ffa6db60000 - 0x00007ffa6db69000 	C:\Windows\SYSTEM32\WSOCK32.dll
0x00007ffa87fd0000 - 0x00007ffa8803b000 	C:\Windows\System32\WS2_32.dll
0x00007ffa77120000 - 0x00007ffa77147000 	C:\Windows\SYSTEM32\WINMM.dll
0x00007ffa84e20000 - 0x00007ffa84e32000 	C:\Windows\SYSTEM32\kernel.appcore.dll
0x00007ffa83ce0000 - 0x00007ffa83cea000 	C:\Program Files\Java\jdk-17\bin\jimage.dll
0x00007ffa83aa0000 - 0x00007ffa83c84000 	C:\Windows\SYSTEM32\DBGHELP.DLL
0x00007ffa65200000 - 0x00007ffa65234000 	C:\Windows\SYSTEM32\dbgcore.DLL
0x00007ffa86e30000 - 0x00007ffa86eb2000 	C:\Windows\System32\bcryptPrimitives.dll
0x00007ffa6d140000 - 0x00007ffa6d1c0000 	C:\Program Files\SentinelOne\Sentinel Agent 22.3.4.612\SentinelJava64.dll
0x00007ffa87540000 - 0x00007ffa8766a000 	C:\Windows\System32\ole32.dll
0x00007ffa87910000 - 0x00007ffa87c64000 	C:\Windows\System32\combase.dll
0x00007ffa6ce10000 - 0x00007ffa6ce35000 	C:\Program Files\Java\jdk-17\bin\java.dll
0x00007ffa30af0000 - 0x00007ffa30bc7000 	C:\Program Files\Java\jdk-17\bin\jsvml.dll
0x00007ffa88340000 - 0x00007ffa88a84000 	C:\Windows\System32\SHELL32.dll
0x00007ffa84680000 - 0x00007ffa84e13000 	C:\Windows\SYSTEM32\windows.storage.dll
0x00007ffa86370000 - 0x00007ffa8639e000 	C:\Windows\SYSTEM32\Wldp.dll
0x0000024fffb90000 - 0x0000024fffc3d000 	C:\Windows\System32\SHCORE.dll
0x00007ffa88df0000 - 0x00007ffa88e45000 	C:\Windows\System32\shlwapi.dll
0x00007ffa86ad0000 - 0x00007ffa86aef000 	C:\Windows\SYSTEM32\profapi.dll
0x00007ffa79050000 - 0x00007ffa79069000 	C:\Program Files\Java\jdk-17\bin\net.dll
0x00007ffa85900000 - 0x00007ffa85a0a000 	C:\Windows\SYSTEM32\WINHTTP.dll
0x00007ffa860d0000 - 0x00007ffa8613a000 	C:\Windows\system32\mswsock.dll
0x00007ffa721e0000 - 0x00007ffa721f6000 	C:\Program Files\Java\jdk-17\bin\nio.dll
0x00007ffa52310000 - 0x00007ffa52328000 	C:\Program Files\Java\jdk-17\bin\zip.dll
0x00007ffa81c50000 - 0x00007ffa81c5a000 	C:\Program Files\Java\jdk-17\bin\management.dll
0x00007ffa81bb0000 - 0x00007ffa81bbb000 	C:\Program Files\Java\jdk-17\bin\management_ext.dll
0x00007ffa862c0000 - 0x00007ffa862d8000 	C:\Windows\SYSTEM32\CRYPTSP.dll
0x00007ffa85870000 - 0x00007ffa858a4000 	C:\Windows\system32\rsaenh.dll
0x00007ffa872c0000 - 0x00007ffa872e7000 	C:\Windows\System32\bcrypt.dll
0x00007ffa86a90000 - 0x00007ffa86abe000 	C:\Windows\SYSTEM32\USERENV.dll
0x00007ffa862e0000 - 0x00007ffa862ec000 	C:\Windows\SYSTEM32\CRYPTBASE.dll
0x00007ffa85d70000 - 0x00007ffa85dac000 	C:\Windows\SYSTEM32\IPHLPAPI.DLL
0x00007ffa88b50000 - 0x00007ffa88b58000 	C:\Windows\System32\NSI.dll
0x00007ffa7ced0000 - 0x00007ffa7cee7000 	C:\Windows\SYSTEM32\dhcpcsvc6.DLL
0x00007ffa7cc00000 - 0x00007ffa7cc1d000 	C:\Windows\SYSTEM32\dhcpcsvc.DLL
0x00007ffa85dc0000 - 0x00007ffa85e8b000 	C:\Windows\SYSTEM32\DNSAPI.dll
0x00007ffa6d6e0000 - 0x00007ffa6d6ed000 	C:\Program Files\Java\jdk-17\bin\sunmscapi.dll
0x00007ffa86c00000 - 0x00007ffa86d5e000 	C:\Windows\System32\CRYPT32.dll
0x00007ffa863e0000 - 0x00007ffa86408000 	C:\Windows\SYSTEM32\ncrypt.dll
0x00007ffa863a0000 - 0x00007ffa863db000 	C:\Windows\SYSTEM32\NTASN1.dll
0x00007ffa4d6b0000 - 0x00007ffa4d6b7000 	C:\Windows\system32\wshunix.dll

dbghelp: loaded successfully - version: 4.0.5 - missing functions: none
symbol engine: initialized successfully - sym options: 0x614 - pdb path: .;C:\Program Files\Java\jdk-17\bin;C:\Windows\SYSTEM32;C:\Program Files\SentinelOne\Sentinel Agent 22.3.4.612;C:\Windows\WinSxS\amd64_microsoft.windows.common-controls_6595b64144ccf1df_6.0.19041.1110_none_60b5254171f9507e;C:\Program Files\Avecto\Privilege Guard Client;C:\Program Files\Java\jdk-17\bin\server

VM Arguments:
jvm_args: -Dfile.encoding=UTF-8 -XX:+ShowCodeDetailsInExceptionMessages -agentpath:C:\Program Files\SentinelOne\Sentinel Agent 22.3.4.612\SentinelJava64.dll 
java_command: com.project.springboot.myfirstwebapp.MyfirstwebappApplication
java_class_path (initial): C:\Users\aditya.kumar\OneDrive - Hansen Technologies Limited\Desktop\Studies\SprintBoot\myfirstwebapp\target\classes;C:\Users\aditya.kumar\.m2\repository\org\springframework\boot\spring-boot-starter-web\3.1.0\spring-boot-starter-web-3.1.0.jar;C:\Users\aditya.kumar\.m2\repository\org\springframework\boot\spring-boot-starter\3.1.0\spring-boot-starter-3.1.0.jar;C:\Users\aditya.kumar\.m2\repository\org\springframework\boot\spring-boot-starter-logging\3.1.0\spring-boot-starter-logging-3.1.0.jar;C:\Users\aditya.kumar\.m2\repository\ch\qos\logback\logback-classic\1.4.7\logback-classic-1.4.7.jar;C:\Users\aditya.kumar\.m2\repository\ch\qos\logback\logback-core\1.4.7\logback-core-1.4.7.jar;C:\Users\aditya.kumar\.m2\repository\org\apache\logging\log4j\log4j-to-slf4j\2.20.0\log4j-to-slf4j-2.20.0.jar;C:\Users\aditya.kumar\.m2\repository\org\apache\logging\log4j\log4j-api\2.20.0\log4j-api-2.20.0.jar;C:\Users\aditya.kumar\.m2\repository\org\slf4j\jul-to-slf4j\2.0.7\jul-to-slf4j-2.0.7.jar;C:\Users\aditya.kumar\.m2\repository\jakarta\annotation\jakarta.annotation-api\2.1.1\jakarta.annotation-api-2.1.1.jar;C:\Users\aditya.kumar\.m2\repository\org\yaml\snakeyaml\1.33\snakeyaml-1.33.jar;C:\Users\aditya.kumar\.m2\repository\org\springframework\boot\spring-boot-starter-json\3.1.0\spring-boot-starter-json-3.1.0.jar;C:\Users\aditya.kumar\.m2\repository\com\fasterxml\jackson\core\jackson-databind\2.15.0\jackson-databind-2.15.0.jar;C:\Users\aditya.kumar\.m2\repository\com\fasterxml\jackson\core\jackson-annotations\2.15.0\jackson-annotations-2.15.0.jar;C:\Users\aditya.kumar\.m2\repository\com\fasterxml\jackson\core\jackson-core\2.15.0\jackson-core-2.15.0.jar;C:\Users\aditya.kumar\.m2\repository\com\fasterxml\jackson\datatype\jackson-datatype-jdk8\2.15.0\jackson-datatype-jdk8-2.15.0.jar;C:\Users\aditya.kumar\.m2\repository\com\fasterxml\jackson\datatype\jackson-datatype-jsr310\2.15.0\jackson-datatype-jsr310-2.15.0.jar;C:\Users\aditya.kumar\.m2\repository\com\faster
Launcher Type: SUN_STANDARD

[Global flags]
     intx CICompilerCount                          = 4                                         {product} {ergonomic}
     uint ConcGCThreads                            = 3                                         {product} {ergonomic}
     uint G1ConcRefinementThreads                  = 10                                        {product} {ergonomic}
   size_t G1HeapRegionSize                         = 4194304                                   {product} {ergonomic}
    uintx GCDrainStackTargetSize                   = 64                                        {product} {ergonomic}
   size_t InitialHeapSize                          = 532676608                                 {product} {ergonomic}
   size_t MarkStackSize                            = 4194304                                   {product} {ergonomic}
   size_t MaxHeapSize                              = 8510242816                                {product} {ergonomic}
   size_t MaxNewSize                               = 5104467968                                {product} {ergonomic}
   size_t MinHeapDeltaBytes                        = 4194304                                   {product} {ergonomic}
   size_t MinHeapSize                              = 8388608                                   {product} {ergonomic}
    uintx NonNMethodCodeHeapSize                   = 5839372                                {pd product} {ergonomic}
    uintx NonProfiledCodeHeapSize                  = 122909434                              {pd product} {ergonomic}
    uintx ProfiledCodeHeapSize                     = 122909434                              {pd product} {ergonomic}
    uintx ReservedCodeCacheSize                    = 251658240                              {pd product} {ergonomic}
     bool SegmentedCodeCache                       = true                                      {product} {ergonomic}
     bool ShowCodeDetailsInExceptionMessages       = true                                   {manageable} {command line}
   size_t SoftMaxHeapSize                          = 8510242816                             {manageable} {ergonomic}
     bool UseCompressedClassPointers               = true                           {product lp64_product} {ergonomic}
     bool UseCompressedOops                        = true                           {product lp64_product} {ergonomic}
     bool UseG1GC                                  = true                                      {product} {ergonomic}
     bool UseLargePagesIndividualAllocation        = false                                  {pd product} {ergonomic}

Logging:
Log output configuration:
 #0: stdout all=warning uptime,level,tags
 #1: stderr all=off uptime,level,tags

Environment Variables:
JAVA_HOME=C:\Program Files\Java\jdk1.8.0_202
PATH=C:/Program Files (x86)/Java/jdk-19/bin/server;C:/Program Files (x86)/Java/jdk-19/bin;C:\Program Files (x86)\Common Files\Oracle\Java\javapath;C:\Windows\system32;C:\Windows;C:\Windows\System32\Wbem;C:\Windows\System32\WindowsPowerShell\v1.0\;C:\Windows\System32\OpenSSH\;C:\Program Files\dotnet\;C:\Program Files\Java\jdk1.8.0_202\bin;C:\Program Files\apache-maven-3.8.6\bin;C:\Program Files\PuTTY\;C:\Program Files\Git\cmd;C:\Program Files\Java\jdk-17\bin;C:\Program Files (x86)\Java\jdk-19\bin;C:\Users\aditya.kumar\AppData\Local\Microsoft\WindowsApps;;C:\Users\aditya.kumar\OneDrive - Hansen Technologies Limited\Desktop\Studies;
USERNAME=Aditya.Kumar
OS=Windows_NT
PROCESSOR_IDENTIFIER=Intel64 Family 6 Model 154 Stepping 4, GenuineIntel



---------------  S Y S T E M  ---------------

OS:
 Windows 10 , 64 bit Build 19041 (10.0.19041.2913)
OS uptime: 12 days 22:16 hours

CPU: total 12 (initial active 12) (12 cores per cpu, 1 threads per core) family 6 model 154 stepping 4 microcode 0x429, cx8, cmov, fxsr, mmx, 3dnowpref, sse, sse2, sse3, ssse3, sse4.1, sse4.2, popcnt, lzcnt, tsc, tscinvbit, avx, avx2, aes, erms, clmul, bmi1, bmi2, adx, sha, fma, vzeroupper, clflush, clflushopt, clwb

Memory: 4k page, system-wide physical 32452M (13099M free)
TotalPageFile size 37316M (AvailPageFile size 8129M)
current process WorkingSet (physical memory assigned to process): 186M, peak: 212M
current process commit charge ("private bytes"): 225M, peak: 720M

vm_info: Java HotSpot(TM) 64-Bit Server VM (17.0.7+8-LTS-224) for windows-amd64 JRE (17.0.7+8-LTS-224), built on Feb 28 2023 23:03:02 by "mach5one" with MS VC++ 17.1 (VS2022)

END.
